[2024-11-25T13:34:34.315+0000] {local_task_job_runner.py:120} INFO - ::group::Pre task execution logs
[2024-11-25T13:34:34.412+0000] {taskinstance.py:2076} INFO - Dependencies all met for dep_context=non-requeueable deps ti=<TaskInstance: weather-forecast-dag.extract scheduled__2024-11-25T07:00:00+00:00 [queued]>
[2024-11-25T13:34:34.447+0000] {taskinstance.py:2076} INFO - Dependencies all met for dep_context=requeueable deps ti=<TaskInstance: weather-forecast-dag.extract scheduled__2024-11-25T07:00:00+00:00 [queued]>
[2024-11-25T13:34:34.448+0000] {taskinstance.py:2306} INFO - Starting attempt 1 of 2
[2024-11-25T13:34:34.522+0000] {taskinstance.py:2330} INFO - Executing <Task(PythonOperator): extract> on 2024-11-25 07:00:00+00:00
[2024-11-25T13:34:34.535+0000] {logging_mixin.py:188} WARNING - /home/airflow/.local/lib/python3.12/site-packages/airflow/task/task_runner/standard_task_runner.py:61 DeprecationWarning: This process (pid=197) is multi-threaded, use of fork() may lead to deadlocks in the child.
[2024-11-25T13:34:34.537+0000] {standard_task_runner.py:63} INFO - Started process 212 to run task
[2024-11-25T13:34:34.534+0000] {standard_task_runner.py:90} INFO - Running: ['airflow', 'tasks', 'run', 'weather-forecast-dag', 'extract', 'scheduled__2024-11-25T07:00:00+00:00', '--job-id', '9', '--raw', '--subdir', 'DAGS_FOLDER/weather_pipeline.py', '--cfg-path', '/tmp/tmpgnl4snyc']
[2024-11-25T13:34:34.539+0000] {standard_task_runner.py:91} INFO - Job 9: Subtask extract
[2024-11-25T13:34:34.568+0000] {logging_mixin.py:188} WARNING - /home/airflow/.local/lib/python3.12/site-packages/airflow/settings.py:195 DeprecationWarning: The sql_alchemy_conn option in [core] has been moved to the sql_alchemy_conn option in [database] - the old setting has been used, but please update your config.
[2024-11-25T13:34:34.637+0000] {task_command.py:426} INFO - Running <TaskInstance: weather-forecast-dag.extract scheduled__2024-11-25T07:00:00+00:00 [running]> on host 8a6a192a668b
[2024-11-25T13:34:34.822+0000] {taskinstance.py:2648} INFO - Exporting env vars: AIRFLOW_CTX_DAG_OWNER='Urbain ZE' AIRFLOW_CTX_DAG_ID='weather-forecast-dag' AIRFLOW_CTX_TASK_ID='extract' AIRFLOW_CTX_EXECUTION_DATE='2024-11-25T07:00:00+00:00' AIRFLOW_CTX_TRY_NUMBER='1' AIRFLOW_CTX_DAG_RUN_ID='scheduled__2024-11-25T07:00:00+00:00'
[2024-11-25T13:34:34.825+0000] {taskinstance.py:430} INFO - ::endgroup::
[2024-11-25T13:34:35.670+0000] {python.py:237} INFO - Done. Returned value was: None
[2024-11-25T13:34:35.672+0000] {taskinstance.py:441} INFO - ::group::Post task execution logs
[2024-11-25T13:34:35.687+0000] {taskinstance.py:1206} INFO - Marking task as SUCCESS. dag_id=weather-forecast-dag, task_id=extract, run_id=scheduled__2024-11-25T07:00:00+00:00, execution_date=20241125T070000, start_date=20241125T133434, end_date=20241125T133435
[2024-11-25T13:34:35.727+0000] {local_task_job_runner.py:240} INFO - Task exited with return code 0
[2024-11-25T13:34:35.782+0000] {taskinstance.py:3498} INFO - 1 downstream tasks scheduled from follow-on schedule check
[2024-11-25T13:34:35.789+0000] {local_task_job_runner.py:222} INFO - ::endgroup::
[2024-11-25T13:48:19.460+0000] {local_task_job_runner.py:120} INFO - ::group::Pre task execution logs
[2024-11-25T13:48:19.507+0000] {taskinstance.py:2076} INFO - Dependencies all met for dep_context=non-requeueable deps ti=<TaskInstance: weather-forecast-dag.extract scheduled__2024-11-25T07:00:00+00:00 [queued]>
[2024-11-25T13:48:19.525+0000] {taskinstance.py:2076} INFO - Dependencies all met for dep_context=requeueable deps ti=<TaskInstance: weather-forecast-dag.extract scheduled__2024-11-25T07:00:00+00:00 [queued]>
[2024-11-25T13:48:19.526+0000] {taskinstance.py:2306} INFO - Starting attempt 1 of 2
[2024-11-25T13:48:19.846+0000] {taskinstance.py:2330} INFO - Executing <Task(PythonOperator): extract> on 2024-11-25 07:00:00+00:00
[2024-11-25T13:48:19.859+0000] {logging_mixin.py:188} WARNING - /home/airflow/.local/lib/python3.12/site-packages/airflow/task/task_runner/standard_task_runner.py:61 DeprecationWarning: This process (pid=199) is multi-threaded, use of fork() may lead to deadlocks in the child.
[2024-11-25T13:48:19.859+0000] {standard_task_runner.py:90} INFO - Running: ['airflow', 'tasks', 'run', 'weather-forecast-dag', 'extract', 'scheduled__2024-11-25T07:00:00+00:00', '--job-id', '9', '--raw', '--subdir', 'DAGS_FOLDER/weather_pipeline.py', '--cfg-path', '/tmp/tmpq4dm9tsp']
[2024-11-25T13:48:19.861+0000] {standard_task_runner.py:63} INFO - Started process 215 to run task
[2024-11-25T13:48:19.862+0000] {standard_task_runner.py:91} INFO - Job 9: Subtask extract
[2024-11-25T13:48:19.885+0000] {logging_mixin.py:188} WARNING - /home/airflow/.local/lib/python3.12/site-packages/airflow/settings.py:195 DeprecationWarning: The sql_alchemy_conn option in [core] has been moved to the sql_alchemy_conn option in [database] - the old setting has been used, but please update your config.
[2024-11-25T13:48:19.946+0000] {task_command.py:426} INFO - Running <TaskInstance: weather-forecast-dag.extract scheduled__2024-11-25T07:00:00+00:00 [running]> on host 4f4780ae54ec
[2024-11-25T13:48:20.106+0000] {taskinstance.py:2648} INFO - Exporting env vars: AIRFLOW_CTX_DAG_OWNER='Urbain ZE' AIRFLOW_CTX_DAG_ID='weather-forecast-dag' AIRFLOW_CTX_TASK_ID='extract' AIRFLOW_CTX_EXECUTION_DATE='2024-11-25T07:00:00+00:00' AIRFLOW_CTX_TRY_NUMBER='1' AIRFLOW_CTX_DAG_RUN_ID='scheduled__2024-11-25T07:00:00+00:00'
[2024-11-25T13:48:20.108+0000] {taskinstance.py:430} INFO - ::endgroup::
[2024-11-25T13:48:20.775+0000] {python.py:237} INFO - Done. Returned value was: None
[2024-11-25T13:48:20.777+0000] {taskinstance.py:441} INFO - ::group::Post task execution logs
[2024-11-25T13:48:20.792+0000] {taskinstance.py:1206} INFO - Marking task as SUCCESS. dag_id=weather-forecast-dag, task_id=extract, run_id=scheduled__2024-11-25T07:00:00+00:00, execution_date=20241125T070000, start_date=20241125T134819, end_date=20241125T134820
[2024-11-25T13:48:20.882+0000] {local_task_job_runner.py:240} INFO - Task exited with return code 0
[2024-11-25T13:48:20.911+0000] {taskinstance.py:3498} INFO - 1 downstream tasks scheduled from follow-on schedule check
[2024-11-25T13:48:20.915+0000] {local_task_job_runner.py:222} INFO - ::endgroup::
[2024-11-25T16:19:17.838+0000] {local_task_job_runner.py:120} INFO - ::group::Pre task execution logs
[2024-11-25T16:19:17.894+0000] {taskinstance.py:2076} INFO - Dependencies all met for dep_context=non-requeueable deps ti=<TaskInstance: weather-forecast-dag.extract scheduled__2024-11-25T07:00:00+00:00 [queued]>
[2024-11-25T16:19:17.911+0000] {taskinstance.py:2076} INFO - Dependencies all met for dep_context=requeueable deps ti=<TaskInstance: weather-forecast-dag.extract scheduled__2024-11-25T07:00:00+00:00 [queued]>
[2024-11-25T16:19:17.916+0000] {taskinstance.py:2306} INFO - Starting attempt 1 of 2
[2024-11-25T16:19:18.154+0000] {taskinstance.py:2330} INFO - Executing <Task(PythonOperator): extract> on 2024-11-25 07:00:00+00:00
[2024-11-25T16:19:18.170+0000] {logging_mixin.py:188} WARNING - /home/airflow/.local/lib/python3.12/site-packages/airflow/task/task_runner/standard_task_runner.py:61 DeprecationWarning: This process (pid=224) is multi-threaded, use of fork() may lead to deadlocks in the child.
[2024-11-25T16:19:18.172+0000] {standard_task_runner.py:63} INFO - Started process 239 to run task
[2024-11-25T16:19:18.170+0000] {standard_task_runner.py:90} INFO - Running: ['airflow', 'tasks', 'run', 'weather-forecast-dag', 'extract', 'scheduled__2024-11-25T07:00:00+00:00', '--job-id', '9', '--raw', '--subdir', 'DAGS_FOLDER/weather_pipeline.py', '--cfg-path', '/tmp/tmpzv7ymred']
[2024-11-25T16:19:18.173+0000] {standard_task_runner.py:91} INFO - Job 9: Subtask extract
[2024-11-25T16:19:18.200+0000] {logging_mixin.py:188} WARNING - /home/airflow/.local/lib/python3.12/site-packages/airflow/settings.py:195 DeprecationWarning: The sql_alchemy_conn option in [core] has been moved to the sql_alchemy_conn option in [database] - the old setting has been used, but please update your config.
[2024-11-25T16:19:18.270+0000] {task_command.py:426} INFO - Running <TaskInstance: weather-forecast-dag.extract scheduled__2024-11-25T07:00:00+00:00 [running]> on host 9c7ea2cc0f0f
[2024-11-25T16:19:18.411+0000] {taskinstance.py:2648} INFO - Exporting env vars: AIRFLOW_CTX_DAG_OWNER='Urbain ZE' AIRFLOW_CTX_DAG_ID='weather-forecast-dag' AIRFLOW_CTX_TASK_ID='extract' AIRFLOW_CTX_EXECUTION_DATE='2024-11-25T07:00:00+00:00' AIRFLOW_CTX_TRY_NUMBER='1' AIRFLOW_CTX_DAG_RUN_ID='scheduled__2024-11-25T07:00:00+00:00'
[2024-11-25T16:19:18.413+0000] {taskinstance.py:430} INFO - ::endgroup::
[2024-11-25T16:19:19.205+0000] {python.py:237} INFO - Done. Returned value was: None
[2024-11-25T16:19:19.206+0000] {taskinstance.py:441} INFO - ::group::Post task execution logs
[2024-11-25T16:19:19.216+0000] {taskinstance.py:1206} INFO - Marking task as SUCCESS. dag_id=weather-forecast-dag, task_id=extract, run_id=scheduled__2024-11-25T07:00:00+00:00, execution_date=20241125T070000, start_date=20241125T161917, end_date=20241125T161919
[2024-11-25T16:19:19.312+0000] {local_task_job_runner.py:240} INFO - Task exited with return code 0
[2024-11-25T16:19:19.339+0000] {taskinstance.py:3498} INFO - 1 downstream tasks scheduled from follow-on schedule check
[2024-11-25T16:19:19.402+0000] {local_task_job_runner.py:222} INFO - ::endgroup::
[2024-11-25T16:30:05.628+0000] {local_task_job_runner.py:120} INFO - ::group::Pre task execution logs
[2024-11-25T16:30:05.664+0000] {taskinstance.py:2076} INFO - Dependencies all met for dep_context=non-requeueable deps ti=<TaskInstance: weather-forecast-dag.extract scheduled__2024-11-25T07:00:00+00:00 [queued]>
[2024-11-25T16:30:05.676+0000] {taskinstance.py:2076} INFO - Dependencies all met for dep_context=requeueable deps ti=<TaskInstance: weather-forecast-dag.extract scheduled__2024-11-25T07:00:00+00:00 [queued]>
[2024-11-25T16:30:05.678+0000] {taskinstance.py:2306} INFO - Starting attempt 1 of 2
[2024-11-25T16:30:05.704+0000] {taskinstance.py:2330} INFO - Executing <Task(PythonOperator): extract> on 2024-11-25 07:00:00+00:00
[2024-11-25T16:30:05.718+0000] {logging_mixin.py:188} WARNING - /home/airflow/.local/lib/python3.12/site-packages/airflow/task/task_runner/standard_task_runner.py:61 DeprecationWarning: This process (pid=201) is multi-threaded, use of fork() may lead to deadlocks in the child.
[2024-11-25T16:30:05.720+0000] {standard_task_runner.py:63} INFO - Started process 214 to run task
[2024-11-25T16:30:05.719+0000] {standard_task_runner.py:90} INFO - Running: ['airflow', 'tasks', 'run', 'weather-forecast-dag', 'extract', 'scheduled__2024-11-25T07:00:00+00:00', '--job-id', '9', '--raw', '--subdir', 'DAGS_FOLDER/weather_pipeline.py', '--cfg-path', '/tmp/tmplvblabg5']
[2024-11-25T16:30:05.722+0000] {standard_task_runner.py:91} INFO - Job 9: Subtask extract
[2024-11-25T16:30:05.751+0000] {logging_mixin.py:188} WARNING - /home/airflow/.local/lib/python3.12/site-packages/airflow/settings.py:195 DeprecationWarning: The sql_alchemy_conn option in [core] has been moved to the sql_alchemy_conn option in [database] - the old setting has been used, but please update your config.
[2024-11-25T16:30:05.803+0000] {task_command.py:426} INFO - Running <TaskInstance: weather-forecast-dag.extract scheduled__2024-11-25T07:00:00+00:00 [running]> on host eebbb4b46189
[2024-11-25T16:30:05.914+0000] {taskinstance.py:2648} INFO - Exporting env vars: AIRFLOW_CTX_DAG_OWNER='Urbain ZE' AIRFLOW_CTX_DAG_ID='weather-forecast-dag' AIRFLOW_CTX_TASK_ID='extract' AIRFLOW_CTX_EXECUTION_DATE='2024-11-25T07:00:00+00:00' AIRFLOW_CTX_TRY_NUMBER='1' AIRFLOW_CTX_DAG_RUN_ID='scheduled__2024-11-25T07:00:00+00:00'
[2024-11-25T16:30:05.916+0000] {taskinstance.py:430} INFO - ::endgroup::
[2024-11-25T16:30:06.555+0000] {python.py:237} INFO - Done. Returned value was: None
[2024-11-25T16:30:06.560+0000] {taskinstance.py:441} INFO - ::group::Post task execution logs
[2024-11-25T16:30:06.576+0000] {taskinstance.py:1206} INFO - Marking task as SUCCESS. dag_id=weather-forecast-dag, task_id=extract, run_id=scheduled__2024-11-25T07:00:00+00:00, execution_date=20241125T070000, start_date=20241125T163005, end_date=20241125T163006
[2024-11-25T16:30:06.739+0000] {local_task_job_runner.py:240} INFO - Task exited with return code 0
[2024-11-25T16:30:06.785+0000] {taskinstance.py:3498} INFO - 1 downstream tasks scheduled from follow-on schedule check
[2024-11-25T16:30:06.795+0000] {local_task_job_runner.py:222} INFO - ::endgroup::
