[2024-11-25T16:00:02.419+0000] {local_task_job_runner.py:120} INFO - ::group::Pre task execution logs
[2024-11-25T16:00:02.440+0000] {taskinstance.py:2076} INFO - Dependencies all met for dep_context=non-requeueable deps ti=<TaskInstance: weather-forecast-dag.transform scheduled__2024-11-25T15:00:00+00:00 [queued]>
[2024-11-25T16:00:02.446+0000] {taskinstance.py:2076} INFO - Dependencies all met for dep_context=requeueable deps ti=<TaskInstance: weather-forecast-dag.transform scheduled__2024-11-25T15:00:00+00:00 [queued]>
[2024-11-25T16:00:02.447+0000] {taskinstance.py:2306} INFO - Starting attempt 1 of 2
[2024-11-25T16:00:02.460+0000] {taskinstance.py:2330} INFO - Executing <Task(PythonOperator): transform> on 2024-11-25 15:00:00+00:00
[2024-11-25T16:00:02.466+0000] {logging_mixin.py:188} WARNING - /home/airflow/.local/lib/python3.12/site-packages/airflow/task/task_runner/standard_task_runner.py:61 DeprecationWarning: This process (pid=301) is multi-threaded, use of fork() may lead to deadlocks in the child.
[2024-11-25T16:00:02.467+0000] {standard_task_runner.py:63} INFO - Started process 303 to run task
[2024-11-25T16:00:02.466+0000] {standard_task_runner.py:90} INFO - Running: ['airflow', 'tasks', 'run', 'weather-forecast-dag', 'transform', 'scheduled__2024-11-25T15:00:00+00:00', '--job-id', '52', '--raw', '--subdir', 'DAGS_FOLDER/weather_pipeline.py', '--cfg-path', '/tmp/tmpe74cfmp5']
[2024-11-25T16:00:02.468+0000] {standard_task_runner.py:91} INFO - Job 52: Subtask transform
[2024-11-25T16:00:02.485+0000] {logging_mixin.py:188} WARNING - /home/airflow/.local/lib/python3.12/site-packages/airflow/settings.py:195 DeprecationWarning: The sql_alchemy_conn option in [core] has been moved to the sql_alchemy_conn option in [database] - the old setting has been used, but please update your config.
[2024-11-25T16:00:02.515+0000] {task_command.py:426} INFO - Running <TaskInstance: weather-forecast-dag.transform scheduled__2024-11-25T15:00:00+00:00 [running]> on host 587a89e55935
[2024-11-25T16:00:02.579+0000] {taskinstance.py:2648} INFO - Exporting env vars: AIRFLOW_CTX_DAG_OWNER='Urbain ZE' AIRFLOW_CTX_DAG_ID='weather-forecast-dag' AIRFLOW_CTX_TASK_ID='transform' AIRFLOW_CTX_EXECUTION_DATE='2024-11-25T15:00:00+00:00' AIRFLOW_CTX_TRY_NUMBER='1' AIRFLOW_CTX_DAG_RUN_ID='scheduled__2024-11-25T15:00:00+00:00'
[2024-11-25T16:00:02.580+0000] {taskinstance.py:430} INFO - ::endgroup::
[2024-11-25T16:00:02.740+0000] {python.py:237} INFO - Done. Returned value was: None
[2024-11-25T16:00:02.741+0000] {taskinstance.py:441} INFO - ::group::Post task execution logs
[2024-11-25T16:00:02.748+0000] {taskinstance.py:1206} INFO - Marking task as SUCCESS. dag_id=weather-forecast-dag, task_id=transform, run_id=scheduled__2024-11-25T15:00:00+00:00, execution_date=20241125T150000, start_date=20241125T160002, end_date=20241125T160002
[2024-11-25T16:00:02.762+0000] {local_task_job_runner.py:240} INFO - Task exited with return code 0
[2024-11-25T16:00:02.776+0000] {taskinstance.py:3498} INFO - 1 downstream tasks scheduled from follow-on schedule check
[2024-11-25T16:00:02.780+0000] {local_task_job_runner.py:222} INFO - ::endgroup::
[2024-11-25T16:19:24.625+0000] {local_task_job_runner.py:120} INFO - ::group::Pre task execution logs
[2024-11-25T16:19:24.649+0000] {taskinstance.py:2076} INFO - Dependencies all met for dep_context=non-requeueable deps ti=<TaskInstance: weather-forecast-dag.transform scheduled__2024-11-25T15:00:00+00:00 [queued]>
[2024-11-25T16:19:24.660+0000] {taskinstance.py:2076} INFO - Dependencies all met for dep_context=requeueable deps ti=<TaskInstance: weather-forecast-dag.transform scheduled__2024-11-25T15:00:00+00:00 [queued]>
[2024-11-25T16:19:24.660+0000] {taskinstance.py:2306} INFO - Starting attempt 1 of 2
[2024-11-25T16:19:24.678+0000] {taskinstance.py:2330} INFO - Executing <Task(PythonOperator): transform> on 2024-11-25 15:00:00+00:00
[2024-11-25T16:19:24.689+0000] {standard_task_runner.py:90} INFO - Running: ['airflow', 'tasks', 'run', 'weather-forecast-dag', 'transform', 'scheduled__2024-11-25T15:00:00+00:00', '--job-id', '46', '--raw', '--subdir', 'DAGS_FOLDER/weather_pipeline.py', '--cfg-path', '/tmp/tmppcaxggiv']
[2024-11-25T16:19:24.690+0000] {logging_mixin.py:188} WARNING - /home/airflow/.local/lib/python3.12/site-packages/airflow/task/task_runner/standard_task_runner.py:61 DeprecationWarning: This process (pid=342) is multi-threaded, use of fork() may lead to deadlocks in the child.
[2024-11-25T16:19:24.692+0000] {standard_task_runner.py:91} INFO - Job 46: Subtask transform
[2024-11-25T16:19:24.693+0000] {standard_task_runner.py:63} INFO - Started process 354 to run task
[2024-11-25T16:19:24.709+0000] {logging_mixin.py:188} WARNING - /home/airflow/.local/lib/python3.12/site-packages/airflow/settings.py:195 DeprecationWarning: The sql_alchemy_conn option in [core] has been moved to the sql_alchemy_conn option in [database] - the old setting has been used, but please update your config.
[2024-11-25T16:19:24.739+0000] {task_command.py:426} INFO - Running <TaskInstance: weather-forecast-dag.transform scheduled__2024-11-25T15:00:00+00:00 [running]> on host 9c7ea2cc0f0f
[2024-11-25T16:19:24.842+0000] {taskinstance.py:2648} INFO - Exporting env vars: AIRFLOW_CTX_DAG_OWNER='Urbain ZE' AIRFLOW_CTX_DAG_ID='weather-forecast-dag' AIRFLOW_CTX_TASK_ID='transform' AIRFLOW_CTX_EXECUTION_DATE='2024-11-25T15:00:00+00:00' AIRFLOW_CTX_TRY_NUMBER='1' AIRFLOW_CTX_DAG_RUN_ID='scheduled__2024-11-25T15:00:00+00:00'
[2024-11-25T16:19:24.844+0000] {taskinstance.py:430} INFO - ::endgroup::
[2024-11-25T16:19:25.125+0000] {python.py:237} INFO - Done. Returned value was: None
[2024-11-25T16:19:25.126+0000] {taskinstance.py:441} INFO - ::group::Post task execution logs
[2024-11-25T16:19:25.136+0000] {taskinstance.py:1206} INFO - Marking task as SUCCESS. dag_id=weather-forecast-dag, task_id=transform, run_id=scheduled__2024-11-25T15:00:00+00:00, execution_date=20241125T150000, start_date=20241125T161924, end_date=20241125T161925
[2024-11-25T16:19:25.188+0000] {local_task_job_runner.py:240} INFO - Task exited with return code 0
[2024-11-25T16:19:25.210+0000] {taskinstance.py:3498} INFO - 1 downstream tasks scheduled from follow-on schedule check
[2024-11-25T16:19:25.215+0000] {local_task_job_runner.py:222} INFO - ::endgroup::
[2024-11-25T16:30:10.843+0000] {local_task_job_runner.py:120} INFO - ::group::Pre task execution logs
[2024-11-25T16:30:10.894+0000] {taskinstance.py:2076} INFO - Dependencies all met for dep_context=non-requeueable deps ti=<TaskInstance: weather-forecast-dag.transform scheduled__2024-11-25T15:00:00+00:00 [queued]>
[2024-11-25T16:30:10.910+0000] {taskinstance.py:2076} INFO - Dependencies all met for dep_context=requeueable deps ti=<TaskInstance: weather-forecast-dag.transform scheduled__2024-11-25T15:00:00+00:00 [queued]>
[2024-11-25T16:30:10.911+0000] {taskinstance.py:2306} INFO - Starting attempt 1 of 2
[2024-11-25T16:30:10.947+0000] {taskinstance.py:2330} INFO - Executing <Task(PythonOperator): transform> on 2024-11-25 15:00:00+00:00
[2024-11-25T16:30:10.967+0000] {logging_mixin.py:188} WARNING - /home/airflow/.local/lib/python3.12/site-packages/airflow/task/task_runner/standard_task_runner.py:61 DeprecationWarning: This process (pid=272) is multi-threaded, use of fork() may lead to deadlocks in the child.
[2024-11-25T16:30:10.970+0000] {standard_task_runner.py:63} INFO - Started process 305 to run task
[2024-11-25T16:30:10.967+0000] {standard_task_runner.py:90} INFO - Running: ['airflow', 'tasks', 'run', 'weather-forecast-dag', 'transform', 'scheduled__2024-11-25T15:00:00+00:00', '--job-id', '33', '--raw', '--subdir', 'DAGS_FOLDER/weather_pipeline.py', '--cfg-path', '/tmp/tmpkgoidfxl']
[2024-11-25T16:30:10.973+0000] {standard_task_runner.py:91} INFO - Job 33: Subtask transform
[2024-11-25T16:30:11.009+0000] {logging_mixin.py:188} WARNING - /home/airflow/.local/lib/python3.12/site-packages/airflow/settings.py:195 DeprecationWarning: The sql_alchemy_conn option in [core] has been moved to the sql_alchemy_conn option in [database] - the old setting has been used, but please update your config.
[2024-11-25T16:30:11.086+0000] {task_command.py:426} INFO - Running <TaskInstance: weather-forecast-dag.transform scheduled__2024-11-25T15:00:00+00:00 [running]> on host eebbb4b46189
[2024-11-25T16:30:11.242+0000] {taskinstance.py:2648} INFO - Exporting env vars: AIRFLOW_CTX_DAG_OWNER='Urbain ZE' AIRFLOW_CTX_DAG_ID='weather-forecast-dag' AIRFLOW_CTX_TASK_ID='transform' AIRFLOW_CTX_EXECUTION_DATE='2024-11-25T15:00:00+00:00' AIRFLOW_CTX_TRY_NUMBER='1' AIRFLOW_CTX_DAG_RUN_ID='scheduled__2024-11-25T15:00:00+00:00'
[2024-11-25T16:30:11.245+0000] {taskinstance.py:430} INFO - ::endgroup::
[2024-11-25T16:30:12.725+0000] {python.py:237} INFO - Done. Returned value was: None
[2024-11-25T16:30:12.727+0000] {taskinstance.py:441} INFO - ::group::Post task execution logs
[2024-11-25T16:30:12.756+0000] {taskinstance.py:1206} INFO - Marking task as SUCCESS. dag_id=weather-forecast-dag, task_id=transform, run_id=scheduled__2024-11-25T15:00:00+00:00, execution_date=20241125T150000, start_date=20241125T163010, end_date=20241125T163012
[2024-11-25T16:30:12.868+0000] {local_task_job_runner.py:240} INFO - Task exited with return code 0
[2024-11-25T16:30:12.885+0000] {local_task_job_runner.py:222} INFO - ::endgroup::
