[2024-11-25T13:34:32.994+0000] {local_task_job_runner.py:120} INFO - ::group::Pre task execution logs
[2024-11-25T13:34:33.043+0000] {taskinstance.py:2076} INFO - Dependencies all met for dep_context=non-requeueable deps ti=<TaskInstance: weather-forecast-dag.extract scheduled__2024-11-25T02:00:00+00:00 [queued]>
[2024-11-25T13:34:33.059+0000] {taskinstance.py:2076} INFO - Dependencies all met for dep_context=requeueable deps ti=<TaskInstance: weather-forecast-dag.extract scheduled__2024-11-25T02:00:00+00:00 [queued]>
[2024-11-25T13:34:33.061+0000] {taskinstance.py:2306} INFO - Starting attempt 1 of 2
[2024-11-25T13:34:33.178+0000] {taskinstance.py:2330} INFO - Executing <Task(PythonOperator): extract> on 2024-11-25 02:00:00+00:00
[2024-11-25T13:34:33.197+0000] {logging_mixin.py:188} WARNING - /home/airflow/.local/lib/python3.12/site-packages/airflow/task/task_runner/standard_task_runner.py:61 DeprecationWarning: This process (pid=183) is multi-threaded, use of fork() may lead to deadlocks in the child.
[2024-11-25T13:34:33.200+0000] {standard_task_runner.py:63} INFO - Started process 199 to run task
[2024-11-25T13:34:33.197+0000] {standard_task_runner.py:90} INFO - Running: ['airflow', 'tasks', 'run', 'weather-forecast-dag', 'extract', 'scheduled__2024-11-25T02:00:00+00:00', '--job-id', '5', '--raw', '--subdir', 'DAGS_FOLDER/weather_pipeline.py', '--cfg-path', '/tmp/tmpeoxj8_p8']
[2024-11-25T13:34:33.202+0000] {standard_task_runner.py:91} INFO - Job 5: Subtask extract
[2024-11-25T13:34:33.242+0000] {logging_mixin.py:188} WARNING - /home/airflow/.local/lib/python3.12/site-packages/airflow/settings.py:195 DeprecationWarning: The sql_alchemy_conn option in [core] has been moved to the sql_alchemy_conn option in [database] - the old setting has been used, but please update your config.
[2024-11-25T13:34:33.334+0000] {task_command.py:426} INFO - Running <TaskInstance: weather-forecast-dag.extract scheduled__2024-11-25T02:00:00+00:00 [running]> on host 8a6a192a668b
[2024-11-25T13:34:33.575+0000] {taskinstance.py:2648} INFO - Exporting env vars: AIRFLOW_CTX_DAG_OWNER='Urbain ZE' AIRFLOW_CTX_DAG_ID='weather-forecast-dag' AIRFLOW_CTX_TASK_ID='extract' AIRFLOW_CTX_EXECUTION_DATE='2024-11-25T02:00:00+00:00' AIRFLOW_CTX_TRY_NUMBER='1' AIRFLOW_CTX_DAG_RUN_ID='scheduled__2024-11-25T02:00:00+00:00'
[2024-11-25T13:34:33.578+0000] {taskinstance.py:430} INFO - ::endgroup::
[2024-11-25T13:34:35.128+0000] {python.py:237} INFO - Done. Returned value was: None
[2024-11-25T13:34:35.131+0000] {taskinstance.py:441} INFO - ::group::Post task execution logs
[2024-11-25T13:34:35.150+0000] {taskinstance.py:1206} INFO - Marking task as SUCCESS. dag_id=weather-forecast-dag, task_id=extract, run_id=scheduled__2024-11-25T02:00:00+00:00, execution_date=20241125T020000, start_date=20241125T133433, end_date=20241125T133435
[2024-11-25T13:34:35.228+0000] {local_task_job_runner.py:240} INFO - Task exited with return code 0
[2024-11-25T13:34:35.279+0000] {taskinstance.py:3498} INFO - 1 downstream tasks scheduled from follow-on schedule check
[2024-11-25T13:34:35.284+0000] {local_task_job_runner.py:222} INFO - ::endgroup::
[2024-11-25T13:48:18.767+0000] {local_task_job_runner.py:120} INFO - ::group::Pre task execution logs
[2024-11-25T13:48:18.806+0000] {taskinstance.py:2076} INFO - Dependencies all met for dep_context=non-requeueable deps ti=<TaskInstance: weather-forecast-dag.extract scheduled__2024-11-25T02:00:00+00:00 [queued]>
[2024-11-25T13:48:18.823+0000] {taskinstance.py:2076} INFO - Dependencies all met for dep_context=requeueable deps ti=<TaskInstance: weather-forecast-dag.extract scheduled__2024-11-25T02:00:00+00:00 [queued]>
[2024-11-25T13:48:18.824+0000] {taskinstance.py:2306} INFO - Starting attempt 1 of 2
[2024-11-25T13:48:18.886+0000] {taskinstance.py:2330} INFO - Executing <Task(PythonOperator): extract> on 2024-11-25 02:00:00+00:00
[2024-11-25T13:48:18.897+0000] {standard_task_runner.py:90} INFO - Running: ['airflow', 'tasks', 'run', 'weather-forecast-dag', 'extract', 'scheduled__2024-11-25T02:00:00+00:00', '--job-id', '4', '--raw', '--subdir', 'DAGS_FOLDER/weather_pipeline.py', '--cfg-path', '/tmp/tmpxdfof3vu']
[2024-11-25T13:48:18.900+0000] {logging_mixin.py:188} WARNING - /home/airflow/.local/lib/python3.12/site-packages/airflow/task/task_runner/standard_task_runner.py:61 DeprecationWarning: This process (pid=187) is multi-threaded, use of fork() may lead to deadlocks in the child.
[2024-11-25T13:48:18.902+0000] {standard_task_runner.py:91} INFO - Job 4: Subtask extract
[2024-11-25T13:48:18.902+0000] {standard_task_runner.py:63} INFO - Started process 202 to run task
[2024-11-25T13:48:18.925+0000] {logging_mixin.py:188} WARNING - /home/airflow/.local/lib/python3.12/site-packages/airflow/settings.py:195 DeprecationWarning: The sql_alchemy_conn option in [core] has been moved to the sql_alchemy_conn option in [database] - the old setting has been used, but please update your config.
[2024-11-25T13:48:18.987+0000] {task_command.py:426} INFO - Running <TaskInstance: weather-forecast-dag.extract scheduled__2024-11-25T02:00:00+00:00 [running]> on host 4f4780ae54ec
[2024-11-25T13:48:19.109+0000] {taskinstance.py:2648} INFO - Exporting env vars: AIRFLOW_CTX_DAG_OWNER='Urbain ZE' AIRFLOW_CTX_DAG_ID='weather-forecast-dag' AIRFLOW_CTX_TASK_ID='extract' AIRFLOW_CTX_EXECUTION_DATE='2024-11-25T02:00:00+00:00' AIRFLOW_CTX_TRY_NUMBER='1' AIRFLOW_CTX_DAG_RUN_ID='scheduled__2024-11-25T02:00:00+00:00'
[2024-11-25T13:48:19.112+0000] {taskinstance.py:430} INFO - ::endgroup::
[2024-11-25T13:48:19.853+0000] {python.py:237} INFO - Done. Returned value was: None
[2024-11-25T13:48:19.856+0000] {taskinstance.py:441} INFO - ::group::Post task execution logs
[2024-11-25T13:48:19.871+0000] {taskinstance.py:1206} INFO - Marking task as SUCCESS. dag_id=weather-forecast-dag, task_id=extract, run_id=scheduled__2024-11-25T02:00:00+00:00, execution_date=20241125T020000, start_date=20241125T134818, end_date=20241125T134819
[2024-11-25T13:48:19.922+0000] {local_task_job_runner.py:240} INFO - Task exited with return code 0
[2024-11-25T13:48:19.974+0000] {taskinstance.py:3498} INFO - 1 downstream tasks scheduled from follow-on schedule check
[2024-11-25T13:48:19.980+0000] {local_task_job_runner.py:222} INFO - ::endgroup::
[2024-11-25T16:19:16.994+0000] {local_task_job_runner.py:120} INFO - ::group::Pre task execution logs
[2024-11-25T16:19:17.030+0000] {taskinstance.py:2076} INFO - Dependencies all met for dep_context=non-requeueable deps ti=<TaskInstance: weather-forecast-dag.extract scheduled__2024-11-25T02:00:00+00:00 [queued]>
[2024-11-25T16:19:17.039+0000] {taskinstance.py:2076} INFO - Dependencies all met for dep_context=requeueable deps ti=<TaskInstance: weather-forecast-dag.extract scheduled__2024-11-25T02:00:00+00:00 [queued]>
[2024-11-25T16:19:17.040+0000] {taskinstance.py:2306} INFO - Starting attempt 1 of 2
[2024-11-25T16:19:17.060+0000] {taskinstance.py:2330} INFO - Executing <Task(PythonOperator): extract> on 2024-11-25 02:00:00+00:00
[2024-11-25T16:19:17.072+0000] {logging_mixin.py:188} WARNING - /home/airflow/.local/lib/python3.12/site-packages/airflow/task/task_runner/standard_task_runner.py:61 DeprecationWarning: This process (pid=211) is multi-threaded, use of fork() may lead to deadlocks in the child.
[2024-11-25T16:19:17.074+0000] {standard_task_runner.py:63} INFO - Started process 225 to run task
[2024-11-25T16:19:17.077+0000] {standard_task_runner.py:90} INFO - Running: ['airflow', 'tasks', 'run', 'weather-forecast-dag', 'extract', 'scheduled__2024-11-25T02:00:00+00:00', '--job-id', '4', '--raw', '--subdir', 'DAGS_FOLDER/weather_pipeline.py', '--cfg-path', '/tmp/tmpssalmrd4']
[2024-11-25T16:19:17.082+0000] {standard_task_runner.py:91} INFO - Job 4: Subtask extract
[2024-11-25T16:19:17.107+0000] {logging_mixin.py:188} WARNING - /home/airflow/.local/lib/python3.12/site-packages/airflow/settings.py:195 DeprecationWarning: The sql_alchemy_conn option in [core] has been moved to the sql_alchemy_conn option in [database] - the old setting has been used, but please update your config.
[2024-11-25T16:19:17.150+0000] {task_command.py:426} INFO - Running <TaskInstance: weather-forecast-dag.extract scheduled__2024-11-25T02:00:00+00:00 [running]> on host 9c7ea2cc0f0f
[2024-11-25T16:19:17.273+0000] {taskinstance.py:2648} INFO - Exporting env vars: AIRFLOW_CTX_DAG_OWNER='Urbain ZE' AIRFLOW_CTX_DAG_ID='weather-forecast-dag' AIRFLOW_CTX_TASK_ID='extract' AIRFLOW_CTX_EXECUTION_DATE='2024-11-25T02:00:00+00:00' AIRFLOW_CTX_TRY_NUMBER='1' AIRFLOW_CTX_DAG_RUN_ID='scheduled__2024-11-25T02:00:00+00:00'
[2024-11-25T16:19:17.276+0000] {taskinstance.py:430} INFO - ::endgroup::
[2024-11-25T16:19:18.084+0000] {python.py:237} INFO - Done. Returned value was: None
[2024-11-25T16:19:18.087+0000] {taskinstance.py:441} INFO - ::group::Post task execution logs
[2024-11-25T16:19:18.115+0000] {taskinstance.py:1206} INFO - Marking task as SUCCESS. dag_id=weather-forecast-dag, task_id=extract, run_id=scheduled__2024-11-25T02:00:00+00:00, execution_date=20241125T020000, start_date=20241125T161917, end_date=20241125T161918
[2024-11-25T16:19:18.176+0000] {local_task_job_runner.py:240} INFO - Task exited with return code 0
[2024-11-25T16:19:18.218+0000] {taskinstance.py:3498} INFO - 1 downstream tasks scheduled from follow-on schedule check
[2024-11-25T16:19:18.226+0000] {local_task_job_runner.py:222} INFO - ::endgroup::
[2024-11-25T16:30:04.895+0000] {local_task_job_runner.py:120} INFO - ::group::Pre task execution logs
[2024-11-25T16:30:04.932+0000] {taskinstance.py:2076} INFO - Dependencies all met for dep_context=non-requeueable deps ti=<TaskInstance: weather-forecast-dag.extract scheduled__2024-11-25T02:00:00+00:00 [queued]>
[2024-11-25T16:30:04.939+0000] {taskinstance.py:2076} INFO - Dependencies all met for dep_context=requeueable deps ti=<TaskInstance: weather-forecast-dag.extract scheduled__2024-11-25T02:00:00+00:00 [queued]>
[2024-11-25T16:30:04.940+0000] {taskinstance.py:2306} INFO - Starting attempt 1 of 2
[2024-11-25T16:30:04.961+0000] {taskinstance.py:2330} INFO - Executing <Task(PythonOperator): extract> on 2024-11-25 02:00:00+00:00
[2024-11-25T16:30:04.969+0000] {logging_mixin.py:188} WARNING - /home/airflow/.local/lib/python3.12/site-packages/airflow/task/task_runner/standard_task_runner.py:61 DeprecationWarning: This process (pid=187) is multi-threaded, use of fork() may lead to deadlocks in the child.
[2024-11-25T16:30:04.971+0000] {standard_task_runner.py:63} INFO - Started process 199 to run task
[2024-11-25T16:30:04.972+0000] {standard_task_runner.py:90} INFO - Running: ['airflow', 'tasks', 'run', 'weather-forecast-dag', 'extract', 'scheduled__2024-11-25T02:00:00+00:00', '--job-id', '4', '--raw', '--subdir', 'DAGS_FOLDER/weather_pipeline.py', '--cfg-path', '/tmp/tmp2bzf_0qs']
[2024-11-25T16:30:04.975+0000] {standard_task_runner.py:91} INFO - Job 4: Subtask extract
[2024-11-25T16:30:04.998+0000] {logging_mixin.py:188} WARNING - /home/airflow/.local/lib/python3.12/site-packages/airflow/settings.py:195 DeprecationWarning: The sql_alchemy_conn option in [core] has been moved to the sql_alchemy_conn option in [database] - the old setting has been used, but please update your config.
[2024-11-25T16:30:05.058+0000] {task_command.py:426} INFO - Running <TaskInstance: weather-forecast-dag.extract scheduled__2024-11-25T02:00:00+00:00 [running]> on host eebbb4b46189
[2024-11-25T16:30:05.175+0000] {taskinstance.py:2648} INFO - Exporting env vars: AIRFLOW_CTX_DAG_OWNER='Urbain ZE' AIRFLOW_CTX_DAG_ID='weather-forecast-dag' AIRFLOW_CTX_TASK_ID='extract' AIRFLOW_CTX_EXECUTION_DATE='2024-11-25T02:00:00+00:00' AIRFLOW_CTX_TRY_NUMBER='1' AIRFLOW_CTX_DAG_RUN_ID='scheduled__2024-11-25T02:00:00+00:00'
[2024-11-25T16:30:05.178+0000] {taskinstance.py:430} INFO - ::endgroup::
[2024-11-25T16:30:05.775+0000] {python.py:237} INFO - Done. Returned value was: None
[2024-11-25T16:30:05.778+0000] {taskinstance.py:441} INFO - ::group::Post task execution logs
[2024-11-25T16:30:05.791+0000] {taskinstance.py:1206} INFO - Marking task as SUCCESS. dag_id=weather-forecast-dag, task_id=extract, run_id=scheduled__2024-11-25T02:00:00+00:00, execution_date=20241125T020000, start_date=20241125T163004, end_date=20241125T163005
[2024-11-25T16:30:05.910+0000] {local_task_job_runner.py:240} INFO - Task exited with return code 0
[2024-11-25T16:30:05.951+0000] {taskinstance.py:3498} INFO - 1 downstream tasks scheduled from follow-on schedule check
[2024-11-25T16:30:05.956+0000] {local_task_job_runner.py:222} INFO - ::endgroup::
