[2024-11-25T13:34:32.803+0000] {local_task_job_runner.py:120} INFO - ::group::Pre task execution logs
[2024-11-25T13:34:32.853+0000] {taskinstance.py:2076} INFO - Dependencies all met for dep_context=non-requeueable deps ti=<TaskInstance: weather-forecast-dag.extract scheduled__2024-11-25T01:00:00+00:00 [queued]>
[2024-11-25T13:34:32.866+0000] {taskinstance.py:2076} INFO - Dependencies all met for dep_context=requeueable deps ti=<TaskInstance: weather-forecast-dag.extract scheduled__2024-11-25T01:00:00+00:00 [queued]>
[2024-11-25T13:34:32.867+0000] {taskinstance.py:2306} INFO - Starting attempt 1 of 2
[2024-11-25T13:34:32.953+0000] {taskinstance.py:2330} INFO - Executing <Task(PythonOperator): extract> on 2024-11-25 01:00:00+00:00
[2024-11-25T13:34:32.967+0000] {standard_task_runner.py:90} INFO - Running: ['airflow', 'tasks', 'run', 'weather-forecast-dag', 'extract', 'scheduled__2024-11-25T01:00:00+00:00', '--job-id', '4', '--raw', '--subdir', 'DAGS_FOLDER/weather_pipeline.py', '--cfg-path', '/tmp/tmpeh1301z5']
[2024-11-25T13:34:32.972+0000] {logging_mixin.py:188} WARNING - /home/airflow/.local/lib/python3.12/site-packages/airflow/task/task_runner/standard_task_runner.py:61 DeprecationWarning: This process (pid=180) is multi-threaded, use of fork() may lead to deadlocks in the child.
[2024-11-25T13:34:32.973+0000] {standard_task_runner.py:91} INFO - Job 4: Subtask extract
[2024-11-25T13:34:32.974+0000] {standard_task_runner.py:63} INFO - Started process 196 to run task
[2024-11-25T13:34:33.009+0000] {logging_mixin.py:188} WARNING - /home/airflow/.local/lib/python3.12/site-packages/airflow/settings.py:195 DeprecationWarning: The sql_alchemy_conn option in [core] has been moved to the sql_alchemy_conn option in [database] - the old setting has been used, but please update your config.
[2024-11-25T13:34:33.086+0000] {task_command.py:426} INFO - Running <TaskInstance: weather-forecast-dag.extract scheduled__2024-11-25T01:00:00+00:00 [running]> on host 8a6a192a668b
[2024-11-25T13:34:33.235+0000] {taskinstance.py:2648} INFO - Exporting env vars: AIRFLOW_CTX_DAG_OWNER='Urbain ZE' AIRFLOW_CTX_DAG_ID='weather-forecast-dag' AIRFLOW_CTX_TASK_ID='extract' AIRFLOW_CTX_EXECUTION_DATE='2024-11-25T01:00:00+00:00' AIRFLOW_CTX_TRY_NUMBER='1' AIRFLOW_CTX_DAG_RUN_ID='scheduled__2024-11-25T01:00:00+00:00'
[2024-11-25T13:34:33.239+0000] {taskinstance.py:430} INFO - ::endgroup::
[2024-11-25T13:34:35.134+0000] {python.py:237} INFO - Done. Returned value was: None
[2024-11-25T13:34:35.139+0000] {taskinstance.py:441} INFO - ::group::Post task execution logs
[2024-11-25T13:34:35.171+0000] {taskinstance.py:1206} INFO - Marking task as SUCCESS. dag_id=weather-forecast-dag, task_id=extract, run_id=scheduled__2024-11-25T01:00:00+00:00, execution_date=20241125T010000, start_date=20241125T133432, end_date=20241125T133435
[2024-11-25T13:34:35.243+0000] {local_task_job_runner.py:240} INFO - Task exited with return code 0
[2024-11-25T13:34:35.300+0000] {taskinstance.py:3498} INFO - 1 downstream tasks scheduled from follow-on schedule check
[2024-11-25T13:34:35.314+0000] {local_task_job_runner.py:222} INFO - ::endgroup::
[2024-11-25T13:48:18.661+0000] {local_task_job_runner.py:120} INFO - ::group::Pre task execution logs
[2024-11-25T13:48:18.716+0000] {taskinstance.py:2076} INFO - Dependencies all met for dep_context=non-requeueable deps ti=<TaskInstance: weather-forecast-dag.extract scheduled__2024-11-25T01:00:00+00:00 [queued]>
[2024-11-25T13:48:18.727+0000] {taskinstance.py:2076} INFO - Dependencies all met for dep_context=requeueable deps ti=<TaskInstance: weather-forecast-dag.extract scheduled__2024-11-25T01:00:00+00:00 [queued]>
[2024-11-25T13:48:18.728+0000] {taskinstance.py:2306} INFO - Starting attempt 1 of 2
[2024-11-25T13:48:18.748+0000] {taskinstance.py:2330} INFO - Executing <Task(PythonOperator): extract> on 2024-11-25 01:00:00+00:00
[2024-11-25T13:48:18.761+0000] {logging_mixin.py:188} WARNING - /home/airflow/.local/lib/python3.12/site-packages/airflow/task/task_runner/standard_task_runner.py:61 DeprecationWarning: This process (pid=185) is multi-threaded, use of fork() may lead to deadlocks in the child.
[2024-11-25T13:48:18.762+0000] {standard_task_runner.py:63} INFO - Started process 198 to run task
[2024-11-25T13:48:18.761+0000] {standard_task_runner.py:90} INFO - Running: ['airflow', 'tasks', 'run', 'weather-forecast-dag', 'extract', 'scheduled__2024-11-25T01:00:00+00:00', '--job-id', '3', '--raw', '--subdir', 'DAGS_FOLDER/weather_pipeline.py', '--cfg-path', '/tmp/tmpiw64nz7b']
[2024-11-25T13:48:18.764+0000] {standard_task_runner.py:91} INFO - Job 3: Subtask extract
[2024-11-25T13:48:18.785+0000] {logging_mixin.py:188} WARNING - /home/airflow/.local/lib/python3.12/site-packages/airflow/settings.py:195 DeprecationWarning: The sql_alchemy_conn option in [core] has been moved to the sql_alchemy_conn option in [database] - the old setting has been used, but please update your config.
[2024-11-25T13:48:18.836+0000] {task_command.py:426} INFO - Running <TaskInstance: weather-forecast-dag.extract scheduled__2024-11-25T01:00:00+00:00 [running]> on host 4f4780ae54ec
[2024-11-25T13:48:18.944+0000] {taskinstance.py:2648} INFO - Exporting env vars: AIRFLOW_CTX_DAG_OWNER='Urbain ZE' AIRFLOW_CTX_DAG_ID='weather-forecast-dag' AIRFLOW_CTX_TASK_ID='extract' AIRFLOW_CTX_EXECUTION_DATE='2024-11-25T01:00:00+00:00' AIRFLOW_CTX_TRY_NUMBER='1' AIRFLOW_CTX_DAG_RUN_ID='scheduled__2024-11-25T01:00:00+00:00'
[2024-11-25T13:48:18.945+0000] {taskinstance.py:430} INFO - ::endgroup::
[2024-11-25T13:48:19.654+0000] {python.py:237} INFO - Done. Returned value was: None
[2024-11-25T13:48:19.656+0000] {taskinstance.py:441} INFO - ::group::Post task execution logs
[2024-11-25T13:48:19.674+0000] {taskinstance.py:1206} INFO - Marking task as SUCCESS. dag_id=weather-forecast-dag, task_id=extract, run_id=scheduled__2024-11-25T01:00:00+00:00, execution_date=20241125T010000, start_date=20241125T134818, end_date=20241125T134819
[2024-11-25T13:48:19.900+0000] {local_task_job_runner.py:240} INFO - Task exited with return code 0
[2024-11-25T13:48:19.916+0000] {local_task_job_runner.py:222} INFO - ::endgroup::
[2024-11-25T16:19:16.910+0000] {local_task_job_runner.py:120} INFO - ::group::Pre task execution logs
[2024-11-25T16:19:16.944+0000] {taskinstance.py:2076} INFO - Dependencies all met for dep_context=non-requeueable deps ti=<TaskInstance: weather-forecast-dag.extract scheduled__2024-11-25T01:00:00+00:00 [queued]>
[2024-11-25T16:19:16.952+0000] {taskinstance.py:2076} INFO - Dependencies all met for dep_context=requeueable deps ti=<TaskInstance: weather-forecast-dag.extract scheduled__2024-11-25T01:00:00+00:00 [queued]>
[2024-11-25T16:19:16.953+0000] {taskinstance.py:2306} INFO - Starting attempt 1 of 2
[2024-11-25T16:19:17.005+0000] {taskinstance.py:2330} INFO - Executing <Task(PythonOperator): extract> on 2024-11-25 01:00:00+00:00
[2024-11-25T16:19:17.016+0000] {logging_mixin.py:188} WARNING - /home/airflow/.local/lib/python3.12/site-packages/airflow/task/task_runner/standard_task_runner.py:61 DeprecationWarning: This process (pid=209) is multi-threaded, use of fork() may lead to deadlocks in the child.
[2024-11-25T16:19:17.018+0000] {standard_task_runner.py:63} INFO - Started process 223 to run task
[2024-11-25T16:19:17.017+0000] {standard_task_runner.py:90} INFO - Running: ['airflow', 'tasks', 'run', 'weather-forecast-dag', 'extract', 'scheduled__2024-11-25T01:00:00+00:00', '--job-id', '3', '--raw', '--subdir', 'DAGS_FOLDER/weather_pipeline.py', '--cfg-path', '/tmp/tmpchwnei64']
[2024-11-25T16:19:17.020+0000] {standard_task_runner.py:91} INFO - Job 3: Subtask extract
[2024-11-25T16:19:17.045+0000] {logging_mixin.py:188} WARNING - /home/airflow/.local/lib/python3.12/site-packages/airflow/settings.py:195 DeprecationWarning: The sql_alchemy_conn option in [core] has been moved to the sql_alchemy_conn option in [database] - the old setting has been used, but please update your config.
[2024-11-25T16:19:17.095+0000] {task_command.py:426} INFO - Running <TaskInstance: weather-forecast-dag.extract scheduled__2024-11-25T01:00:00+00:00 [running]> on host 9c7ea2cc0f0f
[2024-11-25T16:19:17.200+0000] {taskinstance.py:2648} INFO - Exporting env vars: AIRFLOW_CTX_DAG_OWNER='Urbain ZE' AIRFLOW_CTX_DAG_ID='weather-forecast-dag' AIRFLOW_CTX_TASK_ID='extract' AIRFLOW_CTX_EXECUTION_DATE='2024-11-25T01:00:00+00:00' AIRFLOW_CTX_TRY_NUMBER='1' AIRFLOW_CTX_DAG_RUN_ID='scheduled__2024-11-25T01:00:00+00:00'
[2024-11-25T16:19:17.202+0000] {taskinstance.py:430} INFO - ::endgroup::
[2024-11-25T16:19:18.019+0000] {python.py:237} INFO - Done. Returned value was: None
[2024-11-25T16:19:18.021+0000] {taskinstance.py:441} INFO - ::group::Post task execution logs
[2024-11-25T16:19:18.040+0000] {taskinstance.py:1206} INFO - Marking task as SUCCESS. dag_id=weather-forecast-dag, task_id=extract, run_id=scheduled__2024-11-25T01:00:00+00:00, execution_date=20241125T010000, start_date=20241125T161916, end_date=20241125T161918
[2024-11-25T16:19:18.198+0000] {local_task_job_runner.py:240} INFO - Task exited with return code 0
[2024-11-25T16:19:18.246+0000] {taskinstance.py:3498} INFO - 1 downstream tasks scheduled from follow-on schedule check
[2024-11-25T16:19:18.253+0000] {local_task_job_runner.py:222} INFO - ::endgroup::
[2024-11-25T16:30:04.795+0000] {local_task_job_runner.py:120} INFO - ::group::Pre task execution logs
[2024-11-25T16:30:04.823+0000] {taskinstance.py:2076} INFO - Dependencies all met for dep_context=non-requeueable deps ti=<TaskInstance: weather-forecast-dag.extract scheduled__2024-11-25T01:00:00+00:00 [queued]>
[2024-11-25T16:30:04.831+0000] {taskinstance.py:2076} INFO - Dependencies all met for dep_context=requeueable deps ti=<TaskInstance: weather-forecast-dag.extract scheduled__2024-11-25T01:00:00+00:00 [queued]>
[2024-11-25T16:30:04.831+0000] {taskinstance.py:2306} INFO - Starting attempt 1 of 2
[2024-11-25T16:30:04.847+0000] {taskinstance.py:2330} INFO - Executing <Task(PythonOperator): extract> on 2024-11-25 01:00:00+00:00
[2024-11-25T16:30:04.857+0000] {logging_mixin.py:188} WARNING - /home/airflow/.local/lib/python3.12/site-packages/airflow/task/task_runner/standard_task_runner.py:61 DeprecationWarning: This process (pid=185) is multi-threaded, use of fork() may lead to deadlocks in the child.
[2024-11-25T16:30:04.858+0000] {standard_task_runner.py:63} INFO - Started process 198 to run task
[2024-11-25T16:30:04.856+0000] {standard_task_runner.py:90} INFO - Running: ['airflow', 'tasks', 'run', 'weather-forecast-dag', 'extract', 'scheduled__2024-11-25T01:00:00+00:00', '--job-id', '3', '--raw', '--subdir', 'DAGS_FOLDER/weather_pipeline.py', '--cfg-path', '/tmp/tmpt84cu_2a']
[2024-11-25T16:30:04.859+0000] {standard_task_runner.py:91} INFO - Job 3: Subtask extract
[2024-11-25T16:30:04.883+0000] {logging_mixin.py:188} WARNING - /home/airflow/.local/lib/python3.12/site-packages/airflow/settings.py:195 DeprecationWarning: The sql_alchemy_conn option in [core] has been moved to the sql_alchemy_conn option in [database] - the old setting has been used, but please update your config.
[2024-11-25T16:30:04.929+0000] {task_command.py:426} INFO - Running <TaskInstance: weather-forecast-dag.extract scheduled__2024-11-25T01:00:00+00:00 [running]> on host eebbb4b46189
[2024-11-25T16:30:05.034+0000] {taskinstance.py:2648} INFO - Exporting env vars: AIRFLOW_CTX_DAG_OWNER='Urbain ZE' AIRFLOW_CTX_DAG_ID='weather-forecast-dag' AIRFLOW_CTX_TASK_ID='extract' AIRFLOW_CTX_EXECUTION_DATE='2024-11-25T01:00:00+00:00' AIRFLOW_CTX_TRY_NUMBER='1' AIRFLOW_CTX_DAG_RUN_ID='scheduled__2024-11-25T01:00:00+00:00'
[2024-11-25T16:30:05.035+0000] {taskinstance.py:430} INFO - ::endgroup::
[2024-11-25T16:30:05.693+0000] {python.py:237} INFO - Done. Returned value was: None
[2024-11-25T16:30:05.695+0000] {taskinstance.py:441} INFO - ::group::Post task execution logs
[2024-11-25T16:30:05.710+0000] {taskinstance.py:1206} INFO - Marking task as SUCCESS. dag_id=weather-forecast-dag, task_id=extract, run_id=scheduled__2024-11-25T01:00:00+00:00, execution_date=20241125T010000, start_date=20241125T163004, end_date=20241125T163005
[2024-11-25T16:30:05.917+0000] {local_task_job_runner.py:240} INFO - Task exited with return code 0
[2024-11-25T16:30:05.963+0000] {taskinstance.py:3498} INFO - 1 downstream tasks scheduled from follow-on schedule check
[2024-11-25T16:30:05.969+0000] {local_task_job_runner.py:222} INFO - ::endgroup::
