[2024-11-25T14:00:03.835+0000] {local_task_job_runner.py:120} INFO - ::group::Pre task execution logs
[2024-11-25T14:00:03.860+0000] {taskinstance.py:2076} INFO - Dependencies all met for dep_context=non-requeueable deps ti=<TaskInstance: weather-forecast-dag.transform scheduled__2024-11-25T13:00:00+00:00 [queued]>
[2024-11-25T14:00:03.868+0000] {taskinstance.py:2076} INFO - Dependencies all met for dep_context=requeueable deps ti=<TaskInstance: weather-forecast-dag.transform scheduled__2024-11-25T13:00:00+00:00 [queued]>
[2024-11-25T14:00:03.869+0000] {taskinstance.py:2306} INFO - Starting attempt 1 of 2
[2024-11-25T14:00:03.880+0000] {taskinstance.py:2330} INFO - Executing <Task(PythonOperator): transform> on 2024-11-25 13:00:00+00:00
[2024-11-25T14:00:03.887+0000] {logging_mixin.py:188} WARNING - /home/airflow/.local/lib/python3.12/site-packages/airflow/task/task_runner/standard_task_runner.py:61 DeprecationWarning: This process (pid=442) is multi-threaded, use of fork() may lead to deadlocks in the child.
[2024-11-25T14:00:03.888+0000] {standard_task_runner.py:63} INFO - Started process 444 to run task
[2024-11-25T14:00:03.888+0000] {standard_task_runner.py:90} INFO - Running: ['airflow', 'tasks', 'run', 'weather-forecast-dag', 'transform', 'scheduled__2024-11-25T13:00:00+00:00', '--job-id', '42', '--raw', '--subdir', 'DAGS_FOLDER/weather_pipeline.py', '--cfg-path', '/tmp/tmpeko2ewv4']
[2024-11-25T14:00:03.889+0000] {standard_task_runner.py:91} INFO - Job 42: Subtask transform
[2024-11-25T14:00:03.902+0000] {logging_mixin.py:188} WARNING - /home/airflow/.local/lib/python3.12/site-packages/airflow/settings.py:195 DeprecationWarning: The sql_alchemy_conn option in [core] has been moved to the sql_alchemy_conn option in [database] - the old setting has been used, but please update your config.
[2024-11-25T14:00:03.929+0000] {task_command.py:426} INFO - Running <TaskInstance: weather-forecast-dag.transform scheduled__2024-11-25T13:00:00+00:00 [running]> on host 4f4780ae54ec
[2024-11-25T14:00:03.993+0000] {taskinstance.py:2648} INFO - Exporting env vars: AIRFLOW_CTX_DAG_OWNER='Urbain ZE' AIRFLOW_CTX_DAG_ID='weather-forecast-dag' AIRFLOW_CTX_TASK_ID='transform' AIRFLOW_CTX_EXECUTION_DATE='2024-11-25T13:00:00+00:00' AIRFLOW_CTX_TRY_NUMBER='1' AIRFLOW_CTX_DAG_RUN_ID='scheduled__2024-11-25T13:00:00+00:00'
[2024-11-25T14:00:03.994+0000] {taskinstance.py:430} INFO - ::endgroup::
[2024-11-25T14:00:04.135+0000] {python.py:237} INFO - Done. Returned value was: None
[2024-11-25T14:00:04.135+0000] {taskinstance.py:441} INFO - ::group::Post task execution logs
[2024-11-25T14:00:04.142+0000] {taskinstance.py:1206} INFO - Marking task as SUCCESS. dag_id=weather-forecast-dag, task_id=transform, run_id=scheduled__2024-11-25T13:00:00+00:00, execution_date=20241125T130000, start_date=20241125T140003, end_date=20241125T140004
[2024-11-25T14:00:04.183+0000] {local_task_job_runner.py:240} INFO - Task exited with return code 0
[2024-11-25T14:00:04.198+0000] {taskinstance.py:3498} INFO - 1 downstream tasks scheduled from follow-on schedule check
[2024-11-25T14:00:04.202+0000] {local_task_job_runner.py:222} INFO - ::endgroup::
[2024-11-25T16:19:22.371+0000] {local_task_job_runner.py:120} INFO - ::group::Pre task execution logs
[2024-11-25T16:19:22.434+0000] {taskinstance.py:2076} INFO - Dependencies all met for dep_context=non-requeueable deps ti=<TaskInstance: weather-forecast-dag.transform scheduled__2024-11-25T13:00:00+00:00 [queued]>
[2024-11-25T16:19:22.458+0000] {taskinstance.py:2076} INFO - Dependencies all met for dep_context=requeueable deps ti=<TaskInstance: weather-forecast-dag.transform scheduled__2024-11-25T13:00:00+00:00 [queued]>
[2024-11-25T16:19:22.459+0000] {taskinstance.py:2306} INFO - Starting attempt 1 of 2
[2024-11-25T16:19:22.626+0000] {taskinstance.py:2330} INFO - Executing <Task(PythonOperator): transform> on 2024-11-25 13:00:00+00:00
[2024-11-25T16:19:22.648+0000] {logging_mixin.py:188} WARNING - /home/airflow/.local/lib/python3.12/site-packages/airflow/task/task_runner/standard_task_runner.py:61 DeprecationWarning: This process (pid=295) is multi-threaded, use of fork() may lead to deadlocks in the child.
[2024-11-25T16:19:22.656+0000] {standard_task_runner.py:63} INFO - Started process 324 to run task
[2024-11-25T16:19:22.656+0000] {standard_task_runner.py:90} INFO - Running: ['airflow', 'tasks', 'run', 'weather-forecast-dag', 'transform', 'scheduled__2024-11-25T13:00:00+00:00', '--job-id', '33', '--raw', '--subdir', 'DAGS_FOLDER/weather_pipeline.py', '--cfg-path', '/tmp/tmpw41svxs_']
[2024-11-25T16:19:22.661+0000] {standard_task_runner.py:91} INFO - Job 33: Subtask transform
[2024-11-25T16:19:22.699+0000] {logging_mixin.py:188} WARNING - /home/airflow/.local/lib/python3.12/site-packages/airflow/settings.py:195 DeprecationWarning: The sql_alchemy_conn option in [core] has been moved to the sql_alchemy_conn option in [database] - the old setting has been used, but please update your config.
[2024-11-25T16:19:22.806+0000] {task_command.py:426} INFO - Running <TaskInstance: weather-forecast-dag.transform scheduled__2024-11-25T13:00:00+00:00 [running]> on host 9c7ea2cc0f0f
[2024-11-25T16:19:22.970+0000] {taskinstance.py:2648} INFO - Exporting env vars: AIRFLOW_CTX_DAG_OWNER='Urbain ZE' AIRFLOW_CTX_DAG_ID='weather-forecast-dag' AIRFLOW_CTX_TASK_ID='transform' AIRFLOW_CTX_EXECUTION_DATE='2024-11-25T13:00:00+00:00' AIRFLOW_CTX_TRY_NUMBER='1' AIRFLOW_CTX_DAG_RUN_ID='scheduled__2024-11-25T13:00:00+00:00'
[2024-11-25T16:19:22.974+0000] {taskinstance.py:430} INFO - ::endgroup::
[2024-11-25T16:19:23.484+0000] {python.py:237} INFO - Done. Returned value was: None
[2024-11-25T16:19:23.485+0000] {taskinstance.py:441} INFO - ::group::Post task execution logs
[2024-11-25T16:19:23.499+0000] {taskinstance.py:1206} INFO - Marking task as SUCCESS. dag_id=weather-forecast-dag, task_id=transform, run_id=scheduled__2024-11-25T13:00:00+00:00, execution_date=20241125T130000, start_date=20241125T161922, end_date=20241125T161923
[2024-11-25T16:19:23.648+0000] {local_task_job_runner.py:240} INFO - Task exited with return code 0
[2024-11-25T16:19:23.675+0000] {taskinstance.py:3498} INFO - 1 downstream tasks scheduled from follow-on schedule check
[2024-11-25T16:19:23.680+0000] {local_task_job_runner.py:222} INFO - ::endgroup::
[2024-11-25T16:30:10.982+0000] {local_task_job_runner.py:120} INFO - ::group::Pre task execution logs
[2024-11-25T16:30:11.050+0000] {taskinstance.py:2076} INFO - Dependencies all met for dep_context=non-requeueable deps ti=<TaskInstance: weather-forecast-dag.transform scheduled__2024-11-25T13:00:00+00:00 [queued]>
[2024-11-25T16:30:11.069+0000] {taskinstance.py:2076} INFO - Dependencies all met for dep_context=requeueable deps ti=<TaskInstance: weather-forecast-dag.transform scheduled__2024-11-25T13:00:00+00:00 [queued]>
[2024-11-25T16:30:11.070+0000] {taskinstance.py:2306} INFO - Starting attempt 1 of 2
[2024-11-25T16:30:11.102+0000] {taskinstance.py:2330} INFO - Executing <Task(PythonOperator): transform> on 2024-11-25 13:00:00+00:00
[2024-11-25T16:30:11.121+0000] {logging_mixin.py:188} WARNING - /home/airflow/.local/lib/python3.12/site-packages/airflow/task/task_runner/standard_task_runner.py:61 DeprecationWarning: This process (pid=271) is multi-threaded, use of fork() may lead to deadlocks in the child.
[2024-11-25T16:30:11.124+0000] {standard_task_runner.py:63} INFO - Started process 309 to run task
[2024-11-25T16:30:11.121+0000] {standard_task_runner.py:90} INFO - Running: ['airflow', 'tasks', 'run', 'weather-forecast-dag', 'transform', 'scheduled__2024-11-25T13:00:00+00:00', '--job-id', '41', '--raw', '--subdir', 'DAGS_FOLDER/weather_pipeline.py', '--cfg-path', '/tmp/tmpbp2j3dt0']
[2024-11-25T16:30:11.127+0000] {standard_task_runner.py:91} INFO - Job 41: Subtask transform
[2024-11-25T16:30:11.157+0000] {logging_mixin.py:188} WARNING - /home/airflow/.local/lib/python3.12/site-packages/airflow/settings.py:195 DeprecationWarning: The sql_alchemy_conn option in [core] has been moved to the sql_alchemy_conn option in [database] - the old setting has been used, but please update your config.
[2024-11-25T16:30:11.217+0000] {task_command.py:426} INFO - Running <TaskInstance: weather-forecast-dag.transform scheduled__2024-11-25T13:00:00+00:00 [running]> on host eebbb4b46189
[2024-11-25T16:30:11.613+0000] {taskinstance.py:2648} INFO - Exporting env vars: AIRFLOW_CTX_DAG_OWNER='Urbain ZE' AIRFLOW_CTX_DAG_ID='weather-forecast-dag' AIRFLOW_CTX_TASK_ID='transform' AIRFLOW_CTX_EXECUTION_DATE='2024-11-25T13:00:00+00:00' AIRFLOW_CTX_TRY_NUMBER='1' AIRFLOW_CTX_DAG_RUN_ID='scheduled__2024-11-25T13:00:00+00:00'
[2024-11-25T16:30:11.622+0000] {taskinstance.py:430} INFO - ::endgroup::
[2024-11-25T16:30:12.725+0000] {python.py:237} INFO - Done. Returned value was: None
[2024-11-25T16:30:12.727+0000] {taskinstance.py:441} INFO - ::group::Post task execution logs
[2024-11-25T16:30:12.735+0000] {taskinstance.py:1206} INFO - Marking task as SUCCESS. dag_id=weather-forecast-dag, task_id=transform, run_id=scheduled__2024-11-25T13:00:00+00:00, execution_date=20241125T130000, start_date=20241125T163011, end_date=20241125T163012
[2024-11-25T16:30:12.826+0000] {local_task_job_runner.py:240} INFO - Task exited with return code 0
[2024-11-25T16:30:12.861+0000] {taskinstance.py:3498} INFO - 1 downstream tasks scheduled from follow-on schedule check
[2024-11-25T16:30:12.866+0000] {local_task_job_runner.py:222} INFO - ::endgroup::
