[2024-11-25T14:00:01.061+0000] {local_task_job_runner.py:120} INFO - ::group::Pre task execution logs
[2024-11-25T14:00:01.081+0000] {taskinstance.py:2076} INFO - Dependencies all met for dep_context=non-requeueable deps ti=<TaskInstance: weather-forecast-dag.extract scheduled__2024-11-25T13:00:00+00:00 [queued]>
[2024-11-25T14:00:01.087+0000] {taskinstance.py:2076} INFO - Dependencies all met for dep_context=requeueable deps ti=<TaskInstance: weather-forecast-dag.extract scheduled__2024-11-25T13:00:00+00:00 [queued]>
[2024-11-25T14:00:01.088+0000] {taskinstance.py:2306} INFO - Starting attempt 1 of 2
[2024-11-25T14:00:01.098+0000] {taskinstance.py:2330} INFO - Executing <Task(PythonOperator): extract> on 2024-11-25 13:00:00+00:00
[2024-11-25T14:00:01.104+0000] {logging_mixin.py:188} WARNING - /home/airflow/.local/lib/python3.12/site-packages/airflow/task/task_runner/standard_task_runner.py:61 DeprecationWarning: This process (pid=439) is multi-threaded, use of fork() may lead to deadlocks in the child.
[2024-11-25T14:00:01.105+0000] {standard_task_runner.py:63} INFO - Started process 441 to run task
[2024-11-25T14:00:01.104+0000] {standard_task_runner.py:90} INFO - Running: ['airflow', 'tasks', 'run', 'weather-forecast-dag', 'extract', 'scheduled__2024-11-25T13:00:00+00:00', '--job-id', '41', '--raw', '--subdir', 'DAGS_FOLDER/weather_pipeline.py', '--cfg-path', '/tmp/tmphjxasocb']
[2024-11-25T14:00:01.106+0000] {standard_task_runner.py:91} INFO - Job 41: Subtask extract
[2024-11-25T14:00:01.119+0000] {logging_mixin.py:188} WARNING - /home/airflow/.local/lib/python3.12/site-packages/airflow/settings.py:195 DeprecationWarning: The sql_alchemy_conn option in [core] has been moved to the sql_alchemy_conn option in [database] - the old setting has been used, but please update your config.
[2024-11-25T14:00:01.147+0000] {task_command.py:426} INFO - Running <TaskInstance: weather-forecast-dag.extract scheduled__2024-11-25T13:00:00+00:00 [running]> on host 4f4780ae54ec
[2024-11-25T14:00:01.209+0000] {taskinstance.py:2648} INFO - Exporting env vars: AIRFLOW_CTX_DAG_OWNER='Urbain ZE' AIRFLOW_CTX_DAG_ID='weather-forecast-dag' AIRFLOW_CTX_TASK_ID='extract' AIRFLOW_CTX_EXECUTION_DATE='2024-11-25T13:00:00+00:00' AIRFLOW_CTX_TRY_NUMBER='1' AIRFLOW_CTX_DAG_RUN_ID='scheduled__2024-11-25T13:00:00+00:00'
[2024-11-25T14:00:01.210+0000] {taskinstance.py:430} INFO - ::endgroup::
[2024-11-25T14:00:02.347+0000] {python.py:237} INFO - Done. Returned value was: None
[2024-11-25T14:00:02.348+0000] {taskinstance.py:441} INFO - ::group::Post task execution logs
[2024-11-25T14:00:02.355+0000] {taskinstance.py:1206} INFO - Marking task as SUCCESS. dag_id=weather-forecast-dag, task_id=extract, run_id=scheduled__2024-11-25T13:00:00+00:00, execution_date=20241125T130000, start_date=20241125T140001, end_date=20241125T140002
[2024-11-25T14:00:02.404+0000] {local_task_job_runner.py:240} INFO - Task exited with return code 0
[2024-11-25T14:00:02.421+0000] {taskinstance.py:3498} INFO - 1 downstream tasks scheduled from follow-on schedule check
[2024-11-25T14:00:02.425+0000] {local_task_job_runner.py:222} INFO - ::endgroup::
[2024-11-25T16:19:19.270+0000] {local_task_job_runner.py:120} INFO - ::group::Pre task execution logs
[2024-11-25T16:19:19.326+0000] {taskinstance.py:2076} INFO - Dependencies all met for dep_context=non-requeueable deps ti=<TaskInstance: weather-forecast-dag.extract scheduled__2024-11-25T13:00:00+00:00 [queued]>
[2024-11-25T16:19:19.335+0000] {taskinstance.py:2076} INFO - Dependencies all met for dep_context=requeueable deps ti=<TaskInstance: weather-forecast-dag.extract scheduled__2024-11-25T13:00:00+00:00 [queued]>
[2024-11-25T16:19:19.336+0000] {taskinstance.py:2306} INFO - Starting attempt 1 of 2
[2024-11-25T16:19:19.403+0000] {taskinstance.py:2330} INFO - Executing <Task(PythonOperator): extract> on 2024-11-25 13:00:00+00:00
[2024-11-25T16:19:19.419+0000] {logging_mixin.py:188} WARNING - /home/airflow/.local/lib/python3.12/site-packages/airflow/task/task_runner/standard_task_runner.py:61 DeprecationWarning: This process (pid=246) is multi-threaded, use of fork() may lead to deadlocks in the child.
[2024-11-25T16:19:19.422+0000] {standard_task_runner.py:63} INFO - Started process 261 to run task
[2024-11-25T16:19:19.422+0000] {standard_task_runner.py:90} INFO - Running: ['airflow', 'tasks', 'run', 'weather-forecast-dag', 'extract', 'scheduled__2024-11-25T13:00:00+00:00', '--job-id', '16', '--raw', '--subdir', 'DAGS_FOLDER/weather_pipeline.py', '--cfg-path', '/tmp/tmpyqg0zm73']
[2024-11-25T16:19:19.427+0000] {standard_task_runner.py:91} INFO - Job 16: Subtask extract
[2024-11-25T16:19:19.511+0000] {logging_mixin.py:188} WARNING - /home/airflow/.local/lib/python3.12/site-packages/airflow/settings.py:195 DeprecationWarning: The sql_alchemy_conn option in [core] has been moved to the sql_alchemy_conn option in [database] - the old setting has been used, but please update your config.
[2024-11-25T16:19:19.581+0000] {task_command.py:426} INFO - Running <TaskInstance: weather-forecast-dag.extract scheduled__2024-11-25T13:00:00+00:00 [running]> on host 9c7ea2cc0f0f
[2024-11-25T16:19:19.835+0000] {taskinstance.py:2648} INFO - Exporting env vars: AIRFLOW_CTX_DAG_OWNER='Urbain ZE' AIRFLOW_CTX_DAG_ID='weather-forecast-dag' AIRFLOW_CTX_TASK_ID='extract' AIRFLOW_CTX_EXECUTION_DATE='2024-11-25T13:00:00+00:00' AIRFLOW_CTX_TRY_NUMBER='1' AIRFLOW_CTX_DAG_RUN_ID='scheduled__2024-11-25T13:00:00+00:00'
[2024-11-25T16:19:19.837+0000] {taskinstance.py:430} INFO - ::endgroup::
[2024-11-25T16:19:20.961+0000] {python.py:237} INFO - Done. Returned value was: None
[2024-11-25T16:19:20.965+0000] {taskinstance.py:441} INFO - ::group::Post task execution logs
[2024-11-25T16:19:20.983+0000] {taskinstance.py:1206} INFO - Marking task as SUCCESS. dag_id=weather-forecast-dag, task_id=extract, run_id=scheduled__2024-11-25T13:00:00+00:00, execution_date=20241125T130000, start_date=20241125T161919, end_date=20241125T161920
[2024-11-25T16:19:21.133+0000] {local_task_job_runner.py:240} INFO - Task exited with return code 0
[2024-11-25T16:19:21.168+0000] {taskinstance.py:3498} INFO - 1 downstream tasks scheduled from follow-on schedule check
[2024-11-25T16:19:21.218+0000] {local_task_job_runner.py:222} INFO - ::endgroup::
[2024-11-25T16:30:06.927+0000] {local_task_job_runner.py:120} INFO - ::group::Pre task execution logs
[2024-11-25T16:30:06.962+0000] {taskinstance.py:2076} INFO - Dependencies all met for dep_context=non-requeueable deps ti=<TaskInstance: weather-forecast-dag.extract scheduled__2024-11-25T13:00:00+00:00 [queued]>
[2024-11-25T16:30:06.969+0000] {taskinstance.py:2076} INFO - Dependencies all met for dep_context=requeueable deps ti=<TaskInstance: weather-forecast-dag.extract scheduled__2024-11-25T13:00:00+00:00 [queued]>
[2024-11-25T16:30:06.970+0000] {taskinstance.py:2306} INFO - Starting attempt 1 of 2
[2024-11-25T16:30:07.475+0000] {taskinstance.py:2330} INFO - Executing <Task(PythonOperator): extract> on 2024-11-25 13:00:00+00:00
[2024-11-25T16:30:07.489+0000] {logging_mixin.py:188} WARNING - /home/airflow/.local/lib/python3.12/site-packages/airflow/task/task_runner/standard_task_runner.py:61 DeprecationWarning: This process (pid=222) is multi-threaded, use of fork() may lead to deadlocks in the child.
[2024-11-25T16:30:07.491+0000] {standard_task_runner.py:63} INFO - Started process 243 to run task
[2024-11-25T16:30:07.489+0000] {standard_task_runner.py:90} INFO - Running: ['airflow', 'tasks', 'run', 'weather-forecast-dag', 'extract', 'scheduled__2024-11-25T13:00:00+00:00', '--job-id', '17', '--raw', '--subdir', 'DAGS_FOLDER/weather_pipeline.py', '--cfg-path', '/tmp/tmpfj11ms9s']
[2024-11-25T16:30:07.493+0000] {standard_task_runner.py:91} INFO - Job 17: Subtask extract
[2024-11-25T16:30:07.754+0000] {logging_mixin.py:188} WARNING - /home/airflow/.local/lib/python3.12/site-packages/airflow/settings.py:195 DeprecationWarning: The sql_alchemy_conn option in [core] has been moved to the sql_alchemy_conn option in [database] - the old setting has been used, but please update your config.
[2024-11-25T16:30:07.836+0000] {task_command.py:426} INFO - Running <TaskInstance: weather-forecast-dag.extract scheduled__2024-11-25T13:00:00+00:00 [running]> on host eebbb4b46189
[2024-11-25T16:30:07.988+0000] {taskinstance.py:2648} INFO - Exporting env vars: AIRFLOW_CTX_DAG_OWNER='Urbain ZE' AIRFLOW_CTX_DAG_ID='weather-forecast-dag' AIRFLOW_CTX_TASK_ID='extract' AIRFLOW_CTX_EXECUTION_DATE='2024-11-25T13:00:00+00:00' AIRFLOW_CTX_TRY_NUMBER='1' AIRFLOW_CTX_DAG_RUN_ID='scheduled__2024-11-25T13:00:00+00:00'
[2024-11-25T16:30:07.991+0000] {taskinstance.py:430} INFO - ::endgroup::
[2024-11-25T16:30:08.820+0000] {python.py:237} INFO - Done. Returned value was: None
[2024-11-25T16:30:08.821+0000] {taskinstance.py:441} INFO - ::group::Post task execution logs
[2024-11-25T16:30:08.831+0000] {taskinstance.py:1206} INFO - Marking task as SUCCESS. dag_id=weather-forecast-dag, task_id=extract, run_id=scheduled__2024-11-25T13:00:00+00:00, execution_date=20241125T130000, start_date=20241125T163006, end_date=20241125T163008
[2024-11-25T16:30:08.878+0000] {local_task_job_runner.py:240} INFO - Task exited with return code 0
[2024-11-25T16:30:08.920+0000] {taskinstance.py:3498} INFO - 1 downstream tasks scheduled from follow-on schedule check
[2024-11-25T16:30:08.926+0000] {local_task_job_runner.py:222} INFO - ::endgroup::
