[2024-11-25T13:34:34.320+0000] {local_task_job_runner.py:120} INFO - ::group::Pre task execution logs
[2024-11-25T13:34:34.412+0000] {taskinstance.py:2076} INFO - Dependencies all met for dep_context=non-requeueable deps ti=<TaskInstance: weather-forecast-dag.extract scheduled__2024-11-25T06:00:00+00:00 [queued]>
[2024-11-25T13:34:34.434+0000] {taskinstance.py:2076} INFO - Dependencies all met for dep_context=requeueable deps ti=<TaskInstance: weather-forecast-dag.extract scheduled__2024-11-25T06:00:00+00:00 [queued]>
[2024-11-25T13:34:34.435+0000] {taskinstance.py:2306} INFO - Starting attempt 1 of 2
[2024-11-25T13:34:34.527+0000] {taskinstance.py:2330} INFO - Executing <Task(PythonOperator): extract> on 2024-11-25 06:00:00+00:00
[2024-11-25T13:34:34.544+0000] {logging_mixin.py:188} WARNING - /home/airflow/.local/lib/python3.12/site-packages/airflow/task/task_runner/standard_task_runner.py:61 DeprecationWarning: This process (pid=191) is multi-threaded, use of fork() may lead to deadlocks in the child.
[2024-11-25T13:34:34.546+0000] {standard_task_runner.py:63} INFO - Started process 213 to run task
[2024-11-25T13:34:34.544+0000] {standard_task_runner.py:90} INFO - Running: ['airflow', 'tasks', 'run', 'weather-forecast-dag', 'extract', 'scheduled__2024-11-25T06:00:00+00:00', '--job-id', '10', '--raw', '--subdir', 'DAGS_FOLDER/weather_pipeline.py', '--cfg-path', '/tmp/tmpii65pk8b']
[2024-11-25T13:34:34.548+0000] {standard_task_runner.py:91} INFO - Job 10: Subtask extract
[2024-11-25T13:34:34.577+0000] {logging_mixin.py:188} WARNING - /home/airflow/.local/lib/python3.12/site-packages/airflow/settings.py:195 DeprecationWarning: The sql_alchemy_conn option in [core] has been moved to the sql_alchemy_conn option in [database] - the old setting has been used, but please update your config.
[2024-11-25T13:34:34.646+0000] {task_command.py:426} INFO - Running <TaskInstance: weather-forecast-dag.extract scheduled__2024-11-25T06:00:00+00:00 [running]> on host 8a6a192a668b
[2024-11-25T13:34:34.834+0000] {taskinstance.py:2648} INFO - Exporting env vars: AIRFLOW_CTX_DAG_OWNER='Urbain ZE' AIRFLOW_CTX_DAG_ID='weather-forecast-dag' AIRFLOW_CTX_TASK_ID='extract' AIRFLOW_CTX_EXECUTION_DATE='2024-11-25T06:00:00+00:00' AIRFLOW_CTX_TRY_NUMBER='1' AIRFLOW_CTX_DAG_RUN_ID='scheduled__2024-11-25T06:00:00+00:00'
[2024-11-25T13:34:34.838+0000] {taskinstance.py:430} INFO - ::endgroup::
[2024-11-25T13:34:35.623+0000] {python.py:237} INFO - Done. Returned value was: None
[2024-11-25T13:34:35.625+0000] {taskinstance.py:441} INFO - ::group::Post task execution logs
[2024-11-25T13:34:35.639+0000] {taskinstance.py:1206} INFO - Marking task as SUCCESS. dag_id=weather-forecast-dag, task_id=extract, run_id=scheduled__2024-11-25T06:00:00+00:00, execution_date=20241125T060000, start_date=20241125T133434, end_date=20241125T133435
[2024-11-25T13:34:35.698+0000] {local_task_job_runner.py:240} INFO - Task exited with return code 0
[2024-11-25T13:34:35.745+0000] {taskinstance.py:3498} INFO - 1 downstream tasks scheduled from follow-on schedule check
[2024-11-25T13:34:35.759+0000] {local_task_job_runner.py:222} INFO - ::endgroup::
[2024-11-25T13:48:19.301+0000] {local_task_job_runner.py:120} INFO - ::group::Pre task execution logs
[2024-11-25T13:48:19.348+0000] {taskinstance.py:2076} INFO - Dependencies all met for dep_context=non-requeueable deps ti=<TaskInstance: weather-forecast-dag.extract scheduled__2024-11-25T06:00:00+00:00 [queued]>
[2024-11-25T13:48:19.360+0000] {taskinstance.py:2076} INFO - Dependencies all met for dep_context=requeueable deps ti=<TaskInstance: weather-forecast-dag.extract scheduled__2024-11-25T06:00:00+00:00 [queued]>
[2024-11-25T13:48:19.361+0000] {taskinstance.py:2306} INFO - Starting attempt 1 of 2
[2024-11-25T13:48:19.415+0000] {taskinstance.py:2330} INFO - Executing <Task(PythonOperator): extract> on 2024-11-25 06:00:00+00:00
[2024-11-25T13:48:19.432+0000] {logging_mixin.py:188} WARNING - /home/airflow/.local/lib/python3.12/site-packages/airflow/task/task_runner/standard_task_runner.py:61 DeprecationWarning: This process (pid=195) is multi-threaded, use of fork() may lead to deadlocks in the child.
[2024-11-25T13:48:19.435+0000] {standard_task_runner.py:63} INFO - Started process 212 to run task
[2024-11-25T13:48:19.432+0000] {standard_task_runner.py:90} INFO - Running: ['airflow', 'tasks', 'run', 'weather-forecast-dag', 'extract', 'scheduled__2024-11-25T06:00:00+00:00', '--job-id', '8', '--raw', '--subdir', 'DAGS_FOLDER/weather_pipeline.py', '--cfg-path', '/tmp/tmpo_ctvqkr']
[2024-11-25T13:48:19.438+0000] {standard_task_runner.py:91} INFO - Job 8: Subtask extract
[2024-11-25T13:48:19.477+0000] {logging_mixin.py:188} WARNING - /home/airflow/.local/lib/python3.12/site-packages/airflow/settings.py:195 DeprecationWarning: The sql_alchemy_conn option in [core] has been moved to the sql_alchemy_conn option in [database] - the old setting has been used, but please update your config.
[2024-11-25T13:48:19.549+0000] {task_command.py:426} INFO - Running <TaskInstance: weather-forecast-dag.extract scheduled__2024-11-25T06:00:00+00:00 [running]> on host 4f4780ae54ec
[2024-11-25T13:48:19.872+0000] {taskinstance.py:2648} INFO - Exporting env vars: AIRFLOW_CTX_DAG_OWNER='Urbain ZE' AIRFLOW_CTX_DAG_ID='weather-forecast-dag' AIRFLOW_CTX_TASK_ID='extract' AIRFLOW_CTX_EXECUTION_DATE='2024-11-25T06:00:00+00:00' AIRFLOW_CTX_TRY_NUMBER='1' AIRFLOW_CTX_DAG_RUN_ID='scheduled__2024-11-25T06:00:00+00:00'
[2024-11-25T13:48:19.874+0000] {taskinstance.py:430} INFO - ::endgroup::
[2024-11-25T13:48:20.767+0000] {python.py:237} INFO - Done. Returned value was: None
[2024-11-25T13:48:20.769+0000] {taskinstance.py:441} INFO - ::group::Post task execution logs
[2024-11-25T13:48:20.783+0000] {taskinstance.py:1206} INFO - Marking task as SUCCESS. dag_id=weather-forecast-dag, task_id=extract, run_id=scheduled__2024-11-25T06:00:00+00:00, execution_date=20241125T060000, start_date=20241125T134819, end_date=20241125T134820
[2024-11-25T13:48:20.858+0000] {local_task_job_runner.py:240} INFO - Task exited with return code 0
[2024-11-25T13:48:20.895+0000] {taskinstance.py:3498} INFO - 1 downstream tasks scheduled from follow-on schedule check
[2024-11-25T13:48:20.911+0000] {local_task_job_runner.py:222} INFO - ::endgroup::
[2024-11-25T16:19:17.595+0000] {local_task_job_runner.py:120} INFO - ::group::Pre task execution logs
[2024-11-25T16:19:17.665+0000] {taskinstance.py:2076} INFO - Dependencies all met for dep_context=non-requeueable deps ti=<TaskInstance: weather-forecast-dag.extract scheduled__2024-11-25T06:00:00+00:00 [queued]>
[2024-11-25T16:19:17.685+0000] {taskinstance.py:2076} INFO - Dependencies all met for dep_context=requeueable deps ti=<TaskInstance: weather-forecast-dag.extract scheduled__2024-11-25T06:00:00+00:00 [queued]>
[2024-11-25T16:19:17.687+0000] {taskinstance.py:2306} INFO - Starting attempt 1 of 2
[2024-11-25T16:19:17.795+0000] {taskinstance.py:2330} INFO - Executing <Task(PythonOperator): extract> on 2024-11-25 06:00:00+00:00
[2024-11-25T16:19:17.811+0000] {logging_mixin.py:188} WARNING - /home/airflow/.local/lib/python3.12/site-packages/airflow/task/task_runner/standard_task_runner.py:61 DeprecationWarning: This process (pid=220) is multi-threaded, use of fork() may lead to deadlocks in the child.
[2024-11-25T16:19:17.813+0000] {standard_task_runner.py:63} INFO - Started process 236 to run task
[2024-11-25T16:19:17.814+0000] {standard_task_runner.py:90} INFO - Running: ['airflow', 'tasks', 'run', 'weather-forecast-dag', 'extract', 'scheduled__2024-11-25T06:00:00+00:00', '--job-id', '8', '--raw', '--subdir', 'DAGS_FOLDER/weather_pipeline.py', '--cfg-path', '/tmp/tmp0mq6os_l']
[2024-11-25T16:19:17.819+0000] {standard_task_runner.py:91} INFO - Job 8: Subtask extract
[2024-11-25T16:19:17.852+0000] {logging_mixin.py:188} WARNING - /home/airflow/.local/lib/python3.12/site-packages/airflow/settings.py:195 DeprecationWarning: The sql_alchemy_conn option in [core] has been moved to the sql_alchemy_conn option in [database] - the old setting has been used, but please update your config.
[2024-11-25T16:19:17.931+0000] {task_command.py:426} INFO - Running <TaskInstance: weather-forecast-dag.extract scheduled__2024-11-25T06:00:00+00:00 [running]> on host 9c7ea2cc0f0f
[2024-11-25T16:19:18.125+0000] {taskinstance.py:2648} INFO - Exporting env vars: AIRFLOW_CTX_DAG_OWNER='Urbain ZE' AIRFLOW_CTX_DAG_ID='weather-forecast-dag' AIRFLOW_CTX_TASK_ID='extract' AIRFLOW_CTX_EXECUTION_DATE='2024-11-25T06:00:00+00:00' AIRFLOW_CTX_TRY_NUMBER='1' AIRFLOW_CTX_DAG_RUN_ID='scheduled__2024-11-25T06:00:00+00:00'
[2024-11-25T16:19:18.128+0000] {taskinstance.py:430} INFO - ::endgroup::
[2024-11-25T16:19:18.939+0000] {python.py:237} INFO - Done. Returned value was: None
[2024-11-25T16:19:18.945+0000] {taskinstance.py:441} INFO - ::group::Post task execution logs
[2024-11-25T16:19:18.983+0000] {taskinstance.py:1206} INFO - Marking task as SUCCESS. dag_id=weather-forecast-dag, task_id=extract, run_id=scheduled__2024-11-25T06:00:00+00:00, execution_date=20241125T060000, start_date=20241125T161917, end_date=20241125T161918
[2024-11-25T16:19:19.088+0000] {local_task_job_runner.py:240} INFO - Task exited with return code 0
[2024-11-25T16:19:19.134+0000] {taskinstance.py:3498} INFO - 1 downstream tasks scheduled from follow-on schedule check
[2024-11-25T16:19:19.204+0000] {local_task_job_runner.py:222} INFO - ::endgroup::
[2024-11-25T16:30:05.525+0000] {local_task_job_runner.py:120} INFO - ::group::Pre task execution logs
[2024-11-25T16:30:05.565+0000] {taskinstance.py:2076} INFO - Dependencies all met for dep_context=non-requeueable deps ti=<TaskInstance: weather-forecast-dag.extract scheduled__2024-11-25T06:00:00+00:00 [queued]>
[2024-11-25T16:30:05.577+0000] {taskinstance.py:2076} INFO - Dependencies all met for dep_context=requeueable deps ti=<TaskInstance: weather-forecast-dag.extract scheduled__2024-11-25T06:00:00+00:00 [queued]>
[2024-11-25T16:30:05.578+0000] {taskinstance.py:2306} INFO - Starting attempt 1 of 2
[2024-11-25T16:30:05.651+0000] {taskinstance.py:2330} INFO - Executing <Task(PythonOperator): extract> on 2024-11-25 06:00:00+00:00
[2024-11-25T16:30:05.662+0000] {logging_mixin.py:188} WARNING - /home/airflow/.local/lib/python3.12/site-packages/airflow/task/task_runner/standard_task_runner.py:61 DeprecationWarning: This process (pid=197) is multi-threaded, use of fork() may lead to deadlocks in the child.
[2024-11-25T16:30:05.665+0000] {standard_task_runner.py:63} INFO - Started process 212 to run task
[2024-11-25T16:30:05.665+0000] {standard_task_runner.py:90} INFO - Running: ['airflow', 'tasks', 'run', 'weather-forecast-dag', 'extract', 'scheduled__2024-11-25T06:00:00+00:00', '--job-id', '8', '--raw', '--subdir', 'DAGS_FOLDER/weather_pipeline.py', '--cfg-path', '/tmp/tmpiwidjmo_']
[2024-11-25T16:30:05.669+0000] {standard_task_runner.py:91} INFO - Job 8: Subtask extract
[2024-11-25T16:30:05.704+0000] {logging_mixin.py:188} WARNING - /home/airflow/.local/lib/python3.12/site-packages/airflow/settings.py:195 DeprecationWarning: The sql_alchemy_conn option in [core] has been moved to the sql_alchemy_conn option in [database] - the old setting has been used, but please update your config.
[2024-11-25T16:30:05.766+0000] {task_command.py:426} INFO - Running <TaskInstance: weather-forecast-dag.extract scheduled__2024-11-25T06:00:00+00:00 [running]> on host eebbb4b46189
[2024-11-25T16:30:05.886+0000] {taskinstance.py:2648} INFO - Exporting env vars: AIRFLOW_CTX_DAG_OWNER='Urbain ZE' AIRFLOW_CTX_DAG_ID='weather-forecast-dag' AIRFLOW_CTX_TASK_ID='extract' AIRFLOW_CTX_EXECUTION_DATE='2024-11-25T06:00:00+00:00' AIRFLOW_CTX_TRY_NUMBER='1' AIRFLOW_CTX_DAG_RUN_ID='scheduled__2024-11-25T06:00:00+00:00'
[2024-11-25T16:30:05.888+0000] {taskinstance.py:430} INFO - ::endgroup::
[2024-11-25T16:30:06.486+0000] {python.py:237} INFO - Done. Returned value was: None
[2024-11-25T16:30:06.489+0000] {taskinstance.py:441} INFO - ::group::Post task execution logs
[2024-11-25T16:30:06.513+0000] {taskinstance.py:1206} INFO - Marking task as SUCCESS. dag_id=weather-forecast-dag, task_id=extract, run_id=scheduled__2024-11-25T06:00:00+00:00, execution_date=20241125T060000, start_date=20241125T163005, end_date=20241125T163006
[2024-11-25T16:30:06.725+0000] {local_task_job_runner.py:240} INFO - Task exited with return code 0
[2024-11-25T16:30:06.772+0000] {taskinstance.py:3498} INFO - 1 downstream tasks scheduled from follow-on schedule check
[2024-11-25T16:30:06.791+0000] {local_task_job_runner.py:222} INFO - ::endgroup::
