[2024-11-25T13:34:34.666+0000] {local_task_job_runner.py:120} INFO - ::group::Pre task execution logs
[2024-11-25T13:34:34.717+0000] {taskinstance.py:2076} INFO - Dependencies all met for dep_context=non-requeueable deps ti=<TaskInstance: weather-forecast-dag.extract scheduled__2024-11-25T08:00:00+00:00 [queued]>
[2024-11-25T13:34:34.734+0000] {taskinstance.py:2076} INFO - Dependencies all met for dep_context=requeueable deps ti=<TaskInstance: weather-forecast-dag.extract scheduled__2024-11-25T08:00:00+00:00 [queued]>
[2024-11-25T13:34:34.735+0000] {taskinstance.py:2306} INFO - Starting attempt 1 of 2
[2024-11-25T13:34:34.787+0000] {taskinstance.py:2330} INFO - Executing <Task(PythonOperator): extract> on 2024-11-25 08:00:00+00:00
[2024-11-25T13:34:34.801+0000] {logging_mixin.py:188} WARNING - /home/airflow/.local/lib/python3.12/site-packages/airflow/task/task_runner/standard_task_runner.py:61 DeprecationWarning: This process (pid=200) is multi-threaded, use of fork() may lead to deadlocks in the child.
[2024-11-25T13:34:34.804+0000] {standard_task_runner.py:63} INFO - Started process 218 to run task
[2024-11-25T13:34:34.802+0000] {standard_task_runner.py:90} INFO - Running: ['airflow', 'tasks', 'run', 'weather-forecast-dag', 'extract', 'scheduled__2024-11-25T08:00:00+00:00', '--job-id', '11', '--raw', '--subdir', 'DAGS_FOLDER/weather_pipeline.py', '--cfg-path', '/tmp/tmp5c1c63xd']
[2024-11-25T13:34:34.808+0000] {standard_task_runner.py:91} INFO - Job 11: Subtask extract
[2024-11-25T13:34:34.840+0000] {logging_mixin.py:188} WARNING - /home/airflow/.local/lib/python3.12/site-packages/airflow/settings.py:195 DeprecationWarning: The sql_alchemy_conn option in [core] has been moved to the sql_alchemy_conn option in [database] - the old setting has been used, but please update your config.
[2024-11-25T13:34:34.921+0000] {task_command.py:426} INFO - Running <TaskInstance: weather-forecast-dag.extract scheduled__2024-11-25T08:00:00+00:00 [running]> on host 8a6a192a668b
[2024-11-25T13:34:35.077+0000] {taskinstance.py:2648} INFO - Exporting env vars: AIRFLOW_CTX_DAG_OWNER='Urbain ZE' AIRFLOW_CTX_DAG_ID='weather-forecast-dag' AIRFLOW_CTX_TASK_ID='extract' AIRFLOW_CTX_EXECUTION_DATE='2024-11-25T08:00:00+00:00' AIRFLOW_CTX_TRY_NUMBER='1' AIRFLOW_CTX_DAG_RUN_ID='scheduled__2024-11-25T08:00:00+00:00'
[2024-11-25T13:34:35.080+0000] {taskinstance.py:430} INFO - ::endgroup::
[2024-11-25T13:34:36.276+0000] {python.py:237} INFO - Done. Returned value was: None
[2024-11-25T13:34:36.279+0000] {taskinstance.py:441} INFO - ::group::Post task execution logs
[2024-11-25T13:34:36.298+0000] {taskinstance.py:1206} INFO - Marking task as SUCCESS. dag_id=weather-forecast-dag, task_id=extract, run_id=scheduled__2024-11-25T08:00:00+00:00, execution_date=20241125T080000, start_date=20241125T133434, end_date=20241125T133436
[2024-11-25T13:34:36.368+0000] {local_task_job_runner.py:240} INFO - Task exited with return code 0
[2024-11-25T13:34:36.406+0000] {taskinstance.py:3498} INFO - 1 downstream tasks scheduled from follow-on schedule check
[2024-11-25T13:34:36.412+0000] {local_task_job_runner.py:222} INFO - ::endgroup::
[2024-11-25T13:48:19.678+0000] {local_task_job_runner.py:120} INFO - ::group::Pre task execution logs
[2024-11-25T13:48:19.725+0000] {taskinstance.py:2076} INFO - Dependencies all met for dep_context=non-requeueable deps ti=<TaskInstance: weather-forecast-dag.extract scheduled__2024-11-25T08:00:00+00:00 [queued]>
[2024-11-25T13:48:19.737+0000] {taskinstance.py:2076} INFO - Dependencies all met for dep_context=requeueable deps ti=<TaskInstance: weather-forecast-dag.extract scheduled__2024-11-25T08:00:00+00:00 [queued]>
[2024-11-25T13:48:19.738+0000] {taskinstance.py:2306} INFO - Starting attempt 1 of 2
[2024-11-25T13:48:19.851+0000] {taskinstance.py:2330} INFO - Executing <Task(PythonOperator): extract> on 2024-11-25 08:00:00+00:00
[2024-11-25T13:48:19.867+0000] {logging_mixin.py:188} WARNING - /home/airflow/.local/lib/python3.12/site-packages/airflow/task/task_runner/standard_task_runner.py:61 DeprecationWarning: This process (pid=203) is multi-threaded, use of fork() may lead to deadlocks in the child.
[2024-11-25T13:48:19.869+0000] {standard_task_runner.py:63} INFO - Started process 217 to run task
[2024-11-25T13:48:19.868+0000] {standard_task_runner.py:90} INFO - Running: ['airflow', 'tasks', 'run', 'weather-forecast-dag', 'extract', 'scheduled__2024-11-25T08:00:00+00:00', '--job-id', '10', '--raw', '--subdir', 'DAGS_FOLDER/weather_pipeline.py', '--cfg-path', '/tmp/tmpbywpmtl2']
[2024-11-25T13:48:19.871+0000] {standard_task_runner.py:91} INFO - Job 10: Subtask extract
[2024-11-25T13:48:19.897+0000] {logging_mixin.py:188} WARNING - /home/airflow/.local/lib/python3.12/site-packages/airflow/settings.py:195 DeprecationWarning: The sql_alchemy_conn option in [core] has been moved to the sql_alchemy_conn option in [database] - the old setting has been used, but please update your config.
[2024-11-25T13:48:19.962+0000] {task_command.py:426} INFO - Running <TaskInstance: weather-forecast-dag.extract scheduled__2024-11-25T08:00:00+00:00 [running]> on host 4f4780ae54ec
[2024-11-25T13:48:20.117+0000] {taskinstance.py:2648} INFO - Exporting env vars: AIRFLOW_CTX_DAG_OWNER='Urbain ZE' AIRFLOW_CTX_DAG_ID='weather-forecast-dag' AIRFLOW_CTX_TASK_ID='extract' AIRFLOW_CTX_EXECUTION_DATE='2024-11-25T08:00:00+00:00' AIRFLOW_CTX_TRY_NUMBER='1' AIRFLOW_CTX_DAG_RUN_ID='scheduled__2024-11-25T08:00:00+00:00'
[2024-11-25T13:48:20.121+0000] {taskinstance.py:430} INFO - ::endgroup::
[2024-11-25T13:48:20.835+0000] {python.py:237} INFO - Done. Returned value was: None
[2024-11-25T13:48:20.838+0000] {taskinstance.py:441} INFO - ::group::Post task execution logs
[2024-11-25T13:48:20.853+0000] {taskinstance.py:1206} INFO - Marking task as SUCCESS. dag_id=weather-forecast-dag, task_id=extract, run_id=scheduled__2024-11-25T08:00:00+00:00, execution_date=20241125T080000, start_date=20241125T134819, end_date=20241125T134820
[2024-11-25T13:48:20.931+0000] {local_task_job_runner.py:240} INFO - Task exited with return code 0
[2024-11-25T13:48:20.974+0000] {taskinstance.py:3498} INFO - 1 downstream tasks scheduled from follow-on schedule check
[2024-11-25T13:48:20.988+0000] {local_task_job_runner.py:222} INFO - ::endgroup::
[2024-11-25T16:19:18.083+0000] {local_task_job_runner.py:120} INFO - ::group::Pre task execution logs
[2024-11-25T16:19:18.146+0000] {taskinstance.py:2076} INFO - Dependencies all met for dep_context=non-requeueable deps ti=<TaskInstance: weather-forecast-dag.extract scheduled__2024-11-25T08:00:00+00:00 [queued]>
[2024-11-25T16:19:18.165+0000] {taskinstance.py:2076} INFO - Dependencies all met for dep_context=requeueable deps ti=<TaskInstance: weather-forecast-dag.extract scheduled__2024-11-25T08:00:00+00:00 [queued]>
[2024-11-25T16:19:18.167+0000] {taskinstance.py:2306} INFO - Starting attempt 1 of 2
[2024-11-25T16:19:18.201+0000] {taskinstance.py:2330} INFO - Executing <Task(PythonOperator): extract> on 2024-11-25 08:00:00+00:00
[2024-11-25T16:19:18.217+0000] {logging_mixin.py:188} WARNING - /home/airflow/.local/lib/python3.12/site-packages/airflow/task/task_runner/standard_task_runner.py:61 DeprecationWarning: This process (pid=227) is multi-threaded, use of fork() may lead to deadlocks in the child.
[2024-11-25T16:19:18.219+0000] {standard_task_runner.py:63} INFO - Started process 241 to run task
[2024-11-25T16:19:18.217+0000] {standard_task_runner.py:90} INFO - Running: ['airflow', 'tasks', 'run', 'weather-forecast-dag', 'extract', 'scheduled__2024-11-25T08:00:00+00:00', '--job-id', '10', '--raw', '--subdir', 'DAGS_FOLDER/weather_pipeline.py', '--cfg-path', '/tmp/tmp7h1w75o0']
[2024-11-25T16:19:18.222+0000] {standard_task_runner.py:91} INFO - Job 10: Subtask extract
[2024-11-25T16:19:18.256+0000] {logging_mixin.py:188} WARNING - /home/airflow/.local/lib/python3.12/site-packages/airflow/settings.py:195 DeprecationWarning: The sql_alchemy_conn option in [core] has been moved to the sql_alchemy_conn option in [database] - the old setting has been used, but please update your config.
[2024-11-25T16:19:18.332+0000] {task_command.py:426} INFO - Running <TaskInstance: weather-forecast-dag.extract scheduled__2024-11-25T08:00:00+00:00 [running]> on host 9c7ea2cc0f0f
[2024-11-25T16:19:18.449+0000] {taskinstance.py:2648} INFO - Exporting env vars: AIRFLOW_CTX_DAG_OWNER='Urbain ZE' AIRFLOW_CTX_DAG_ID='weather-forecast-dag' AIRFLOW_CTX_TASK_ID='extract' AIRFLOW_CTX_EXECUTION_DATE='2024-11-25T08:00:00+00:00' AIRFLOW_CTX_TRY_NUMBER='1' AIRFLOW_CTX_DAG_RUN_ID='scheduled__2024-11-25T08:00:00+00:00'
[2024-11-25T16:19:18.451+0000] {taskinstance.py:430} INFO - ::endgroup::
[2024-11-25T16:19:19.245+0000] {python.py:237} INFO - Done. Returned value was: None
[2024-11-25T16:19:19.247+0000] {taskinstance.py:441} INFO - ::group::Post task execution logs
[2024-11-25T16:19:19.258+0000] {taskinstance.py:1206} INFO - Marking task as SUCCESS. dag_id=weather-forecast-dag, task_id=extract, run_id=scheduled__2024-11-25T08:00:00+00:00, execution_date=20241125T080000, start_date=20241125T161918, end_date=20241125T161919
[2024-11-25T16:19:19.571+0000] {local_task_job_runner.py:240} INFO - Task exited with return code 0
[2024-11-25T16:19:19.602+0000] {taskinstance.py:3498} INFO - 1 downstream tasks scheduled from follow-on schedule check
[2024-11-25T16:19:19.662+0000] {local_task_job_runner.py:222} INFO - ::endgroup::
[2024-11-25T16:30:05.866+0000] {local_task_job_runner.py:120} INFO - ::group::Pre task execution logs
[2024-11-25T16:30:05.908+0000] {taskinstance.py:2076} INFO - Dependencies all met for dep_context=non-requeueable deps ti=<TaskInstance: weather-forecast-dag.extract scheduled__2024-11-25T08:00:00+00:00 [queued]>
[2024-11-25T16:30:05.921+0000] {taskinstance.py:2076} INFO - Dependencies all met for dep_context=requeueable deps ti=<TaskInstance: weather-forecast-dag.extract scheduled__2024-11-25T08:00:00+00:00 [queued]>
[2024-11-25T16:30:05.922+0000] {taskinstance.py:2306} INFO - Starting attempt 1 of 2
[2024-11-25T16:30:05.950+0000] {taskinstance.py:2330} INFO - Executing <Task(PythonOperator): extract> on 2024-11-25 08:00:00+00:00
[2024-11-25T16:30:05.970+0000] {logging_mixin.py:188} WARNING - /home/airflow/.local/lib/python3.12/site-packages/airflow/task/task_runner/standard_task_runner.py:61 DeprecationWarning: This process (pid=204) is multi-threaded, use of fork() may lead to deadlocks in the child.
[2024-11-25T16:30:05.972+0000] {standard_task_runner.py:63} INFO - Started process 218 to run task
[2024-11-25T16:30:05.970+0000] {standard_task_runner.py:90} INFO - Running: ['airflow', 'tasks', 'run', 'weather-forecast-dag', 'extract', 'scheduled__2024-11-25T08:00:00+00:00', '--job-id', '10', '--raw', '--subdir', 'DAGS_FOLDER/weather_pipeline.py', '--cfg-path', '/tmp/tmp8l6rsswx']
[2024-11-25T16:30:05.974+0000] {standard_task_runner.py:91} INFO - Job 10: Subtask extract
[2024-11-25T16:30:06.000+0000] {logging_mixin.py:188} WARNING - /home/airflow/.local/lib/python3.12/site-packages/airflow/settings.py:195 DeprecationWarning: The sql_alchemy_conn option in [core] has been moved to the sql_alchemy_conn option in [database] - the old setting has been used, but please update your config.
[2024-11-25T16:30:06.068+0000] {task_command.py:426} INFO - Running <TaskInstance: weather-forecast-dag.extract scheduled__2024-11-25T08:00:00+00:00 [running]> on host eebbb4b46189
[2024-11-25T16:30:06.197+0000] {taskinstance.py:2648} INFO - Exporting env vars: AIRFLOW_CTX_DAG_OWNER='Urbain ZE' AIRFLOW_CTX_DAG_ID='weather-forecast-dag' AIRFLOW_CTX_TASK_ID='extract' AIRFLOW_CTX_EXECUTION_DATE='2024-11-25T08:00:00+00:00' AIRFLOW_CTX_TRY_NUMBER='1' AIRFLOW_CTX_DAG_RUN_ID='scheduled__2024-11-25T08:00:00+00:00'
[2024-11-25T16:30:06.199+0000] {taskinstance.py:430} INFO - ::endgroup::
[2024-11-25T16:30:06.876+0000] {python.py:237} INFO - Done. Returned value was: None
[2024-11-25T16:30:06.879+0000] {taskinstance.py:441} INFO - ::group::Post task execution logs
[2024-11-25T16:30:06.898+0000] {taskinstance.py:1206} INFO - Marking task as SUCCESS. dag_id=weather-forecast-dag, task_id=extract, run_id=scheduled__2024-11-25T08:00:00+00:00, execution_date=20241125T080000, start_date=20241125T163005, end_date=20241125T163006
[2024-11-25T16:30:07.795+0000] {local_task_job_runner.py:240} INFO - Task exited with return code 0
[2024-11-25T16:30:07.842+0000] {taskinstance.py:3498} INFO - 1 downstream tasks scheduled from follow-on schedule check
[2024-11-25T16:30:07.848+0000] {local_task_job_runner.py:222} INFO - ::endgroup::
