[2024-11-25T13:34:38.978+0000] {local_task_job_runner.py:120} INFO - ::group::Pre task execution logs
[2024-11-25T13:34:39.044+0000] {taskinstance.py:2076} INFO - Dependencies all met for dep_context=non-requeueable deps ti=<TaskInstance: weather-forecast-dag.transform scheduled__2024-11-25T08:00:00+00:00 [queued]>
[2024-11-25T13:34:39.064+0000] {taskinstance.py:2076} INFO - Dependencies all met for dep_context=requeueable deps ti=<TaskInstance: weather-forecast-dag.transform scheduled__2024-11-25T08:00:00+00:00 [queued]>
[2024-11-25T13:34:39.065+0000] {taskinstance.py:2306} INFO - Starting attempt 1 of 2
[2024-11-25T13:34:39.096+0000] {taskinstance.py:2330} INFO - Executing <Task(PythonOperator): transform> on 2024-11-25 08:00:00+00:00
[2024-11-25T13:34:39.113+0000] {logging_mixin.py:188} WARNING - /home/airflow/.local/lib/python3.12/site-packages/airflow/task/task_runner/standard_task_runner.py:61 DeprecationWarning: This process (pid=253) is multi-threaded, use of fork() may lead to deadlocks in the child.
[2024-11-25T13:34:39.111+0000] {standard_task_runner.py:90} INFO - Running: ['airflow', 'tasks', 'run', 'weather-forecast-dag', 'transform', 'scheduled__2024-11-25T08:00:00+00:00', '--job-id', '28', '--raw', '--subdir', 'DAGS_FOLDER/weather_pipeline.py', '--cfg-path', '/tmp/tmpbiszu8up']
[2024-11-25T13:34:39.115+0000] {standard_task_runner.py:63} INFO - Started process 284 to run task
[2024-11-25T13:34:39.116+0000] {standard_task_runner.py:91} INFO - Job 28: Subtask transform
[2024-11-25T13:34:39.160+0000] {logging_mixin.py:188} WARNING - /home/airflow/.local/lib/python3.12/site-packages/airflow/settings.py:195 DeprecationWarning: The sql_alchemy_conn option in [core] has been moved to the sql_alchemy_conn option in [database] - the old setting has been used, but please update your config.
[2024-11-25T13:34:39.239+0000] {task_command.py:426} INFO - Running <TaskInstance: weather-forecast-dag.transform scheduled__2024-11-25T08:00:00+00:00 [running]> on host 8a6a192a668b
[2024-11-25T13:34:39.409+0000] {taskinstance.py:2648} INFO - Exporting env vars: AIRFLOW_CTX_DAG_OWNER='Urbain ZE' AIRFLOW_CTX_DAG_ID='weather-forecast-dag' AIRFLOW_CTX_TASK_ID='transform' AIRFLOW_CTX_EXECUTION_DATE='2024-11-25T08:00:00+00:00' AIRFLOW_CTX_TRY_NUMBER='1' AIRFLOW_CTX_DAG_RUN_ID='scheduled__2024-11-25T08:00:00+00:00'
[2024-11-25T13:34:39.413+0000] {taskinstance.py:430} INFO - ::endgroup::
[2024-11-25T13:34:40.161+0000] {python.py:237} INFO - Done. Returned value was: None
[2024-11-25T13:34:40.162+0000] {taskinstance.py:441} INFO - ::group::Post task execution logs
[2024-11-25T13:34:40.184+0000] {taskinstance.py:1206} INFO - Marking task as SUCCESS. dag_id=weather-forecast-dag, task_id=transform, run_id=scheduled__2024-11-25T08:00:00+00:00, execution_date=20241125T080000, start_date=20241125T133439, end_date=20241125T133440
[2024-11-25T13:34:40.228+0000] {local_task_job_runner.py:240} INFO - Task exited with return code 0
[2024-11-25T13:34:40.296+0000] {taskinstance.py:3498} INFO - 1 downstream tasks scheduled from follow-on schedule check
[2024-11-25T13:34:40.305+0000] {local_task_job_runner.py:222} INFO - ::endgroup::
[2024-11-25T13:48:21.964+0000] {local_task_job_runner.py:120} INFO - ::group::Pre task execution logs
[2024-11-25T13:48:22.004+0000] {taskinstance.py:2076} INFO - Dependencies all met for dep_context=non-requeueable deps ti=<TaskInstance: weather-forecast-dag.transform scheduled__2024-11-25T08:00:00+00:00 [queued]>
[2024-11-25T13:48:22.014+0000] {taskinstance.py:2076} INFO - Dependencies all met for dep_context=requeueable deps ti=<TaskInstance: weather-forecast-dag.transform scheduled__2024-11-25T08:00:00+00:00 [queued]>
[2024-11-25T13:48:22.015+0000] {taskinstance.py:2306} INFO - Starting attempt 1 of 2
[2024-11-25T13:48:22.045+0000] {taskinstance.py:2330} INFO - Executing <Task(PythonOperator): transform> on 2024-11-25 08:00:00+00:00
[2024-11-25T13:48:22.060+0000] {logging_mixin.py:188} WARNING - /home/airflow/.local/lib/python3.12/site-packages/airflow/task/task_runner/standard_task_runner.py:61 DeprecationWarning: This process (pid=242) is multi-threaded, use of fork() may lead to deadlocks in the child.
[2024-11-25T13:48:22.062+0000] {standard_task_runner.py:63} INFO - Started process 254 to run task
[2024-11-25T13:48:22.060+0000] {standard_task_runner.py:90} INFO - Running: ['airflow', 'tasks', 'run', 'weather-forecast-dag', 'transform', 'scheduled__2024-11-25T08:00:00+00:00', '--job-id', '24', '--raw', '--subdir', 'DAGS_FOLDER/weather_pipeline.py', '--cfg-path', '/tmp/tmpzjsn1cen']
[2024-11-25T13:48:22.063+0000] {standard_task_runner.py:91} INFO - Job 24: Subtask transform
[2024-11-25T13:48:22.083+0000] {logging_mixin.py:188} WARNING - /home/airflow/.local/lib/python3.12/site-packages/airflow/settings.py:195 DeprecationWarning: The sql_alchemy_conn option in [core] has been moved to the sql_alchemy_conn option in [database] - the old setting has been used, but please update your config.
[2024-11-25T13:48:22.125+0000] {task_command.py:426} INFO - Running <TaskInstance: weather-forecast-dag.transform scheduled__2024-11-25T08:00:00+00:00 [running]> on host 4f4780ae54ec
[2024-11-25T13:48:22.238+0000] {taskinstance.py:2648} INFO - Exporting env vars: AIRFLOW_CTX_DAG_OWNER='Urbain ZE' AIRFLOW_CTX_DAG_ID='weather-forecast-dag' AIRFLOW_CTX_TASK_ID='transform' AIRFLOW_CTX_EXECUTION_DATE='2024-11-25T08:00:00+00:00' AIRFLOW_CTX_TRY_NUMBER='1' AIRFLOW_CTX_DAG_RUN_ID='scheduled__2024-11-25T08:00:00+00:00'
[2024-11-25T13:48:22.240+0000] {taskinstance.py:430} INFO - ::endgroup::
[2024-11-25T13:48:22.583+0000] {python.py:237} INFO - Done. Returned value was: None
[2024-11-25T13:48:22.584+0000] {taskinstance.py:441} INFO - ::group::Post task execution logs
[2024-11-25T13:48:22.598+0000] {taskinstance.py:1206} INFO - Marking task as SUCCESS. dag_id=weather-forecast-dag, task_id=transform, run_id=scheduled__2024-11-25T08:00:00+00:00, execution_date=20241125T080000, start_date=20241125T134822, end_date=20241125T134822
[2024-11-25T13:48:22.677+0000] {local_task_job_runner.py:240} INFO - Task exited with return code 0
[2024-11-25T13:48:22.700+0000] {taskinstance.py:3498} INFO - 1 downstream tasks scheduled from follow-on schedule check
[2024-11-25T13:48:22.837+0000] {local_task_job_runner.py:222} INFO - ::endgroup::
[2024-11-25T16:19:21.001+0000] {local_task_job_runner.py:120} INFO - ::group::Pre task execution logs
[2024-11-25T16:19:21.045+0000] {taskinstance.py:2076} INFO - Dependencies all met for dep_context=non-requeueable deps ti=<TaskInstance: weather-forecast-dag.transform scheduled__2024-11-25T08:00:00+00:00 [queued]>
[2024-11-25T16:19:21.054+0000] {taskinstance.py:2076} INFO - Dependencies all met for dep_context=requeueable deps ti=<TaskInstance: weather-forecast-dag.transform scheduled__2024-11-25T08:00:00+00:00 [queued]>
[2024-11-25T16:19:21.054+0000] {taskinstance.py:2306} INFO - Starting attempt 1 of 2
[2024-11-25T16:19:21.179+0000] {taskinstance.py:2330} INFO - Executing <Task(PythonOperator): transform> on 2024-11-25 08:00:00+00:00
[2024-11-25T16:19:21.187+0000] {logging_mixin.py:188} WARNING - /home/airflow/.local/lib/python3.12/site-packages/airflow/task/task_runner/standard_task_runner.py:61 DeprecationWarning: This process (pid=275) is multi-threaded, use of fork() may lead to deadlocks in the child.
[2024-11-25T16:19:21.189+0000] {standard_task_runner.py:63} INFO - Started process 289 to run task
[2024-11-25T16:19:21.189+0000] {standard_task_runner.py:90} INFO - Running: ['airflow', 'tasks', 'run', 'weather-forecast-dag', 'transform', 'scheduled__2024-11-25T08:00:00+00:00', '--job-id', '27', '--raw', '--subdir', 'DAGS_FOLDER/weather_pipeline.py', '--cfg-path', '/tmp/tmplu4qiv1l']
[2024-11-25T16:19:21.191+0000] {standard_task_runner.py:91} INFO - Job 27: Subtask transform
[2024-11-25T16:19:21.263+0000] {logging_mixin.py:188} WARNING - /home/airflow/.local/lib/python3.12/site-packages/airflow/settings.py:195 DeprecationWarning: The sql_alchemy_conn option in [core] has been moved to the sql_alchemy_conn option in [database] - the old setting has been used, but please update your config.
[2024-11-25T16:19:21.299+0000] {task_command.py:426} INFO - Running <TaskInstance: weather-forecast-dag.transform scheduled__2024-11-25T08:00:00+00:00 [running]> on host 9c7ea2cc0f0f
[2024-11-25T16:19:21.539+0000] {taskinstance.py:2648} INFO - Exporting env vars: AIRFLOW_CTX_DAG_OWNER='Urbain ZE' AIRFLOW_CTX_DAG_ID='weather-forecast-dag' AIRFLOW_CTX_TASK_ID='transform' AIRFLOW_CTX_EXECUTION_DATE='2024-11-25T08:00:00+00:00' AIRFLOW_CTX_TRY_NUMBER='1' AIRFLOW_CTX_DAG_RUN_ID='scheduled__2024-11-25T08:00:00+00:00'
[2024-11-25T16:19:21.543+0000] {taskinstance.py:430} INFO - ::endgroup::
[2024-11-25T16:19:22.004+0000] {python.py:237} INFO - Done. Returned value was: None
[2024-11-25T16:19:22.006+0000] {taskinstance.py:441} INFO - ::group::Post task execution logs
[2024-11-25T16:19:22.019+0000] {taskinstance.py:1206} INFO - Marking task as SUCCESS. dag_id=weather-forecast-dag, task_id=transform, run_id=scheduled__2024-11-25T08:00:00+00:00, execution_date=20241125T080000, start_date=20241125T161921, end_date=20241125T161922
[2024-11-25T16:19:22.128+0000] {local_task_job_runner.py:240} INFO - Task exited with return code 0
[2024-11-25T16:19:22.174+0000] {taskinstance.py:3498} INFO - 1 downstream tasks scheduled from follow-on schedule check
[2024-11-25T16:19:22.180+0000] {local_task_job_runner.py:222} INFO - ::endgroup::
[2024-11-25T16:30:09.070+0000] {local_task_job_runner.py:120} INFO - ::group::Pre task execution logs
[2024-11-25T16:30:09.114+0000] {taskinstance.py:2076} INFO - Dependencies all met for dep_context=non-requeueable deps ti=<TaskInstance: weather-forecast-dag.transform scheduled__2024-11-25T08:00:00+00:00 [queued]>
[2024-11-25T16:30:09.127+0000] {taskinstance.py:2076} INFO - Dependencies all met for dep_context=requeueable deps ti=<TaskInstance: weather-forecast-dag.transform scheduled__2024-11-25T08:00:00+00:00 [queued]>
[2024-11-25T16:30:09.128+0000] {taskinstance.py:2306} INFO - Starting attempt 1 of 2
[2024-11-25T16:30:09.149+0000] {taskinstance.py:2330} INFO - Executing <Task(PythonOperator): transform> on 2024-11-25 08:00:00+00:00
[2024-11-25T16:30:09.165+0000] {logging_mixin.py:188} WARNING - /home/airflow/.local/lib/python3.12/site-packages/airflow/task/task_runner/standard_task_runner.py:61 DeprecationWarning: This process (pid=254) is multi-threaded, use of fork() may lead to deadlocks in the child.
[2024-11-25T16:30:09.167+0000] {standard_task_runner.py:63} INFO - Started process 263 to run task
[2024-11-25T16:30:09.165+0000] {standard_task_runner.py:90} INFO - Running: ['airflow', 'tasks', 'run', 'weather-forecast-dag', 'transform', 'scheduled__2024-11-25T08:00:00+00:00', '--job-id', '27', '--raw', '--subdir', 'DAGS_FOLDER/weather_pipeline.py', '--cfg-path', '/tmp/tmpu21nhttr']
[2024-11-25T16:30:09.168+0000] {standard_task_runner.py:91} INFO - Job 27: Subtask transform
[2024-11-25T16:30:09.195+0000] {logging_mixin.py:188} WARNING - /home/airflow/.local/lib/python3.12/site-packages/airflow/settings.py:195 DeprecationWarning: The sql_alchemy_conn option in [core] has been moved to the sql_alchemy_conn option in [database] - the old setting has been used, but please update your config.
[2024-11-25T16:30:09.252+0000] {task_command.py:426} INFO - Running <TaskInstance: weather-forecast-dag.transform scheduled__2024-11-25T08:00:00+00:00 [running]> on host eebbb4b46189
[2024-11-25T16:30:09.365+0000] {taskinstance.py:2648} INFO - Exporting env vars: AIRFLOW_CTX_DAG_OWNER='Urbain ZE' AIRFLOW_CTX_DAG_ID='weather-forecast-dag' AIRFLOW_CTX_TASK_ID='transform' AIRFLOW_CTX_EXECUTION_DATE='2024-11-25T08:00:00+00:00' AIRFLOW_CTX_TRY_NUMBER='1' AIRFLOW_CTX_DAG_RUN_ID='scheduled__2024-11-25T08:00:00+00:00'
[2024-11-25T16:30:09.367+0000] {taskinstance.py:430} INFO - ::endgroup::
[2024-11-25T16:30:09.693+0000] {python.py:237} INFO - Done. Returned value was: None
[2024-11-25T16:30:09.694+0000] {taskinstance.py:441} INFO - ::group::Post task execution logs
[2024-11-25T16:30:09.714+0000] {taskinstance.py:1206} INFO - Marking task as SUCCESS. dag_id=weather-forecast-dag, task_id=transform, run_id=scheduled__2024-11-25T08:00:00+00:00, execution_date=20241125T080000, start_date=20241125T163009, end_date=20241125T163009
[2024-11-25T16:30:09.826+0000] {local_task_job_runner.py:240} INFO - Task exited with return code 0
[2024-11-25T16:30:09.874+0000] {taskinstance.py:3498} INFO - 1 downstream tasks scheduled from follow-on schedule check
[2024-11-25T16:30:09.882+0000] {local_task_job_runner.py:222} INFO - ::endgroup::
