[2024-11-25T13:34:38.766+0000] {local_task_job_runner.py:120} INFO - ::group::Pre task execution logs
[2024-11-25T13:34:38.823+0000] {taskinstance.py:2076} INFO - Dependencies all met for dep_context=non-requeueable deps ti=<TaskInstance: weather-forecast-dag.transform scheduled__2024-11-25T09:00:00+00:00 [queued]>
[2024-11-25T13:34:38.838+0000] {taskinstance.py:2076} INFO - Dependencies all met for dep_context=requeueable deps ti=<TaskInstance: weather-forecast-dag.transform scheduled__2024-11-25T09:00:00+00:00 [queued]>
[2024-11-25T13:34:38.841+0000] {taskinstance.py:2306} INFO - Starting attempt 1 of 2
[2024-11-25T13:34:38.990+0000] {taskinstance.py:2330} INFO - Executing <Task(PythonOperator): transform> on 2024-11-25 09:00:00+00:00
[2024-11-25T13:34:39.007+0000] {logging_mixin.py:188} WARNING - /home/airflow/.local/lib/python3.12/site-packages/airflow/task/task_runner/standard_task_runner.py:61 DeprecationWarning: This process (pid=254) is multi-threaded, use of fork() may lead to deadlocks in the child.
[2024-11-25T13:34:39.009+0000] {standard_task_runner.py:63} INFO - Started process 282 to run task
[2024-11-25T13:34:39.007+0000] {standard_task_runner.py:90} INFO - Running: ['airflow', 'tasks', 'run', 'weather-forecast-dag', 'transform', 'scheduled__2024-11-25T09:00:00+00:00', '--job-id', '27', '--raw', '--subdir', 'DAGS_FOLDER/weather_pipeline.py', '--cfg-path', '/tmp/tmp6je9sc8r']
[2024-11-25T13:34:39.011+0000] {standard_task_runner.py:91} INFO - Job 27: Subtask transform
[2024-11-25T13:34:39.041+0000] {logging_mixin.py:188} WARNING - /home/airflow/.local/lib/python3.12/site-packages/airflow/settings.py:195 DeprecationWarning: The sql_alchemy_conn option in [core] has been moved to the sql_alchemy_conn option in [database] - the old setting has been used, but please update your config.
[2024-11-25T13:34:39.120+0000] {task_command.py:426} INFO - Running <TaskInstance: weather-forecast-dag.transform scheduled__2024-11-25T09:00:00+00:00 [running]> on host 8a6a192a668b
[2024-11-25T13:34:39.295+0000] {taskinstance.py:2648} INFO - Exporting env vars: AIRFLOW_CTX_DAG_OWNER='Urbain ZE' AIRFLOW_CTX_DAG_ID='weather-forecast-dag' AIRFLOW_CTX_TASK_ID='transform' AIRFLOW_CTX_EXECUTION_DATE='2024-11-25T09:00:00+00:00' AIRFLOW_CTX_TRY_NUMBER='1' AIRFLOW_CTX_DAG_RUN_ID='scheduled__2024-11-25T09:00:00+00:00'
[2024-11-25T13:34:39.298+0000] {taskinstance.py:430} INFO - ::endgroup::
[2024-11-25T13:34:39.755+0000] {python.py:237} INFO - Done. Returned value was: None
[2024-11-25T13:34:39.757+0000] {taskinstance.py:441} INFO - ::group::Post task execution logs
[2024-11-25T13:34:39.771+0000] {taskinstance.py:1206} INFO - Marking task as SUCCESS. dag_id=weather-forecast-dag, task_id=transform, run_id=scheduled__2024-11-25T09:00:00+00:00, execution_date=20241125T090000, start_date=20241125T133438, end_date=20241125T133439
[2024-11-25T13:34:39.873+0000] {local_task_job_runner.py:240} INFO - Task exited with return code 0
[2024-11-25T13:34:39.942+0000] {taskinstance.py:3498} INFO - 1 downstream tasks scheduled from follow-on schedule check
[2024-11-25T13:34:39.956+0000] {local_task_job_runner.py:222} INFO - ::endgroup::
[2024-11-25T13:48:21.956+0000] {local_task_job_runner.py:120} INFO - ::group::Pre task execution logs
[2024-11-25T13:48:21.993+0000] {taskinstance.py:2076} INFO - Dependencies all met for dep_context=non-requeueable deps ti=<TaskInstance: weather-forecast-dag.transform scheduled__2024-11-25T09:00:00+00:00 [queued]>
[2024-11-25T13:48:22.006+0000] {taskinstance.py:2076} INFO - Dependencies all met for dep_context=requeueable deps ti=<TaskInstance: weather-forecast-dag.transform scheduled__2024-11-25T09:00:00+00:00 [queued]>
[2024-11-25T13:48:22.006+0000] {taskinstance.py:2306} INFO - Starting attempt 1 of 2
[2024-11-25T13:48:22.031+0000] {taskinstance.py:2330} INFO - Executing <Task(PythonOperator): transform> on 2024-11-25 09:00:00+00:00
[2024-11-25T13:48:22.044+0000] {logging_mixin.py:188} WARNING - /home/airflow/.local/lib/python3.12/site-packages/airflow/task/task_runner/standard_task_runner.py:61 DeprecationWarning: This process (pid=245) is multi-threaded, use of fork() may lead to deadlocks in the child.
[2024-11-25T13:48:22.047+0000] {standard_task_runner.py:63} INFO - Started process 252 to run task
[2024-11-25T13:48:22.045+0000] {standard_task_runner.py:90} INFO - Running: ['airflow', 'tasks', 'run', 'weather-forecast-dag', 'transform', 'scheduled__2024-11-25T09:00:00+00:00', '--job-id', '21', '--raw', '--subdir', 'DAGS_FOLDER/weather_pipeline.py', '--cfg-path', '/tmp/tmpdqivrm8i']
[2024-11-25T13:48:22.049+0000] {standard_task_runner.py:91} INFO - Job 21: Subtask transform
[2024-11-25T13:48:22.073+0000] {logging_mixin.py:188} WARNING - /home/airflow/.local/lib/python3.12/site-packages/airflow/settings.py:195 DeprecationWarning: The sql_alchemy_conn option in [core] has been moved to the sql_alchemy_conn option in [database] - the old setting has been used, but please update your config.
[2024-11-25T13:48:22.111+0000] {task_command.py:426} INFO - Running <TaskInstance: weather-forecast-dag.transform scheduled__2024-11-25T09:00:00+00:00 [running]> on host 4f4780ae54ec
[2024-11-25T13:48:22.221+0000] {taskinstance.py:2648} INFO - Exporting env vars: AIRFLOW_CTX_DAG_OWNER='Urbain ZE' AIRFLOW_CTX_DAG_ID='weather-forecast-dag' AIRFLOW_CTX_TASK_ID='transform' AIRFLOW_CTX_EXECUTION_DATE='2024-11-25T09:00:00+00:00' AIRFLOW_CTX_TRY_NUMBER='1' AIRFLOW_CTX_DAG_RUN_ID='scheduled__2024-11-25T09:00:00+00:00'
[2024-11-25T13:48:22.222+0000] {taskinstance.py:430} INFO - ::endgroup::
[2024-11-25T13:48:22.567+0000] {python.py:237} INFO - Done. Returned value was: None
[2024-11-25T13:48:22.568+0000] {taskinstance.py:441} INFO - ::group::Post task execution logs
[2024-11-25T13:48:22.578+0000] {taskinstance.py:1206} INFO - Marking task as SUCCESS. dag_id=weather-forecast-dag, task_id=transform, run_id=scheduled__2024-11-25T09:00:00+00:00, execution_date=20241125T090000, start_date=20241125T134821, end_date=20241125T134822
[2024-11-25T13:48:22.624+0000] {local_task_job_runner.py:240} INFO - Task exited with return code 0
[2024-11-25T13:48:22.652+0000] {taskinstance.py:3498} INFO - 0 downstream tasks scheduled from follow-on schedule check
[2024-11-25T13:48:22.836+0000] {local_task_job_runner.py:222} INFO - ::endgroup::
[2024-11-25T16:19:21.001+0000] {local_task_job_runner.py:120} INFO - ::group::Pre task execution logs
[2024-11-25T16:19:21.044+0000] {taskinstance.py:2076} INFO - Dependencies all met for dep_context=non-requeueable deps ti=<TaskInstance: weather-forecast-dag.transform scheduled__2024-11-25T09:00:00+00:00 [queued]>
[2024-11-25T16:19:21.054+0000] {taskinstance.py:2076} INFO - Dependencies all met for dep_context=requeueable deps ti=<TaskInstance: weather-forecast-dag.transform scheduled__2024-11-25T09:00:00+00:00 [queued]>
[2024-11-25T16:19:21.054+0000] {taskinstance.py:2306} INFO - Starting attempt 1 of 2
[2024-11-25T16:19:21.179+0000] {taskinstance.py:2330} INFO - Executing <Task(PythonOperator): transform> on 2024-11-25 09:00:00+00:00
[2024-11-25T16:19:21.187+0000] {logging_mixin.py:188} WARNING - /home/airflow/.local/lib/python3.12/site-packages/airflow/task/task_runner/standard_task_runner.py:61 DeprecationWarning: This process (pid=276) is multi-threaded, use of fork() may lead to deadlocks in the child.
[2024-11-25T16:19:21.189+0000] {standard_task_runner.py:63} INFO - Started process 288 to run task
[2024-11-25T16:19:21.187+0000] {standard_task_runner.py:90} INFO - Running: ['airflow', 'tasks', 'run', 'weather-forecast-dag', 'transform', 'scheduled__2024-11-25T09:00:00+00:00', '--job-id', '26', '--raw', '--subdir', 'DAGS_FOLDER/weather_pipeline.py', '--cfg-path', '/tmp/tmpj_pij461']
[2024-11-25T16:19:21.190+0000] {standard_task_runner.py:91} INFO - Job 26: Subtask transform
[2024-11-25T16:19:21.263+0000] {logging_mixin.py:188} WARNING - /home/airflow/.local/lib/python3.12/site-packages/airflow/settings.py:195 DeprecationWarning: The sql_alchemy_conn option in [core] has been moved to the sql_alchemy_conn option in [database] - the old setting has been used, but please update your config.
[2024-11-25T16:19:21.299+0000] {task_command.py:426} INFO - Running <TaskInstance: weather-forecast-dag.transform scheduled__2024-11-25T09:00:00+00:00 [running]> on host 9c7ea2cc0f0f
[2024-11-25T16:19:21.539+0000] {taskinstance.py:2648} INFO - Exporting env vars: AIRFLOW_CTX_DAG_OWNER='Urbain ZE' AIRFLOW_CTX_DAG_ID='weather-forecast-dag' AIRFLOW_CTX_TASK_ID='transform' AIRFLOW_CTX_EXECUTION_DATE='2024-11-25T09:00:00+00:00' AIRFLOW_CTX_TRY_NUMBER='1' AIRFLOW_CTX_DAG_RUN_ID='scheduled__2024-11-25T09:00:00+00:00'
[2024-11-25T16:19:21.544+0000] {taskinstance.py:430} INFO - ::endgroup::
[2024-11-25T16:19:22.004+0000] {python.py:237} INFO - Done. Returned value was: None
[2024-11-25T16:19:22.006+0000] {taskinstance.py:441} INFO - ::group::Post task execution logs
[2024-11-25T16:19:22.020+0000] {taskinstance.py:1206} INFO - Marking task as SUCCESS. dag_id=weather-forecast-dag, task_id=transform, run_id=scheduled__2024-11-25T09:00:00+00:00, execution_date=20241125T090000, start_date=20241125T161921, end_date=20241125T161922
[2024-11-25T16:19:22.134+0000] {local_task_job_runner.py:240} INFO - Task exited with return code 0
[2024-11-25T16:19:22.181+0000] {taskinstance.py:3498} INFO - 1 downstream tasks scheduled from follow-on schedule check
[2024-11-25T16:19:22.189+0000] {local_task_job_runner.py:222} INFO - ::endgroup::
[2024-11-25T16:30:09.060+0000] {local_task_job_runner.py:120} INFO - ::group::Pre task execution logs
[2024-11-25T16:30:09.104+0000] {taskinstance.py:2076} INFO - Dependencies all met for dep_context=non-requeueable deps ti=<TaskInstance: weather-forecast-dag.transform scheduled__2024-11-25T09:00:00+00:00 [queued]>
[2024-11-25T16:30:09.118+0000] {taskinstance.py:2076} INFO - Dependencies all met for dep_context=requeueable deps ti=<TaskInstance: weather-forecast-dag.transform scheduled__2024-11-25T09:00:00+00:00 [queued]>
[2024-11-25T16:30:09.119+0000] {taskinstance.py:2306} INFO - Starting attempt 1 of 2
[2024-11-25T16:30:09.140+0000] {taskinstance.py:2330} INFO - Executing <Task(PythonOperator): transform> on 2024-11-25 09:00:00+00:00
[2024-11-25T16:30:09.155+0000] {logging_mixin.py:188} WARNING - /home/airflow/.local/lib/python3.12/site-packages/airflow/task/task_runner/standard_task_runner.py:61 DeprecationWarning: This process (pid=256) is multi-threaded, use of fork() may lead to deadlocks in the child.
[2024-11-25T16:30:09.156+0000] {standard_task_runner.py:63} INFO - Started process 262 to run task
[2024-11-25T16:30:09.155+0000] {standard_task_runner.py:90} INFO - Running: ['airflow', 'tasks', 'run', 'weather-forecast-dag', 'transform', 'scheduled__2024-11-25T09:00:00+00:00', '--job-id', '26', '--raw', '--subdir', 'DAGS_FOLDER/weather_pipeline.py', '--cfg-path', '/tmp/tmpjf9a6mo3']
[2024-11-25T16:30:09.158+0000] {standard_task_runner.py:91} INFO - Job 26: Subtask transform
[2024-11-25T16:30:09.186+0000] {logging_mixin.py:188} WARNING - /home/airflow/.local/lib/python3.12/site-packages/airflow/settings.py:195 DeprecationWarning: The sql_alchemy_conn option in [core] has been moved to the sql_alchemy_conn option in [database] - the old setting has been used, but please update your config.
[2024-11-25T16:30:09.245+0000] {task_command.py:426} INFO - Running <TaskInstance: weather-forecast-dag.transform scheduled__2024-11-25T09:00:00+00:00 [running]> on host eebbb4b46189
[2024-11-25T16:30:09.362+0000] {taskinstance.py:2648} INFO - Exporting env vars: AIRFLOW_CTX_DAG_OWNER='Urbain ZE' AIRFLOW_CTX_DAG_ID='weather-forecast-dag' AIRFLOW_CTX_TASK_ID='transform' AIRFLOW_CTX_EXECUTION_DATE='2024-11-25T09:00:00+00:00' AIRFLOW_CTX_TRY_NUMBER='1' AIRFLOW_CTX_DAG_RUN_ID='scheduled__2024-11-25T09:00:00+00:00'
[2024-11-25T16:30:09.364+0000] {taskinstance.py:430} INFO - ::endgroup::
[2024-11-25T16:30:09.730+0000] {python.py:237} INFO - Done. Returned value was: None
[2024-11-25T16:30:09.738+0000] {taskinstance.py:441} INFO - ::group::Post task execution logs
[2024-11-25T16:30:09.769+0000] {taskinstance.py:1206} INFO - Marking task as SUCCESS. dag_id=weather-forecast-dag, task_id=transform, run_id=scheduled__2024-11-25T09:00:00+00:00, execution_date=20241125T090000, start_date=20241125T163009, end_date=20241125T163009
[2024-11-25T16:30:10.103+0000] {local_task_job_runner.py:240} INFO - Task exited with return code 0
[2024-11-25T16:30:10.150+0000] {taskinstance.py:3498} INFO - 1 downstream tasks scheduled from follow-on schedule check
[2024-11-25T16:30:10.162+0000] {local_task_job_runner.py:222} INFO - ::endgroup::
