[2024-11-25T13:34:32.747+0000] {local_task_job_runner.py:120} INFO - ::group::Pre task execution logs
[2024-11-25T13:34:32.791+0000] {taskinstance.py:2076} INFO - Dependencies all met for dep_context=non-requeueable deps ti=<TaskInstance: weather-forecast-dag.extract scheduled__2024-11-25T00:00:00+00:00 [queued]>
[2024-11-25T13:34:32.805+0000] {taskinstance.py:2076} INFO - Dependencies all met for dep_context=requeueable deps ti=<TaskInstance: weather-forecast-dag.extract scheduled__2024-11-25T00:00:00+00:00 [queued]>
[2024-11-25T13:34:32.810+0000] {taskinstance.py:2306} INFO - Starting attempt 1 of 2
[2024-11-25T13:34:32.835+0000] {taskinstance.py:2330} INFO - Executing <Task(PythonOperator): extract> on 2024-11-25 00:00:00+00:00
[2024-11-25T13:34:32.850+0000] {logging_mixin.py:188} WARNING - /home/airflow/.local/lib/python3.12/site-packages/airflow/task/task_runner/standard_task_runner.py:61 DeprecationWarning: This process (pid=179) is multi-threaded, use of fork() may lead to deadlocks in the child.
[2024-11-25T13:34:32.849+0000] {standard_task_runner.py:90} INFO - Running: ['airflow', 'tasks', 'run', 'weather-forecast-dag', 'extract', 'scheduled__2024-11-25T00:00:00+00:00', '--job-id', '2', '--raw', '--subdir', 'DAGS_FOLDER/weather_pipeline.py', '--cfg-path', '/tmp/tmpbcslozas']
[2024-11-25T13:34:32.853+0000] {standard_task_runner.py:63} INFO - Started process 193 to run task
[2024-11-25T13:34:32.853+0000] {standard_task_runner.py:91} INFO - Job 2: Subtask extract
[2024-11-25T13:34:32.878+0000] {logging_mixin.py:188} WARNING - /home/airflow/.local/lib/python3.12/site-packages/airflow/settings.py:195 DeprecationWarning: The sql_alchemy_conn option in [core] has been moved to the sql_alchemy_conn option in [database] - the old setting has been used, but please update your config.
[2024-11-25T13:34:32.942+0000] {task_command.py:426} INFO - Running <TaskInstance: weather-forecast-dag.extract scheduled__2024-11-25T00:00:00+00:00 [running]> on host 8a6a192a668b
[2024-11-25T13:34:33.114+0000] {taskinstance.py:2648} INFO - Exporting env vars: AIRFLOW_CTX_DAG_OWNER='Urbain ZE' AIRFLOW_CTX_DAG_ID='weather-forecast-dag' AIRFLOW_CTX_TASK_ID='extract' AIRFLOW_CTX_EXECUTION_DATE='2024-11-25T00:00:00+00:00' AIRFLOW_CTX_TRY_NUMBER='1' AIRFLOW_CTX_DAG_RUN_ID='scheduled__2024-11-25T00:00:00+00:00'
[2024-11-25T13:34:33.115+0000] {taskinstance.py:430} INFO - ::endgroup::
[2024-11-25T13:34:35.249+0000] {python.py:237} INFO - Done. Returned value was: None
[2024-11-25T13:34:35.252+0000] {taskinstance.py:441} INFO - ::group::Post task execution logs
[2024-11-25T13:34:35.271+0000] {taskinstance.py:1206} INFO - Marking task as SUCCESS. dag_id=weather-forecast-dag, task_id=extract, run_id=scheduled__2024-11-25T00:00:00+00:00, execution_date=20241125T000000, start_date=20241125T133432, end_date=20241125T133435
[2024-11-25T13:34:35.330+0000] {local_task_job_runner.py:240} INFO - Task exited with return code 0
[2024-11-25T13:34:35.395+0000] {taskinstance.py:3498} INFO - 1 downstream tasks scheduled from follow-on schedule check
[2024-11-25T13:34:35.402+0000] {local_task_job_runner.py:222} INFO - ::endgroup::
[2024-11-25T13:48:18.603+0000] {local_task_job_runner.py:120} INFO - ::group::Pre task execution logs
[2024-11-25T13:48:18.630+0000] {taskinstance.py:2076} INFO - Dependencies all met for dep_context=non-requeueable deps ti=<TaskInstance: weather-forecast-dag.extract scheduled__2024-11-25T00:00:00+00:00 [queued]>
[2024-11-25T13:48:18.638+0000] {taskinstance.py:2076} INFO - Dependencies all met for dep_context=requeueable deps ti=<TaskInstance: weather-forecast-dag.extract scheduled__2024-11-25T00:00:00+00:00 [queued]>
[2024-11-25T13:48:18.638+0000] {taskinstance.py:2306} INFO - Starting attempt 1 of 2
[2024-11-25T13:48:18.656+0000] {taskinstance.py:2330} INFO - Executing <Task(PythonOperator): extract> on 2024-11-25 00:00:00+00:00
[2024-11-25T13:48:18.671+0000] {logging_mixin.py:188} WARNING - /home/airflow/.local/lib/python3.12/site-packages/airflow/task/task_runner/standard_task_runner.py:61 DeprecationWarning: This process (pid=184) is multi-threaded, use of fork() may lead to deadlocks in the child.
[2024-11-25T13:48:18.674+0000] {standard_task_runner.py:63} INFO - Started process 197 to run task
[2024-11-25T13:48:18.671+0000] {standard_task_runner.py:90} INFO - Running: ['airflow', 'tasks', 'run', 'weather-forecast-dag', 'extract', 'scheduled__2024-11-25T00:00:00+00:00', '--job-id', '2', '--raw', '--subdir', 'DAGS_FOLDER/weather_pipeline.py', '--cfg-path', '/tmp/tmpd2gpfbnd']
[2024-11-25T13:48:18.676+0000] {standard_task_runner.py:91} INFO - Job 2: Subtask extract
[2024-11-25T13:48:18.700+0000] {logging_mixin.py:188} WARNING - /home/airflow/.local/lib/python3.12/site-packages/airflow/settings.py:195 DeprecationWarning: The sql_alchemy_conn option in [core] has been moved to the sql_alchemy_conn option in [database] - the old setting has been used, but please update your config.
[2024-11-25T13:48:18.748+0000] {task_command.py:426} INFO - Running <TaskInstance: weather-forecast-dag.extract scheduled__2024-11-25T00:00:00+00:00 [running]> on host 4f4780ae54ec
[2024-11-25T13:48:18.867+0000] {taskinstance.py:2648} INFO - Exporting env vars: AIRFLOW_CTX_DAG_OWNER='Urbain ZE' AIRFLOW_CTX_DAG_ID='weather-forecast-dag' AIRFLOW_CTX_TASK_ID='extract' AIRFLOW_CTX_EXECUTION_DATE='2024-11-25T00:00:00+00:00' AIRFLOW_CTX_TRY_NUMBER='1' AIRFLOW_CTX_DAG_RUN_ID='scheduled__2024-11-25T00:00:00+00:00'
[2024-11-25T13:48:18.869+0000] {taskinstance.py:430} INFO - ::endgroup::
[2024-11-25T13:48:19.596+0000] {python.py:237} INFO - Done. Returned value was: None
[2024-11-25T13:48:19.598+0000] {taskinstance.py:441} INFO - ::group::Post task execution logs
[2024-11-25T13:48:19.623+0000] {taskinstance.py:1206} INFO - Marking task as SUCCESS. dag_id=weather-forecast-dag, task_id=extract, run_id=scheduled__2024-11-25T00:00:00+00:00, execution_date=20241125T000000, start_date=20241125T134818, end_date=20241125T134819
[2024-11-25T13:48:19.894+0000] {local_task_job_runner.py:240} INFO - Task exited with return code 0
[2024-11-25T13:48:19.909+0000] {local_task_job_runner.py:222} INFO - ::endgroup::
[2024-11-25T16:19:16.882+0000] {local_task_job_runner.py:120} INFO - ::group::Pre task execution logs
[2024-11-25T16:19:16.911+0000] {taskinstance.py:2076} INFO - Dependencies all met for dep_context=non-requeueable deps ti=<TaskInstance: weather-forecast-dag.extract scheduled__2024-11-25T00:00:00+00:00 [queued]>
[2024-11-25T16:19:16.919+0000] {taskinstance.py:2076} INFO - Dependencies all met for dep_context=requeueable deps ti=<TaskInstance: weather-forecast-dag.extract scheduled__2024-11-25T00:00:00+00:00 [queued]>
[2024-11-25T16:19:16.920+0000] {taskinstance.py:2306} INFO - Starting attempt 1 of 2
[2024-11-25T16:19:16.941+0000] {taskinstance.py:2330} INFO - Executing <Task(PythonOperator): extract> on 2024-11-25 00:00:00+00:00
[2024-11-25T16:19:16.952+0000] {logging_mixin.py:188} WARNING - /home/airflow/.local/lib/python3.12/site-packages/airflow/task/task_runner/standard_task_runner.py:61 DeprecationWarning: This process (pid=208) is multi-threaded, use of fork() may lead to deadlocks in the child.
[2024-11-25T16:19:16.954+0000] {standard_task_runner.py:63} INFO - Started process 221 to run task
[2024-11-25T16:19:16.952+0000] {standard_task_runner.py:90} INFO - Running: ['airflow', 'tasks', 'run', 'weather-forecast-dag', 'extract', 'scheduled__2024-11-25T00:00:00+00:00', '--job-id', '2', '--raw', '--subdir', 'DAGS_FOLDER/weather_pipeline.py', '--cfg-path', '/tmp/tmpzlpef8pc']
[2024-11-25T16:19:16.957+0000] {standard_task_runner.py:91} INFO - Job 2: Subtask extract
[2024-11-25T16:19:16.982+0000] {logging_mixin.py:188} WARNING - /home/airflow/.local/lib/python3.12/site-packages/airflow/settings.py:195 DeprecationWarning: The sql_alchemy_conn option in [core] has been moved to the sql_alchemy_conn option in [database] - the old setting has been used, but please update your config.
[2024-11-25T16:19:17.026+0000] {task_command.py:426} INFO - Running <TaskInstance: weather-forecast-dag.extract scheduled__2024-11-25T00:00:00+00:00 [running]> on host 9c7ea2cc0f0f
[2024-11-25T16:19:17.155+0000] {taskinstance.py:2648} INFO - Exporting env vars: AIRFLOW_CTX_DAG_OWNER='Urbain ZE' AIRFLOW_CTX_DAG_ID='weather-forecast-dag' AIRFLOW_CTX_TASK_ID='extract' AIRFLOW_CTX_EXECUTION_DATE='2024-11-25T00:00:00+00:00' AIRFLOW_CTX_TRY_NUMBER='1' AIRFLOW_CTX_DAG_RUN_ID='scheduled__2024-11-25T00:00:00+00:00'
[2024-11-25T16:19:17.157+0000] {taskinstance.py:430} INFO - ::endgroup::
[2024-11-25T16:19:17.876+0000] {python.py:237} INFO - Done. Returned value was: None
[2024-11-25T16:19:17.881+0000] {taskinstance.py:441} INFO - ::group::Post task execution logs
[2024-11-25T16:19:17.901+0000] {taskinstance.py:1206} INFO - Marking task as SUCCESS. dag_id=weather-forecast-dag, task_id=extract, run_id=scheduled__2024-11-25T00:00:00+00:00, execution_date=20241125T000000, start_date=20241125T161916, end_date=20241125T161917
[2024-11-25T16:19:18.174+0000] {local_task_job_runner.py:240} INFO - Task exited with return code 0
[2024-11-25T16:19:18.218+0000] {taskinstance.py:3498} INFO - 1 downstream tasks scheduled from follow-on schedule check
[2024-11-25T16:19:18.226+0000] {local_task_job_runner.py:222} INFO - ::endgroup::
[2024-11-25T16:30:04.766+0000] {local_task_job_runner.py:120} INFO - ::group::Pre task execution logs
[2024-11-25T16:30:04.795+0000] {taskinstance.py:2076} INFO - Dependencies all met for dep_context=non-requeueable deps ti=<TaskInstance: weather-forecast-dag.extract scheduled__2024-11-25T00:00:00+00:00 [queued]>
[2024-11-25T16:30:04.802+0000] {taskinstance.py:2076} INFO - Dependencies all met for dep_context=requeueable deps ti=<TaskInstance: weather-forecast-dag.extract scheduled__2024-11-25T00:00:00+00:00 [queued]>
[2024-11-25T16:30:04.803+0000] {taskinstance.py:2306} INFO - Starting attempt 1 of 2
[2024-11-25T16:30:04.838+0000] {taskinstance.py:2330} INFO - Executing <Task(PythonOperator): extract> on 2024-11-25 00:00:00+00:00
[2024-11-25T16:30:04.847+0000] {logging_mixin.py:188} WARNING - /home/airflow/.local/lib/python3.12/site-packages/airflow/task/task_runner/standard_task_runner.py:61 DeprecationWarning: This process (pid=184) is multi-threaded, use of fork() may lead to deadlocks in the child.
[2024-11-25T16:30:04.848+0000] {standard_task_runner.py:63} INFO - Started process 195 to run task
[2024-11-25T16:30:04.848+0000] {standard_task_runner.py:90} INFO - Running: ['airflow', 'tasks', 'run', 'weather-forecast-dag', 'extract', 'scheduled__2024-11-25T00:00:00+00:00', '--job-id', '2', '--raw', '--subdir', 'DAGS_FOLDER/weather_pipeline.py', '--cfg-path', '/tmp/tmpb2wj4on4']
[2024-11-25T16:30:04.852+0000] {standard_task_runner.py:91} INFO - Job 2: Subtask extract
[2024-11-25T16:30:04.872+0000] {logging_mixin.py:188} WARNING - /home/airflow/.local/lib/python3.12/site-packages/airflow/settings.py:195 DeprecationWarning: The sql_alchemy_conn option in [core] has been moved to the sql_alchemy_conn option in [database] - the old setting has been used, but please update your config.
[2024-11-25T16:30:04.915+0000] {task_command.py:426} INFO - Running <TaskInstance: weather-forecast-dag.extract scheduled__2024-11-25T00:00:00+00:00 [running]> on host eebbb4b46189
[2024-11-25T16:30:05.030+0000] {taskinstance.py:2648} INFO - Exporting env vars: AIRFLOW_CTX_DAG_OWNER='Urbain ZE' AIRFLOW_CTX_DAG_ID='weather-forecast-dag' AIRFLOW_CTX_TASK_ID='extract' AIRFLOW_CTX_EXECUTION_DATE='2024-11-25T00:00:00+00:00' AIRFLOW_CTX_TRY_NUMBER='1' AIRFLOW_CTX_DAG_RUN_ID='scheduled__2024-11-25T00:00:00+00:00'
[2024-11-25T16:30:05.032+0000] {taskinstance.py:430} INFO - ::endgroup::
[2024-11-25T16:30:05.646+0000] {python.py:237} INFO - Done. Returned value was: None
[2024-11-25T16:30:05.648+0000] {taskinstance.py:441} INFO - ::group::Post task execution logs
[2024-11-25T16:30:05.663+0000] {taskinstance.py:1206} INFO - Marking task as SUCCESS. dag_id=weather-forecast-dag, task_id=extract, run_id=scheduled__2024-11-25T00:00:00+00:00, execution_date=20241125T000000, start_date=20241125T163004, end_date=20241125T163005
[2024-11-25T16:30:05.706+0000] {local_task_job_runner.py:240} INFO - Task exited with return code 0
[2024-11-25T16:30:05.722+0000] {local_task_job_runner.py:222} INFO - ::endgroup::
