[2024-11-25T13:34:33.306+0000] {local_task_job_runner.py:120} INFO - ::group::Pre task execution logs
[2024-11-25T13:34:33.379+0000] {taskinstance.py:2076} INFO - Dependencies all met for dep_context=non-requeueable deps ti=<TaskInstance: weather-forecast-dag.extract scheduled__2024-11-25T04:00:00+00:00 [queued]>
[2024-11-25T13:34:33.400+0000] {taskinstance.py:2076} INFO - Dependencies all met for dep_context=requeueable deps ti=<TaskInstance: weather-forecast-dag.extract scheduled__2024-11-25T04:00:00+00:00 [queued]>
[2024-11-25T13:34:33.402+0000] {taskinstance.py:2306} INFO - Starting attempt 1 of 2
[2024-11-25T13:34:33.446+0000] {taskinstance.py:2330} INFO - Executing <Task(PythonOperator): extract> on 2024-11-25 04:00:00+00:00
[2024-11-25T13:34:33.468+0000] {logging_mixin.py:188} WARNING - /home/airflow/.local/lib/python3.12/site-packages/airflow/task/task_runner/standard_task_runner.py:61 DeprecationWarning: This process (pid=187) is multi-threaded, use of fork() may lead to deadlocks in the child.
[2024-11-25T13:34:33.472+0000] {standard_task_runner.py:63} INFO - Started process 202 to run task
[2024-11-25T13:34:33.467+0000] {standard_task_runner.py:90} INFO - Running: ['airflow', 'tasks', 'run', 'weather-forecast-dag', 'extract', 'scheduled__2024-11-25T04:00:00+00:00', '--job-id', '7', '--raw', '--subdir', 'DAGS_FOLDER/weather_pipeline.py', '--cfg-path', '/tmp/tmpnisivt3w']
[2024-11-25T13:34:33.475+0000] {standard_task_runner.py:91} INFO - Job 7: Subtask extract
[2024-11-25T13:34:33.527+0000] {logging_mixin.py:188} WARNING - /home/airflow/.local/lib/python3.12/site-packages/airflow/settings.py:195 DeprecationWarning: The sql_alchemy_conn option in [core] has been moved to the sql_alchemy_conn option in [database] - the old setting has been used, but please update your config.
[2024-11-25T13:34:33.612+0000] {task_command.py:426} INFO - Running <TaskInstance: weather-forecast-dag.extract scheduled__2024-11-25T04:00:00+00:00 [running]> on host 8a6a192a668b
[2024-11-25T13:34:33.871+0000] {taskinstance.py:2648} INFO - Exporting env vars: AIRFLOW_CTX_DAG_OWNER='Urbain ZE' AIRFLOW_CTX_DAG_ID='weather-forecast-dag' AIRFLOW_CTX_TASK_ID='extract' AIRFLOW_CTX_EXECUTION_DATE='2024-11-25T04:00:00+00:00' AIRFLOW_CTX_TRY_NUMBER='1' AIRFLOW_CTX_DAG_RUN_ID='scheduled__2024-11-25T04:00:00+00:00'
[2024-11-25T13:34:33.874+0000] {taskinstance.py:430} INFO - ::endgroup::
[2024-11-25T13:34:35.177+0000] {python.py:237} INFO - Done. Returned value was: None
[2024-11-25T13:34:35.180+0000] {taskinstance.py:441} INFO - ::group::Post task execution logs
[2024-11-25T13:34:35.201+0000] {taskinstance.py:1206} INFO - Marking task as SUCCESS. dag_id=weather-forecast-dag, task_id=extract, run_id=scheduled__2024-11-25T04:00:00+00:00, execution_date=20241125T040000, start_date=20241125T133433, end_date=20241125T133435
[2024-11-25T13:34:35.297+0000] {local_task_job_runner.py:240} INFO - Task exited with return code 0
[2024-11-25T13:34:35.349+0000] {taskinstance.py:3498} INFO - 1 downstream tasks scheduled from follow-on schedule check
[2024-11-25T13:34:35.356+0000] {local_task_job_runner.py:222} INFO - ::endgroup::
[2024-11-25T13:48:19.015+0000] {local_task_job_runner.py:120} INFO - ::group::Pre task execution logs
[2024-11-25T13:48:19.055+0000] {taskinstance.py:2076} INFO - Dependencies all met for dep_context=non-requeueable deps ti=<TaskInstance: weather-forecast-dag.extract scheduled__2024-11-25T04:00:00+00:00 [queued]>
[2024-11-25T13:48:19.067+0000] {taskinstance.py:2076} INFO - Dependencies all met for dep_context=requeueable deps ti=<TaskInstance: weather-forecast-dag.extract scheduled__2024-11-25T04:00:00+00:00 [queued]>
[2024-11-25T13:48:19.069+0000] {taskinstance.py:2306} INFO - Starting attempt 1 of 2
[2024-11-25T13:48:19.095+0000] {taskinstance.py:2330} INFO - Executing <Task(PythonOperator): extract> on 2024-11-25 04:00:00+00:00
[2024-11-25T13:48:19.113+0000] {logging_mixin.py:188} WARNING - /home/airflow/.local/lib/python3.12/site-packages/airflow/task/task_runner/standard_task_runner.py:61 DeprecationWarning: This process (pid=191) is multi-threaded, use of fork() may lead to deadlocks in the child.
[2024-11-25T13:48:19.116+0000] {standard_task_runner.py:63} INFO - Started process 207 to run task
[2024-11-25T13:48:19.115+0000] {standard_task_runner.py:90} INFO - Running: ['airflow', 'tasks', 'run', 'weather-forecast-dag', 'extract', 'scheduled__2024-11-25T04:00:00+00:00', '--job-id', '6', '--raw', '--subdir', 'DAGS_FOLDER/weather_pipeline.py', '--cfg-path', '/tmp/tmph9m28y3i']
[2024-11-25T13:48:19.120+0000] {standard_task_runner.py:91} INFO - Job 6: Subtask extract
[2024-11-25T13:48:19.149+0000] {logging_mixin.py:188} WARNING - /home/airflow/.local/lib/python3.12/site-packages/airflow/settings.py:195 DeprecationWarning: The sql_alchemy_conn option in [core] has been moved to the sql_alchemy_conn option in [database] - the old setting has been used, but please update your config.
[2024-11-25T13:48:19.204+0000] {task_command.py:426} INFO - Running <TaskInstance: weather-forecast-dag.extract scheduled__2024-11-25T04:00:00+00:00 [running]> on host 4f4780ae54ec
[2024-11-25T13:48:19.330+0000] {taskinstance.py:2648} INFO - Exporting env vars: AIRFLOW_CTX_DAG_OWNER='Urbain ZE' AIRFLOW_CTX_DAG_ID='weather-forecast-dag' AIRFLOW_CTX_TASK_ID='extract' AIRFLOW_CTX_EXECUTION_DATE='2024-11-25T04:00:00+00:00' AIRFLOW_CTX_TRY_NUMBER='1' AIRFLOW_CTX_DAG_RUN_ID='scheduled__2024-11-25T04:00:00+00:00'
[2024-11-25T13:48:19.331+0000] {taskinstance.py:430} INFO - ::endgroup::
[2024-11-25T13:48:19.955+0000] {python.py:237} INFO - Done. Returned value was: None
[2024-11-25T13:48:19.959+0000] {taskinstance.py:441} INFO - ::group::Post task execution logs
[2024-11-25T13:48:19.984+0000] {taskinstance.py:1206} INFO - Marking task as SUCCESS. dag_id=weather-forecast-dag, task_id=extract, run_id=scheduled__2024-11-25T04:00:00+00:00, execution_date=20241125T040000, start_date=20241125T134819, end_date=20241125T134819
[2024-11-25T13:48:20.095+0000] {local_task_job_runner.py:240} INFO - Task exited with return code 0
[2024-11-25T13:48:20.142+0000] {taskinstance.py:3498} INFO - 1 downstream tasks scheduled from follow-on schedule check
[2024-11-25T13:48:20.156+0000] {local_task_job_runner.py:222} INFO - ::endgroup::
[2024-11-25T16:19:17.232+0000] {local_task_job_runner.py:120} INFO - ::group::Pre task execution logs
[2024-11-25T16:19:17.273+0000] {taskinstance.py:2076} INFO - Dependencies all met for dep_context=non-requeueable deps ti=<TaskInstance: weather-forecast-dag.extract scheduled__2024-11-25T04:00:00+00:00 [queued]>
[2024-11-25T16:19:17.284+0000] {taskinstance.py:2076} INFO - Dependencies all met for dep_context=requeueable deps ti=<TaskInstance: weather-forecast-dag.extract scheduled__2024-11-25T04:00:00+00:00 [queued]>
[2024-11-25T16:19:17.285+0000] {taskinstance.py:2306} INFO - Starting attempt 1 of 2
[2024-11-25T16:19:17.307+0000] {taskinstance.py:2330} INFO - Executing <Task(PythonOperator): extract> on 2024-11-25 04:00:00+00:00
[2024-11-25T16:19:17.327+0000] {logging_mixin.py:188} WARNING - /home/airflow/.local/lib/python3.12/site-packages/airflow/task/task_runner/standard_task_runner.py:61 DeprecationWarning: This process (pid=215) is multi-threaded, use of fork() may lead to deadlocks in the child.
[2024-11-25T16:19:17.330+0000] {standard_task_runner.py:63} INFO - Started process 231 to run task
[2024-11-25T16:19:17.328+0000] {standard_task_runner.py:90} INFO - Running: ['airflow', 'tasks', 'run', 'weather-forecast-dag', 'extract', 'scheduled__2024-11-25T04:00:00+00:00', '--job-id', '6', '--raw', '--subdir', 'DAGS_FOLDER/weather_pipeline.py', '--cfg-path', '/tmp/tmpe87vpomy']
[2024-11-25T16:19:17.333+0000] {standard_task_runner.py:91} INFO - Job 6: Subtask extract
[2024-11-25T16:19:17.363+0000] {logging_mixin.py:188} WARNING - /home/airflow/.local/lib/python3.12/site-packages/airflow/settings.py:195 DeprecationWarning: The sql_alchemy_conn option in [core] has been moved to the sql_alchemy_conn option in [database] - the old setting has been used, but please update your config.
[2024-11-25T16:19:17.444+0000] {task_command.py:426} INFO - Running <TaskInstance: weather-forecast-dag.extract scheduled__2024-11-25T04:00:00+00:00 [running]> on host 9c7ea2cc0f0f
[2024-11-25T16:19:17.597+0000] {taskinstance.py:2648} INFO - Exporting env vars: AIRFLOW_CTX_DAG_OWNER='Urbain ZE' AIRFLOW_CTX_DAG_ID='weather-forecast-dag' AIRFLOW_CTX_TASK_ID='extract' AIRFLOW_CTX_EXECUTION_DATE='2024-11-25T04:00:00+00:00' AIRFLOW_CTX_TRY_NUMBER='1' AIRFLOW_CTX_DAG_RUN_ID='scheduled__2024-11-25T04:00:00+00:00'
[2024-11-25T16:19:17.599+0000] {taskinstance.py:430} INFO - ::endgroup::
[2024-11-25T16:19:18.543+0000] {python.py:237} INFO - Done. Returned value was: None
[2024-11-25T16:19:18.546+0000] {taskinstance.py:441} INFO - ::group::Post task execution logs
[2024-11-25T16:19:18.568+0000] {taskinstance.py:1206} INFO - Marking task as SUCCESS. dag_id=weather-forecast-dag, task_id=extract, run_id=scheduled__2024-11-25T04:00:00+00:00, execution_date=20241125T040000, start_date=20241125T161917, end_date=20241125T161918
[2024-11-25T16:19:18.993+0000] {local_task_job_runner.py:240} INFO - Task exited with return code 0
[2024-11-25T16:19:19.027+0000] {taskinstance.py:3498} INFO - 1 downstream tasks scheduled from follow-on schedule check
[2024-11-25T16:19:19.042+0000] {local_task_job_runner.py:222} INFO - ::endgroup::
[2024-11-25T16:30:05.167+0000] {local_task_job_runner.py:120} INFO - ::group::Pre task execution logs
[2024-11-25T16:30:05.207+0000] {taskinstance.py:2076} INFO - Dependencies all met for dep_context=non-requeueable deps ti=<TaskInstance: weather-forecast-dag.extract scheduled__2024-11-25T04:00:00+00:00 [queued]>
[2024-11-25T16:30:05.222+0000] {taskinstance.py:2076} INFO - Dependencies all met for dep_context=requeueable deps ti=<TaskInstance: weather-forecast-dag.extract scheduled__2024-11-25T04:00:00+00:00 [queued]>
[2024-11-25T16:30:05.223+0000] {taskinstance.py:2306} INFO - Starting attempt 1 of 2
[2024-11-25T16:30:05.272+0000] {taskinstance.py:2330} INFO - Executing <Task(PythonOperator): extract> on 2024-11-25 04:00:00+00:00
[2024-11-25T16:30:05.286+0000] {logging_mixin.py:188} WARNING - /home/airflow/.local/lib/python3.12/site-packages/airflow/task/task_runner/standard_task_runner.py:61 DeprecationWarning: This process (pid=192) is multi-threaded, use of fork() may lead to deadlocks in the child.
[2024-11-25T16:30:05.286+0000] {standard_task_runner.py:90} INFO - Running: ['airflow', 'tasks', 'run', 'weather-forecast-dag', 'extract', 'scheduled__2024-11-25T04:00:00+00:00', '--job-id', '6', '--raw', '--subdir', 'DAGS_FOLDER/weather_pipeline.py', '--cfg-path', '/tmp/tmpk2jrhkia']
[2024-11-25T16:30:05.289+0000] {standard_task_runner.py:63} INFO - Started process 206 to run task
[2024-11-25T16:30:05.290+0000] {standard_task_runner.py:91} INFO - Job 6: Subtask extract
[2024-11-25T16:30:05.318+0000] {logging_mixin.py:188} WARNING - /home/airflow/.local/lib/python3.12/site-packages/airflow/settings.py:195 DeprecationWarning: The sql_alchemy_conn option in [core] has been moved to the sql_alchemy_conn option in [database] - the old setting has been used, but please update your config.
[2024-11-25T16:30:05.373+0000] {task_command.py:426} INFO - Running <TaskInstance: weather-forecast-dag.extract scheduled__2024-11-25T04:00:00+00:00 [running]> on host eebbb4b46189
[2024-11-25T16:30:05.505+0000] {taskinstance.py:2648} INFO - Exporting env vars: AIRFLOW_CTX_DAG_OWNER='Urbain ZE' AIRFLOW_CTX_DAG_ID='weather-forecast-dag' AIRFLOW_CTX_TASK_ID='extract' AIRFLOW_CTX_EXECUTION_DATE='2024-11-25T04:00:00+00:00' AIRFLOW_CTX_TRY_NUMBER='1' AIRFLOW_CTX_DAG_RUN_ID='scheduled__2024-11-25T04:00:00+00:00'
[2024-11-25T16:30:05.508+0000] {taskinstance.py:430} INFO - ::endgroup::
[2024-11-25T16:30:06.156+0000] {python.py:237} INFO - Done. Returned value was: None
[2024-11-25T16:30:06.162+0000] {taskinstance.py:441} INFO - ::group::Post task execution logs
[2024-11-25T16:30:06.195+0000] {taskinstance.py:1206} INFO - Marking task as SUCCESS. dag_id=weather-forecast-dag, task_id=extract, run_id=scheduled__2024-11-25T04:00:00+00:00, execution_date=20241125T040000, start_date=20241125T163005, end_date=20241125T163006
[2024-11-25T16:30:06.388+0000] {local_task_job_runner.py:240} INFO - Task exited with return code 0
[2024-11-25T16:30:06.436+0000] {taskinstance.py:3498} INFO - 1 downstream tasks scheduled from follow-on schedule check
[2024-11-25T16:30:06.441+0000] {local_task_job_runner.py:222} INFO - ::endgroup::
