[2024-11-25T13:34:38.764+0000] {local_task_job_runner.py:120} INFO - ::group::Pre task execution logs
[2024-11-25T13:34:38.823+0000] {taskinstance.py:2076} INFO - Dependencies all met for dep_context=non-requeueable deps ti=<TaskInstance: weather-forecast-dag.transform scheduled__2024-11-25T11:00:00+00:00 [queued]>
[2024-11-25T13:34:38.839+0000] {taskinstance.py:2076} INFO - Dependencies all met for dep_context=requeueable deps ti=<TaskInstance: weather-forecast-dag.transform scheduled__2024-11-25T11:00:00+00:00 [queued]>
[2024-11-25T13:34:38.841+0000] {taskinstance.py:2306} INFO - Starting attempt 1 of 2
[2024-11-25T13:34:38.990+0000] {taskinstance.py:2330} INFO - Executing <Task(PythonOperator): transform> on 2024-11-25 11:00:00+00:00
[2024-11-25T13:34:39.005+0000] {logging_mixin.py:188} WARNING - /home/airflow/.local/lib/python3.12/site-packages/airflow/task/task_runner/standard_task_runner.py:61 DeprecationWarning: This process (pid=256) is multi-threaded, use of fork() may lead to deadlocks in the child.
[2024-11-25T13:34:39.008+0000] {standard_task_runner.py:63} INFO - Started process 281 to run task
[2024-11-25T13:34:39.008+0000] {standard_task_runner.py:90} INFO - Running: ['airflow', 'tasks', 'run', 'weather-forecast-dag', 'transform', 'scheduled__2024-11-25T11:00:00+00:00', '--job-id', '26', '--raw', '--subdir', 'DAGS_FOLDER/weather_pipeline.py', '--cfg-path', '/tmp/tmpwvzkrbp1']
[2024-11-25T13:34:39.011+0000] {standard_task_runner.py:91} INFO - Job 26: Subtask transform
[2024-11-25T13:34:39.048+0000] {logging_mixin.py:188} WARNING - /home/airflow/.local/lib/python3.12/site-packages/airflow/settings.py:195 DeprecationWarning: The sql_alchemy_conn option in [core] has been moved to the sql_alchemy_conn option in [database] - the old setting has been used, but please update your config.
[2024-11-25T13:34:39.126+0000] {task_command.py:426} INFO - Running <TaskInstance: weather-forecast-dag.transform scheduled__2024-11-25T11:00:00+00:00 [running]> on host 8a6a192a668b
[2024-11-25T13:34:39.309+0000] {taskinstance.py:2648} INFO - Exporting env vars: AIRFLOW_CTX_DAG_OWNER='Urbain ZE' AIRFLOW_CTX_DAG_ID='weather-forecast-dag' AIRFLOW_CTX_TASK_ID='transform' AIRFLOW_CTX_EXECUTION_DATE='2024-11-25T11:00:00+00:00' AIRFLOW_CTX_TRY_NUMBER='1' AIRFLOW_CTX_DAG_RUN_ID='scheduled__2024-11-25T11:00:00+00:00'
[2024-11-25T13:34:39.312+0000] {taskinstance.py:430} INFO - ::endgroup::
[2024-11-25T13:34:39.746+0000] {python.py:237} INFO - Done. Returned value was: None
[2024-11-25T13:34:39.749+0000] {taskinstance.py:441} INFO - ::group::Post task execution logs
[2024-11-25T13:34:39.779+0000] {taskinstance.py:1206} INFO - Marking task as SUCCESS. dag_id=weather-forecast-dag, task_id=transform, run_id=scheduled__2024-11-25T11:00:00+00:00, execution_date=20241125T110000, start_date=20241125T133438, end_date=20241125T133439
[2024-11-25T13:34:39.881+0000] {local_task_job_runner.py:240} INFO - Task exited with return code 0
[2024-11-25T13:34:39.942+0000] {taskinstance.py:3498} INFO - 1 downstream tasks scheduled from follow-on schedule check
[2024-11-25T13:34:39.951+0000] {local_task_job_runner.py:222} INFO - ::endgroup::
[2024-11-25T13:48:23.594+0000] {local_task_job_runner.py:120} INFO - ::group::Pre task execution logs
[2024-11-25T13:48:23.638+0000] {taskinstance.py:2076} INFO - Dependencies all met for dep_context=non-requeueable deps ti=<TaskInstance: weather-forecast-dag.transform scheduled__2024-11-25T11:00:00+00:00 [queued]>
[2024-11-25T13:48:23.650+0000] {taskinstance.py:2076} INFO - Dependencies all met for dep_context=requeueable deps ti=<TaskInstance: weather-forecast-dag.transform scheduled__2024-11-25T11:00:00+00:00 [queued]>
[2024-11-25T13:48:23.651+0000] {taskinstance.py:2306} INFO - Starting attempt 1 of 2
[2024-11-25T13:48:23.700+0000] {taskinstance.py:2330} INFO - Executing <Task(PythonOperator): transform> on 2024-11-25 11:00:00+00:00
[2024-11-25T13:48:23.714+0000] {logging_mixin.py:188} WARNING - /home/airflow/.local/lib/python3.12/site-packages/airflow/task/task_runner/standard_task_runner.py:61 DeprecationWarning: This process (pid=259) is multi-threaded, use of fork() may lead to deadlocks in the child.
[2024-11-25T13:48:23.714+0000] {standard_task_runner.py:90} INFO - Running: ['airflow', 'tasks', 'run', 'weather-forecast-dag', 'transform', 'scheduled__2024-11-25T11:00:00+00:00', '--job-id', '29', '--raw', '--subdir', 'DAGS_FOLDER/weather_pipeline.py', '--cfg-path', '/tmp/tmpdg42z703']
[2024-11-25T13:48:23.717+0000] {standard_task_runner.py:63} INFO - Started process 284 to run task
[2024-11-25T13:48:23.718+0000] {standard_task_runner.py:91} INFO - Job 29: Subtask transform
[2024-11-25T13:48:23.793+0000] {logging_mixin.py:188} WARNING - /home/airflow/.local/lib/python3.12/site-packages/airflow/settings.py:195 DeprecationWarning: The sql_alchemy_conn option in [core] has been moved to the sql_alchemy_conn option in [database] - the old setting has been used, but please update your config.
[2024-11-25T13:48:23.843+0000] {task_command.py:426} INFO - Running <TaskInstance: weather-forecast-dag.transform scheduled__2024-11-25T11:00:00+00:00 [running]> on host 4f4780ae54ec
[2024-11-25T13:48:24.051+0000] {taskinstance.py:2648} INFO - Exporting env vars: AIRFLOW_CTX_DAG_OWNER='Urbain ZE' AIRFLOW_CTX_DAG_ID='weather-forecast-dag' AIRFLOW_CTX_TASK_ID='transform' AIRFLOW_CTX_EXECUTION_DATE='2024-11-25T11:00:00+00:00' AIRFLOW_CTX_TRY_NUMBER='1' AIRFLOW_CTX_DAG_RUN_ID='scheduled__2024-11-25T11:00:00+00:00'
[2024-11-25T13:48:24.054+0000] {taskinstance.py:430} INFO - ::endgroup::
[2024-11-25T13:48:24.773+0000] {python.py:237} INFO - Done. Returned value was: None
[2024-11-25T13:48:24.777+0000] {taskinstance.py:441} INFO - ::group::Post task execution logs
[2024-11-25T13:48:24.793+0000] {taskinstance.py:1206} INFO - Marking task as SUCCESS. dag_id=weather-forecast-dag, task_id=transform, run_id=scheduled__2024-11-25T11:00:00+00:00, execution_date=20241125T110000, start_date=20241125T134823, end_date=20241125T134824
[2024-11-25T13:48:24.823+0000] {local_task_job_runner.py:240} INFO - Task exited with return code 0
[2024-11-25T13:48:24.843+0000] {taskinstance.py:3498} INFO - 1 downstream tasks scheduled from follow-on schedule check
[2024-11-25T13:48:24.868+0000] {local_task_job_runner.py:222} INFO - ::endgroup::
[2024-11-25T16:19:21.894+0000] {local_task_job_runner.py:120} INFO - ::group::Pre task execution logs
[2024-11-25T16:19:21.955+0000] {taskinstance.py:2076} INFO - Dependencies all met for dep_context=non-requeueable deps ti=<TaskInstance: weather-forecast-dag.transform scheduled__2024-11-25T11:00:00+00:00 [queued]>
[2024-11-25T16:19:21.968+0000] {taskinstance.py:2076} INFO - Dependencies all met for dep_context=requeueable deps ti=<TaskInstance: weather-forecast-dag.transform scheduled__2024-11-25T11:00:00+00:00 [queued]>
[2024-11-25T16:19:21.969+0000] {taskinstance.py:2306} INFO - Starting attempt 1 of 2
[2024-11-25T16:19:22.039+0000] {taskinstance.py:2330} INFO - Executing <Task(PythonOperator): transform> on 2024-11-25 11:00:00+00:00
[2024-11-25T16:19:22.059+0000] {logging_mixin.py:188} WARNING - /home/airflow/.local/lib/python3.12/site-packages/airflow/task/task_runner/standard_task_runner.py:61 DeprecationWarning: This process (pid=279) is multi-threaded, use of fork() may lead to deadlocks in the child.
[2024-11-25T16:19:22.058+0000] {standard_task_runner.py:90} INFO - Running: ['airflow', 'tasks', 'run', 'weather-forecast-dag', 'transform', 'scheduled__2024-11-25T11:00:00+00:00', '--job-id', '28', '--raw', '--subdir', 'DAGS_FOLDER/weather_pipeline.py', '--cfg-path', '/tmp/tmp3wt7mtcw']
[2024-11-25T16:19:22.062+0000] {standard_task_runner.py:63} INFO - Started process 304 to run task
[2024-11-25T16:19:22.062+0000] {standard_task_runner.py:91} INFO - Job 28: Subtask transform
[2024-11-25T16:19:22.128+0000] {logging_mixin.py:188} WARNING - /home/airflow/.local/lib/python3.12/site-packages/airflow/settings.py:195 DeprecationWarning: The sql_alchemy_conn option in [core] has been moved to the sql_alchemy_conn option in [database] - the old setting has been used, but please update your config.
[2024-11-25T16:19:22.246+0000] {task_command.py:426} INFO - Running <TaskInstance: weather-forecast-dag.transform scheduled__2024-11-25T11:00:00+00:00 [running]> on host 9c7ea2cc0f0f
[2024-11-25T16:19:22.457+0000] {taskinstance.py:2648} INFO - Exporting env vars: AIRFLOW_CTX_DAG_OWNER='Urbain ZE' AIRFLOW_CTX_DAG_ID='weather-forecast-dag' AIRFLOW_CTX_TASK_ID='transform' AIRFLOW_CTX_EXECUTION_DATE='2024-11-25T11:00:00+00:00' AIRFLOW_CTX_TRY_NUMBER='1' AIRFLOW_CTX_DAG_RUN_ID='scheduled__2024-11-25T11:00:00+00:00'
[2024-11-25T16:19:22.461+0000] {taskinstance.py:430} INFO - ::endgroup::
[2024-11-25T16:19:22.968+0000] {python.py:237} INFO - Done. Returned value was: None
[2024-11-25T16:19:22.970+0000] {taskinstance.py:441} INFO - ::group::Post task execution logs
[2024-11-25T16:19:22.993+0000] {taskinstance.py:1206} INFO - Marking task as SUCCESS. dag_id=weather-forecast-dag, task_id=transform, run_id=scheduled__2024-11-25T11:00:00+00:00, execution_date=20241125T110000, start_date=20241125T161921, end_date=20241125T161922
[2024-11-25T16:19:23.126+0000] {local_task_job_runner.py:240} INFO - Task exited with return code 0
[2024-11-25T16:19:23.184+0000] {taskinstance.py:3498} INFO - 1 downstream tasks scheduled from follow-on schedule check
[2024-11-25T16:19:23.195+0000] {local_task_job_runner.py:222} INFO - ::endgroup::
[2024-11-25T16:30:10.801+0000] {local_task_job_runner.py:120} INFO - ::group::Pre task execution logs
[2024-11-25T16:30:10.852+0000] {taskinstance.py:2076} INFO - Dependencies all met for dep_context=non-requeueable deps ti=<TaskInstance: weather-forecast-dag.transform scheduled__2024-11-25T11:00:00+00:00 [queued]>
[2024-11-25T16:30:10.867+0000] {taskinstance.py:2076} INFO - Dependencies all met for dep_context=requeueable deps ti=<TaskInstance: weather-forecast-dag.transform scheduled__2024-11-25T11:00:00+00:00 [queued]>
[2024-11-25T16:30:10.868+0000] {taskinstance.py:2306} INFO - Starting attempt 1 of 2
[2024-11-25T16:30:10.898+0000] {taskinstance.py:2330} INFO - Executing <Task(PythonOperator): transform> on 2024-11-25 11:00:00+00:00
[2024-11-25T16:30:10.917+0000] {logging_mixin.py:188} WARNING - /home/airflow/.local/lib/python3.12/site-packages/airflow/task/task_runner/standard_task_runner.py:61 DeprecationWarning: This process (pid=276) is multi-threaded, use of fork() may lead to deadlocks in the child.
[2024-11-25T16:30:10.920+0000] {standard_task_runner.py:63} INFO - Started process 297 to run task
[2024-11-25T16:30:10.917+0000] {standard_task_runner.py:90} INFO - Running: ['airflow', 'tasks', 'run', 'weather-forecast-dag', 'transform', 'scheduled__2024-11-25T11:00:00+00:00', '--job-id', '29', '--raw', '--subdir', 'DAGS_FOLDER/weather_pipeline.py', '--cfg-path', '/tmp/tmpj4cwp_j3']
[2024-11-25T16:30:10.924+0000] {standard_task_runner.py:91} INFO - Job 29: Subtask transform
[2024-11-25T16:30:10.957+0000] {logging_mixin.py:188} WARNING - /home/airflow/.local/lib/python3.12/site-packages/airflow/settings.py:195 DeprecationWarning: The sql_alchemy_conn option in [core] has been moved to the sql_alchemy_conn option in [database] - the old setting has been used, but please update your config.
[2024-11-25T16:30:11.033+0000] {task_command.py:426} INFO - Running <TaskInstance: weather-forecast-dag.transform scheduled__2024-11-25T11:00:00+00:00 [running]> on host eebbb4b46189
[2024-11-25T16:30:11.199+0000] {taskinstance.py:2648} INFO - Exporting env vars: AIRFLOW_CTX_DAG_OWNER='Urbain ZE' AIRFLOW_CTX_DAG_ID='weather-forecast-dag' AIRFLOW_CTX_TASK_ID='transform' AIRFLOW_CTX_EXECUTION_DATE='2024-11-25T11:00:00+00:00' AIRFLOW_CTX_TRY_NUMBER='1' AIRFLOW_CTX_DAG_RUN_ID='scheduled__2024-11-25T11:00:00+00:00'
[2024-11-25T16:30:11.202+0000] {taskinstance.py:430} INFO - ::endgroup::
[2024-11-25T16:30:12.725+0000] {python.py:237} INFO - Done. Returned value was: None
[2024-11-25T16:30:12.727+0000] {taskinstance.py:441} INFO - ::group::Post task execution logs
[2024-11-25T16:30:12.735+0000] {taskinstance.py:1206} INFO - Marking task as SUCCESS. dag_id=weather-forecast-dag, task_id=transform, run_id=scheduled__2024-11-25T11:00:00+00:00, execution_date=20241125T110000, start_date=20241125T163010, end_date=20241125T163012
[2024-11-25T16:30:12.839+0000] {local_task_job_runner.py:240} INFO - Task exited with return code 0
[2024-11-25T16:30:12.850+0000] {local_task_job_runner.py:222} INFO - ::endgroup::
