[2024-11-25T15:00:03.426+0000] {local_task_job_runner.py:120} INFO - ::group::Pre task execution logs
[2024-11-25T15:00:03.448+0000] {taskinstance.py:2076} INFO - Dependencies all met for dep_context=non-requeueable deps ti=<TaskInstance: weather-forecast-dag.transform scheduled__2024-11-25T14:00:00+00:00 [queued]>
[2024-11-25T15:00:03.454+0000] {taskinstance.py:2076} INFO - Dependencies all met for dep_context=requeueable deps ti=<TaskInstance: weather-forecast-dag.transform scheduled__2024-11-25T14:00:00+00:00 [queued]>
[2024-11-25T15:00:03.455+0000] {taskinstance.py:2306} INFO - Starting attempt 1 of 2
[2024-11-25T15:00:03.465+0000] {taskinstance.py:2330} INFO - Executing <Task(PythonOperator): transform> on 2024-11-25 14:00:00+00:00
[2024-11-25T15:00:03.472+0000] {logging_mixin.py:188} WARNING - /home/airflow/.local/lib/python3.12/site-packages/airflow/task/task_runner/standard_task_runner.py:61 DeprecationWarning: This process (pid=1166) is multi-threaded, use of fork() may lead to deadlocks in the child.
[2024-11-25T15:00:03.472+0000] {standard_task_runner.py:90} INFO - Running: ['airflow', 'tasks', 'run', 'weather-forecast-dag', 'transform', 'scheduled__2024-11-25T14:00:00+00:00', '--job-id', '48', '--raw', '--subdir', 'DAGS_FOLDER/weather_pipeline.py', '--cfg-path', '/tmp/tmpadv40uku']
[2024-11-25T15:00:03.473+0000] {standard_task_runner.py:63} INFO - Started process 1170 to run task
[2024-11-25T15:00:03.474+0000] {standard_task_runner.py:91} INFO - Job 48: Subtask transform
[2024-11-25T15:00:03.488+0000] {logging_mixin.py:188} WARNING - /home/airflow/.local/lib/python3.12/site-packages/airflow/settings.py:195 DeprecationWarning: The sql_alchemy_conn option in [core] has been moved to the sql_alchemy_conn option in [database] - the old setting has been used, but please update your config.
[2024-11-25T15:00:03.515+0000] {task_command.py:426} INFO - Running <TaskInstance: weather-forecast-dag.transform scheduled__2024-11-25T14:00:00+00:00 [running]> on host 4f4780ae54ec
[2024-11-25T15:00:03.580+0000] {taskinstance.py:2648} INFO - Exporting env vars: AIRFLOW_CTX_DAG_OWNER='Urbain ZE' AIRFLOW_CTX_DAG_ID='weather-forecast-dag' AIRFLOW_CTX_TASK_ID='transform' AIRFLOW_CTX_EXECUTION_DATE='2024-11-25T14:00:00+00:00' AIRFLOW_CTX_TRY_NUMBER='1' AIRFLOW_CTX_DAG_RUN_ID='scheduled__2024-11-25T14:00:00+00:00'
[2024-11-25T15:00:03.582+0000] {taskinstance.py:430} INFO - ::endgroup::
[2024-11-25T15:00:03.746+0000] {python.py:237} INFO - Done. Returned value was: None
[2024-11-25T15:00:03.746+0000] {taskinstance.py:441} INFO - ::group::Post task execution logs
[2024-11-25T15:00:03.754+0000] {taskinstance.py:1206} INFO - Marking task as SUCCESS. dag_id=weather-forecast-dag, task_id=transform, run_id=scheduled__2024-11-25T14:00:00+00:00, execution_date=20241125T140000, start_date=20241125T150003, end_date=20241125T150003
[2024-11-25T15:00:03.808+0000] {local_task_job_runner.py:240} INFO - Task exited with return code 0
[2024-11-25T15:00:03.825+0000] {taskinstance.py:3498} INFO - 1 downstream tasks scheduled from follow-on schedule check
[2024-11-25T15:00:03.830+0000] {local_task_job_runner.py:222} INFO - ::endgroup::
[2024-11-25T16:19:23.112+0000] {local_task_job_runner.py:120} INFO - ::group::Pre task execution logs
[2024-11-25T16:19:23.195+0000] {taskinstance.py:2076} INFO - Dependencies all met for dep_context=non-requeueable deps ti=<TaskInstance: weather-forecast-dag.transform scheduled__2024-11-25T14:00:00+00:00 [queued]>
[2024-11-25T16:19:23.263+0000] {taskinstance.py:2076} INFO - Dependencies all met for dep_context=requeueable deps ti=<TaskInstance: weather-forecast-dag.transform scheduled__2024-11-25T14:00:00+00:00 [queued]>
[2024-11-25T16:19:23.265+0000] {taskinstance.py:2306} INFO - Starting attempt 1 of 2
[2024-11-25T16:19:23.314+0000] {taskinstance.py:2330} INFO - Executing <Task(PythonOperator): transform> on 2024-11-25 14:00:00+00:00
[2024-11-25T16:19:23.335+0000] {logging_mixin.py:188} WARNING - /home/airflow/.local/lib/python3.12/site-packages/airflow/task/task_runner/standard_task_runner.py:61 DeprecationWarning: This process (pid=302) is multi-threaded, use of fork() may lead to deadlocks in the child.
[2024-11-25T16:19:23.337+0000] {standard_task_runner.py:63} INFO - Started process 328 to run task
[2024-11-25T16:19:23.336+0000] {standard_task_runner.py:90} INFO - Running: ['airflow', 'tasks', 'run', 'weather-forecast-dag', 'transform', 'scheduled__2024-11-25T14:00:00+00:00', '--job-id', '36', '--raw', '--subdir', 'DAGS_FOLDER/weather_pipeline.py', '--cfg-path', '/tmp/tmp3179fbnn']
[2024-11-25T16:19:23.343+0000] {standard_task_runner.py:91} INFO - Job 36: Subtask transform
[2024-11-25T16:19:23.372+0000] {logging_mixin.py:188} WARNING - /home/airflow/.local/lib/python3.12/site-packages/airflow/settings.py:195 DeprecationWarning: The sql_alchemy_conn option in [core] has been moved to the sql_alchemy_conn option in [database] - the old setting has been used, but please update your config.
[2024-11-25T16:19:23.441+0000] {task_command.py:426} INFO - Running <TaskInstance: weather-forecast-dag.transform scheduled__2024-11-25T14:00:00+00:00 [running]> on host 9c7ea2cc0f0f
[2024-11-25T16:19:23.603+0000] {taskinstance.py:2648} INFO - Exporting env vars: AIRFLOW_CTX_DAG_OWNER='Urbain ZE' AIRFLOW_CTX_DAG_ID='weather-forecast-dag' AIRFLOW_CTX_TASK_ID='transform' AIRFLOW_CTX_EXECUTION_DATE='2024-11-25T14:00:00+00:00' AIRFLOW_CTX_TRY_NUMBER='1' AIRFLOW_CTX_DAG_RUN_ID='scheduled__2024-11-25T14:00:00+00:00'
[2024-11-25T16:19:23.606+0000] {taskinstance.py:430} INFO - ::endgroup::
[2024-11-25T16:19:23.965+0000] {python.py:237} INFO - Done. Returned value was: None
[2024-11-25T16:19:23.966+0000] {taskinstance.py:441} INFO - ::group::Post task execution logs
[2024-11-25T16:19:23.978+0000] {taskinstance.py:1206} INFO - Marking task as SUCCESS. dag_id=weather-forecast-dag, task_id=transform, run_id=scheduled__2024-11-25T14:00:00+00:00, execution_date=20241125T140000, start_date=20241125T161923, end_date=20241125T161923
[2024-11-25T16:19:24.037+0000] {local_task_job_runner.py:240} INFO - Task exited with return code 0
[2024-11-25T16:19:24.049+0000] {local_task_job_runner.py:222} INFO - ::endgroup::
[2024-11-25T16:30:10.815+0000] {local_task_job_runner.py:120} INFO - ::group::Pre task execution logs
[2024-11-25T16:30:10.866+0000] {taskinstance.py:2076} INFO - Dependencies all met for dep_context=non-requeueable deps ti=<TaskInstance: weather-forecast-dag.transform scheduled__2024-11-25T14:00:00+00:00 [queued]>
[2024-11-25T16:30:10.879+0000] {taskinstance.py:2076} INFO - Dependencies all met for dep_context=requeueable deps ti=<TaskInstance: weather-forecast-dag.transform scheduled__2024-11-25T14:00:00+00:00 [queued]>
[2024-11-25T16:30:10.880+0000] {taskinstance.py:2306} INFO - Starting attempt 1 of 2
[2024-11-25T16:30:10.916+0000] {taskinstance.py:2330} INFO - Executing <Task(PythonOperator): transform> on 2024-11-25 14:00:00+00:00
[2024-11-25T16:30:10.933+0000] {logging_mixin.py:188} WARNING - /home/airflow/.local/lib/python3.12/site-packages/airflow/task/task_runner/standard_task_runner.py:61 DeprecationWarning: This process (pid=274) is multi-threaded, use of fork() may lead to deadlocks in the child.
[2024-11-25T16:30:10.935+0000] {standard_task_runner.py:63} INFO - Started process 299 to run task
[2024-11-25T16:30:10.934+0000] {standard_task_runner.py:90} INFO - Running: ['airflow', 'tasks', 'run', 'weather-forecast-dag', 'transform', 'scheduled__2024-11-25T14:00:00+00:00', '--job-id', '31', '--raw', '--subdir', 'DAGS_FOLDER/weather_pipeline.py', '--cfg-path', '/tmp/tmppqwudocj']
[2024-11-25T16:30:10.939+0000] {standard_task_runner.py:91} INFO - Job 31: Subtask transform
[2024-11-25T16:30:10.978+0000] {logging_mixin.py:188} WARNING - /home/airflow/.local/lib/python3.12/site-packages/airflow/settings.py:195 DeprecationWarning: The sql_alchemy_conn option in [core] has been moved to the sql_alchemy_conn option in [database] - the old setting has been used, but please update your config.
[2024-11-25T16:30:11.054+0000] {task_command.py:426} INFO - Running <TaskInstance: weather-forecast-dag.transform scheduled__2024-11-25T14:00:00+00:00 [running]> on host eebbb4b46189
[2024-11-25T16:30:11.204+0000] {taskinstance.py:2648} INFO - Exporting env vars: AIRFLOW_CTX_DAG_OWNER='Urbain ZE' AIRFLOW_CTX_DAG_ID='weather-forecast-dag' AIRFLOW_CTX_TASK_ID='transform' AIRFLOW_CTX_EXECUTION_DATE='2024-11-25T14:00:00+00:00' AIRFLOW_CTX_TRY_NUMBER='1' AIRFLOW_CTX_DAG_RUN_ID='scheduled__2024-11-25T14:00:00+00:00'
[2024-11-25T16:30:11.208+0000] {taskinstance.py:430} INFO - ::endgroup::
[2024-11-25T16:30:12.725+0000] {python.py:237} INFO - Done. Returned value was: None
[2024-11-25T16:30:12.727+0000] {taskinstance.py:441} INFO - ::group::Post task execution logs
[2024-11-25T16:30:12.736+0000] {taskinstance.py:1206} INFO - Marking task as SUCCESS. dag_id=weather-forecast-dag, task_id=transform, run_id=scheduled__2024-11-25T14:00:00+00:00, execution_date=20241125T140000, start_date=20241125T163010, end_date=20241125T163012
[2024-11-25T16:30:12.852+0000] {local_task_job_runner.py:240} INFO - Task exited with return code 0
[2024-11-25T16:30:12.867+0000] {local_task_job_runner.py:222} INFO - ::endgroup::
