[2024-11-25T13:34:36.690+0000] {local_task_job_runner.py:120} INFO - ::group::Pre task execution logs
[2024-11-25T13:34:36.766+0000] {taskinstance.py:2076} INFO - Dependencies all met for dep_context=non-requeueable deps ti=<TaskInstance: weather-forecast-dag.transform scheduled__2024-11-25T02:00:00+00:00 [queued]>
[2024-11-25T13:34:36.781+0000] {taskinstance.py:2076} INFO - Dependencies all met for dep_context=requeueable deps ti=<TaskInstance: weather-forecast-dag.transform scheduled__2024-11-25T02:00:00+00:00 [queued]>
[2024-11-25T13:34:36.782+0000] {taskinstance.py:2306} INFO - Starting attempt 1 of 2
[2024-11-25T13:34:36.807+0000] {taskinstance.py:2330} INFO - Executing <Task(PythonOperator): transform> on 2024-11-25 02:00:00+00:00
[2024-11-25T13:34:36.820+0000] {logging_mixin.py:188} WARNING - /home/airflow/.local/lib/python3.12/site-packages/airflow/task/task_runner/standard_task_runner.py:61 DeprecationWarning: This process (pid=230) is multi-threaded, use of fork() may lead to deadlocks in the child.
[2024-11-25T13:34:36.822+0000] {standard_task_runner.py:63} INFO - Started process 247 to run task
[2024-11-25T13:34:36.820+0000] {standard_task_runner.py:90} INFO - Running: ['airflow', 'tasks', 'run', 'weather-forecast-dag', 'transform', 'scheduled__2024-11-25T02:00:00+00:00', '--job-id', '20', '--raw', '--subdir', 'DAGS_FOLDER/weather_pipeline.py', '--cfg-path', '/tmp/tmpg6ziabqp']
[2024-11-25T13:34:36.825+0000] {standard_task_runner.py:91} INFO - Job 20: Subtask transform
[2024-11-25T13:34:36.854+0000] {logging_mixin.py:188} WARNING - /home/airflow/.local/lib/python3.12/site-packages/airflow/settings.py:195 DeprecationWarning: The sql_alchemy_conn option in [core] has been moved to the sql_alchemy_conn option in [database] - the old setting has been used, but please update your config.
[2024-11-25T13:34:36.916+0000] {task_command.py:426} INFO - Running <TaskInstance: weather-forecast-dag.transform scheduled__2024-11-25T02:00:00+00:00 [running]> on host 8a6a192a668b
[2024-11-25T13:34:37.068+0000] {taskinstance.py:2648} INFO - Exporting env vars: AIRFLOW_CTX_DAG_OWNER='Urbain ZE' AIRFLOW_CTX_DAG_ID='weather-forecast-dag' AIRFLOW_CTX_TASK_ID='transform' AIRFLOW_CTX_EXECUTION_DATE='2024-11-25T02:00:00+00:00' AIRFLOW_CTX_TRY_NUMBER='1' AIRFLOW_CTX_DAG_RUN_ID='scheduled__2024-11-25T02:00:00+00:00'
[2024-11-25T13:34:37.070+0000] {taskinstance.py:430} INFO - ::endgroup::
[2024-11-25T13:34:37.580+0000] {python.py:237} INFO - Done. Returned value was: None
[2024-11-25T13:34:37.583+0000] {taskinstance.py:441} INFO - ::group::Post task execution logs
[2024-11-25T13:34:37.603+0000] {taskinstance.py:1206} INFO - Marking task as SUCCESS. dag_id=weather-forecast-dag, task_id=transform, run_id=scheduled__2024-11-25T02:00:00+00:00, execution_date=20241125T020000, start_date=20241125T133436, end_date=20241125T133437
[2024-11-25T13:34:37.684+0000] {local_task_job_runner.py:240} INFO - Task exited with return code 0
[2024-11-25T13:34:37.731+0000] {taskinstance.py:3498} INFO - 1 downstream tasks scheduled from follow-on schedule check
[2024-11-25T13:34:37.737+0000] {local_task_job_runner.py:222} INFO - ::endgroup::
[2024-11-25T13:48:20.863+0000] {local_task_job_runner.py:120} INFO - ::group::Pre task execution logs
[2024-11-25T13:48:20.903+0000] {taskinstance.py:2076} INFO - Dependencies all met for dep_context=non-requeueable deps ti=<TaskInstance: weather-forecast-dag.transform scheduled__2024-11-25T02:00:00+00:00 [queued]>
[2024-11-25T13:48:20.912+0000] {taskinstance.py:2076} INFO - Dependencies all met for dep_context=requeueable deps ti=<TaskInstance: weather-forecast-dag.transform scheduled__2024-11-25T02:00:00+00:00 [queued]>
[2024-11-25T13:48:20.912+0000] {taskinstance.py:2306} INFO - Starting attempt 1 of 2
[2024-11-25T13:48:20.937+0000] {taskinstance.py:2330} INFO - Executing <Task(PythonOperator): transform> on 2024-11-25 02:00:00+00:00
[2024-11-25T13:48:20.955+0000] {logging_mixin.py:188} WARNING - /home/airflow/.local/lib/python3.12/site-packages/airflow/task/task_runner/standard_task_runner.py:61 DeprecationWarning: This process (pid=223) is multi-threaded, use of fork() may lead to deadlocks in the child.
[2024-11-25T13:48:20.958+0000] {standard_task_runner.py:63} INFO - Started process 235 to run task
[2024-11-25T13:48:20.956+0000] {standard_task_runner.py:90} INFO - Running: ['airflow', 'tasks', 'run', 'weather-forecast-dag', 'transform', 'scheduled__2024-11-25T02:00:00+00:00', '--job-id', '16', '--raw', '--subdir', 'DAGS_FOLDER/weather_pipeline.py', '--cfg-path', '/tmp/tmpbzv2zf73']
[2024-11-25T13:48:20.960+0000] {standard_task_runner.py:91} INFO - Job 16: Subtask transform
[2024-11-25T13:48:20.994+0000] {logging_mixin.py:188} WARNING - /home/airflow/.local/lib/python3.12/site-packages/airflow/settings.py:195 DeprecationWarning: The sql_alchemy_conn option in [core] has been moved to the sql_alchemy_conn option in [database] - the old setting has been used, but please update your config.
[2024-11-25T13:48:21.038+0000] {task_command.py:426} INFO - Running <TaskInstance: weather-forecast-dag.transform scheduled__2024-11-25T02:00:00+00:00 [running]> on host 4f4780ae54ec
[2024-11-25T13:48:21.137+0000] {taskinstance.py:2648} INFO - Exporting env vars: AIRFLOW_CTX_DAG_OWNER='Urbain ZE' AIRFLOW_CTX_DAG_ID='weather-forecast-dag' AIRFLOW_CTX_TASK_ID='transform' AIRFLOW_CTX_EXECUTION_DATE='2024-11-25T02:00:00+00:00' AIRFLOW_CTX_TRY_NUMBER='1' AIRFLOW_CTX_DAG_RUN_ID='scheduled__2024-11-25T02:00:00+00:00'
[2024-11-25T13:48:21.138+0000] {taskinstance.py:430} INFO - ::endgroup::
[2024-11-25T13:48:21.609+0000] {python.py:237} INFO - Done. Returned value was: None
[2024-11-25T13:48:21.610+0000] {taskinstance.py:441} INFO - ::group::Post task execution logs
[2024-11-25T13:48:21.627+0000] {taskinstance.py:1206} INFO - Marking task as SUCCESS. dag_id=weather-forecast-dag, task_id=transform, run_id=scheduled__2024-11-25T02:00:00+00:00, execution_date=20241125T020000, start_date=20241125T134820, end_date=20241125T134821
[2024-11-25T13:48:21.697+0000] {local_task_job_runner.py:240} INFO - Task exited with return code 0
[2024-11-25T13:48:21.727+0000] {taskinstance.py:3498} INFO - 1 downstream tasks scheduled from follow-on schedule check
[2024-11-25T13:48:21.739+0000] {local_task_job_runner.py:222} INFO - ::endgroup::
[2024-11-25T16:19:19.270+0000] {local_task_job_runner.py:120} INFO - ::group::Pre task execution logs
[2024-11-25T16:19:19.322+0000] {taskinstance.py:2076} INFO - Dependencies all met for dep_context=non-requeueable deps ti=<TaskInstance: weather-forecast-dag.transform scheduled__2024-11-25T02:00:00+00:00 [queued]>
[2024-11-25T16:19:19.331+0000] {taskinstance.py:2076} INFO - Dependencies all met for dep_context=requeueable deps ti=<TaskInstance: weather-forecast-dag.transform scheduled__2024-11-25T02:00:00+00:00 [queued]>
[2024-11-25T16:19:19.332+0000] {taskinstance.py:2306} INFO - Starting attempt 1 of 2
[2024-11-25T16:19:19.403+0000] {taskinstance.py:2330} INFO - Executing <Task(PythonOperator): transform> on 2024-11-25 02:00:00+00:00
[2024-11-25T16:19:19.419+0000] {logging_mixin.py:188} WARNING - /home/airflow/.local/lib/python3.12/site-packages/airflow/task/task_runner/standard_task_runner.py:61 DeprecationWarning: This process (pid=245) is multi-threaded, use of fork() may lead to deadlocks in the child.
[2024-11-25T16:19:19.421+0000] {standard_task_runner.py:63} INFO - Started process 260 to run task
[2024-11-25T16:19:19.422+0000] {standard_task_runner.py:90} INFO - Running: ['airflow', 'tasks', 'run', 'weather-forecast-dag', 'transform', 'scheduled__2024-11-25T02:00:00+00:00', '--job-id', '18', '--raw', '--subdir', 'DAGS_FOLDER/weather_pipeline.py', '--cfg-path', '/tmp/tmps5_ihgm3']
[2024-11-25T16:19:19.426+0000] {standard_task_runner.py:91} INFO - Job 18: Subtask transform
[2024-11-25T16:19:19.515+0000] {logging_mixin.py:188} WARNING - /home/airflow/.local/lib/python3.12/site-packages/airflow/settings.py:195 DeprecationWarning: The sql_alchemy_conn option in [core] has been moved to the sql_alchemy_conn option in [database] - the old setting has been used, but please update your config.
[2024-11-25T16:19:19.588+0000] {task_command.py:426} INFO - Running <TaskInstance: weather-forecast-dag.transform scheduled__2024-11-25T02:00:00+00:00 [running]> on host 9c7ea2cc0f0f
[2024-11-25T16:19:19.828+0000] {taskinstance.py:2648} INFO - Exporting env vars: AIRFLOW_CTX_DAG_OWNER='Urbain ZE' AIRFLOW_CTX_DAG_ID='weather-forecast-dag' AIRFLOW_CTX_TASK_ID='transform' AIRFLOW_CTX_EXECUTION_DATE='2024-11-25T02:00:00+00:00' AIRFLOW_CTX_TRY_NUMBER='1' AIRFLOW_CTX_DAG_RUN_ID='scheduled__2024-11-25T02:00:00+00:00'
[2024-11-25T16:19:19.833+0000] {taskinstance.py:430} INFO - ::endgroup::
[2024-11-25T16:19:20.422+0000] {python.py:237} INFO - Done. Returned value was: None
[2024-11-25T16:19:20.424+0000] {taskinstance.py:441} INFO - ::group::Post task execution logs
[2024-11-25T16:19:20.434+0000] {taskinstance.py:1206} INFO - Marking task as SUCCESS. dag_id=weather-forecast-dag, task_id=transform, run_id=scheduled__2024-11-25T02:00:00+00:00, execution_date=20241125T020000, start_date=20241125T161919, end_date=20241125T161920
[2024-11-25T16:19:20.651+0000] {local_task_job_runner.py:240} INFO - Task exited with return code 0
[2024-11-25T16:19:20.682+0000] {taskinstance.py:3498} INFO - 1 downstream tasks scheduled from follow-on schedule check
[2024-11-25T16:19:20.959+0000] {local_task_job_runner.py:222} INFO - ::endgroup::
[2024-11-25T16:30:07.507+0000] {local_task_job_runner.py:120} INFO - ::group::Pre task execution logs
[2024-11-25T16:30:07.538+0000] {taskinstance.py:2076} INFO - Dependencies all met for dep_context=non-requeueable deps ti=<TaskInstance: weather-forecast-dag.transform scheduled__2024-11-25T02:00:00+00:00 [queued]>
[2024-11-25T16:30:07.547+0000] {taskinstance.py:2076} INFO - Dependencies all met for dep_context=requeueable deps ti=<TaskInstance: weather-forecast-dag.transform scheduled__2024-11-25T02:00:00+00:00 [queued]>
[2024-11-25T16:30:07.547+0000] {taskinstance.py:2306} INFO - Starting attempt 1 of 2
[2024-11-25T16:30:07.747+0000] {taskinstance.py:2330} INFO - Executing <Task(PythonOperator): transform> on 2024-11-25 02:00:00+00:00
[2024-11-25T16:30:07.775+0000] {logging_mixin.py:188} WARNING - /home/airflow/.local/lib/python3.12/site-packages/airflow/task/task_runner/standard_task_runner.py:61 DeprecationWarning: This process (pid=224) is multi-threaded, use of fork() may lead to deadlocks in the child.
[2024-11-25T16:30:07.779+0000] {standard_task_runner.py:63} INFO - Started process 251 to run task
[2024-11-25T16:30:07.782+0000] {standard_task_runner.py:90} INFO - Running: ['airflow', 'tasks', 'run', 'weather-forecast-dag', 'transform', 'scheduled__2024-11-25T02:00:00+00:00', '--job-id', '18', '--raw', '--subdir', 'DAGS_FOLDER/weather_pipeline.py', '--cfg-path', '/tmp/tmpy_0i73jh']
[2024-11-25T16:30:07.786+0000] {standard_task_runner.py:91} INFO - Job 18: Subtask transform
[2024-11-25T16:30:07.830+0000] {logging_mixin.py:188} WARNING - /home/airflow/.local/lib/python3.12/site-packages/airflow/settings.py:195 DeprecationWarning: The sql_alchemy_conn option in [core] has been moved to the sql_alchemy_conn option in [database] - the old setting has been used, but please update your config.
[2024-11-25T16:30:07.916+0000] {task_command.py:426} INFO - Running <TaskInstance: weather-forecast-dag.transform scheduled__2024-11-25T02:00:00+00:00 [running]> on host eebbb4b46189
[2024-11-25T16:30:08.050+0000] {taskinstance.py:2648} INFO - Exporting env vars: AIRFLOW_CTX_DAG_OWNER='Urbain ZE' AIRFLOW_CTX_DAG_ID='weather-forecast-dag' AIRFLOW_CTX_TASK_ID='transform' AIRFLOW_CTX_EXECUTION_DATE='2024-11-25T02:00:00+00:00' AIRFLOW_CTX_TRY_NUMBER='1' AIRFLOW_CTX_DAG_RUN_ID='scheduled__2024-11-25T02:00:00+00:00'
[2024-11-25T16:30:08.052+0000] {taskinstance.py:430} INFO - ::endgroup::
[2024-11-25T16:30:08.630+0000] {python.py:237} INFO - Done. Returned value was: None
[2024-11-25T16:30:08.632+0000] {taskinstance.py:441} INFO - ::group::Post task execution logs
[2024-11-25T16:30:08.645+0000] {taskinstance.py:1206} INFO - Marking task as SUCCESS. dag_id=weather-forecast-dag, task_id=transform, run_id=scheduled__2024-11-25T02:00:00+00:00, execution_date=20241125T020000, start_date=20241125T163007, end_date=20241125T163008
[2024-11-25T16:30:08.695+0000] {local_task_job_runner.py:240} INFO - Task exited with return code 0
[2024-11-25T16:30:08.725+0000] {taskinstance.py:3498} INFO - 1 downstream tasks scheduled from follow-on schedule check
[2024-11-25T16:30:08.730+0000] {local_task_job_runner.py:222} INFO - ::endgroup::
