[2024-11-25T13:34:36.691+0000] {local_task_job_runner.py:120} INFO - ::group::Pre task execution logs
[2024-11-25T13:34:36.762+0000] {taskinstance.py:2076} INFO - Dependencies all met for dep_context=non-requeueable deps ti=<TaskInstance: weather-forecast-dag.transform scheduled__2024-11-25T00:00:00+00:00 [queued]>
[2024-11-25T13:34:36.777+0000] {taskinstance.py:2076} INFO - Dependencies all met for dep_context=requeueable deps ti=<TaskInstance: weather-forecast-dag.transform scheduled__2024-11-25T00:00:00+00:00 [queued]>
[2024-11-25T13:34:36.778+0000] {taskinstance.py:2306} INFO - Starting attempt 1 of 2
[2024-11-25T13:34:36.804+0000] {taskinstance.py:2330} INFO - Executing <Task(PythonOperator): transform> on 2024-11-25 00:00:00+00:00
[2024-11-25T13:34:36.820+0000] {logging_mixin.py:188} WARNING - /home/airflow/.local/lib/python3.12/site-packages/airflow/task/task_runner/standard_task_runner.py:61 DeprecationWarning: This process (pid=232) is multi-threaded, use of fork() may lead to deadlocks in the child.
[2024-11-25T13:34:36.823+0000] {standard_task_runner.py:63} INFO - Started process 246 to run task
[2024-11-25T13:34:36.823+0000] {standard_task_runner.py:90} INFO - Running: ['airflow', 'tasks', 'run', 'weather-forecast-dag', 'transform', 'scheduled__2024-11-25T00:00:00+00:00', '--job-id', '19', '--raw', '--subdir', 'DAGS_FOLDER/weather_pipeline.py', '--cfg-path', '/tmp/tmp5t4qb0k3']
[2024-11-25T13:34:36.828+0000] {standard_task_runner.py:91} INFO - Job 19: Subtask transform
[2024-11-25T13:34:36.858+0000] {logging_mixin.py:188} WARNING - /home/airflow/.local/lib/python3.12/site-packages/airflow/settings.py:195 DeprecationWarning: The sql_alchemy_conn option in [core] has been moved to the sql_alchemy_conn option in [database] - the old setting has been used, but please update your config.
[2024-11-25T13:34:36.920+0000] {task_command.py:426} INFO - Running <TaskInstance: weather-forecast-dag.transform scheduled__2024-11-25T00:00:00+00:00 [running]> on host 8a6a192a668b
[2024-11-25T13:34:37.070+0000] {taskinstance.py:2648} INFO - Exporting env vars: AIRFLOW_CTX_DAG_OWNER='Urbain ZE' AIRFLOW_CTX_DAG_ID='weather-forecast-dag' AIRFLOW_CTX_TASK_ID='transform' AIRFLOW_CTX_EXECUTION_DATE='2024-11-25T00:00:00+00:00' AIRFLOW_CTX_TRY_NUMBER='1' AIRFLOW_CTX_DAG_RUN_ID='scheduled__2024-11-25T00:00:00+00:00'
[2024-11-25T13:34:37.072+0000] {taskinstance.py:430} INFO - ::endgroup::
[2024-11-25T13:34:37.580+0000] {python.py:237} INFO - Done. Returned value was: None
[2024-11-25T13:34:37.582+0000] {taskinstance.py:441} INFO - ::group::Post task execution logs
[2024-11-25T13:34:37.604+0000] {taskinstance.py:1206} INFO - Marking task as SUCCESS. dag_id=weather-forecast-dag, task_id=transform, run_id=scheduled__2024-11-25T00:00:00+00:00, execution_date=20241125T000000, start_date=20241125T133436, end_date=20241125T133437
[2024-11-25T13:34:37.684+0000] {local_task_job_runner.py:240} INFO - Task exited with return code 0
[2024-11-25T13:34:37.730+0000] {taskinstance.py:3498} INFO - 1 downstream tasks scheduled from follow-on schedule check
[2024-11-25T13:34:37.737+0000] {local_task_job_runner.py:222} INFO - ::endgroup::
[2024-11-25T13:48:20.882+0000] {local_task_job_runner.py:120} INFO - ::group::Pre task execution logs
[2024-11-25T13:48:20.920+0000] {taskinstance.py:2076} INFO - Dependencies all met for dep_context=non-requeueable deps ti=<TaskInstance: weather-forecast-dag.transform scheduled__2024-11-25T00:00:00+00:00 [queued]>
[2024-11-25T13:48:20.935+0000] {taskinstance.py:2076} INFO - Dependencies all met for dep_context=requeueable deps ti=<TaskInstance: weather-forecast-dag.transform scheduled__2024-11-25T00:00:00+00:00 [queued]>
[2024-11-25T13:48:20.937+0000] {taskinstance.py:2306} INFO - Starting attempt 1 of 2
[2024-11-25T13:48:20.985+0000] {taskinstance.py:2330} INFO - Executing <Task(PythonOperator): transform> on 2024-11-25 00:00:00+00:00
[2024-11-25T13:48:21.000+0000] {logging_mixin.py:188} WARNING - /home/airflow/.local/lib/python3.12/site-packages/airflow/task/task_runner/standard_task_runner.py:61 DeprecationWarning: This process (pid=222) is multi-threaded, use of fork() may lead to deadlocks in the child.
[2024-11-25T13:48:21.002+0000] {standard_task_runner.py:63} INFO - Started process 237 to run task
[2024-11-25T13:48:21.000+0000] {standard_task_runner.py:90} INFO - Running: ['airflow', 'tasks', 'run', 'weather-forecast-dag', 'transform', 'scheduled__2024-11-25T00:00:00+00:00', '--job-id', '17', '--raw', '--subdir', 'DAGS_FOLDER/weather_pipeline.py', '--cfg-path', '/tmp/tmpp2nbec1y']
[2024-11-25T13:48:21.003+0000] {standard_task_runner.py:91} INFO - Job 17: Subtask transform
[2024-11-25T13:48:21.024+0000] {logging_mixin.py:188} WARNING - /home/airflow/.local/lib/python3.12/site-packages/airflow/settings.py:195 DeprecationWarning: The sql_alchemy_conn option in [core] has been moved to the sql_alchemy_conn option in [database] - the old setting has been used, but please update your config.
[2024-11-25T13:48:21.065+0000] {task_command.py:426} INFO - Running <TaskInstance: weather-forecast-dag.transform scheduled__2024-11-25T00:00:00+00:00 [running]> on host 4f4780ae54ec
[2024-11-25T13:48:21.164+0000] {taskinstance.py:2648} INFO - Exporting env vars: AIRFLOW_CTX_DAG_OWNER='Urbain ZE' AIRFLOW_CTX_DAG_ID='weather-forecast-dag' AIRFLOW_CTX_TASK_ID='transform' AIRFLOW_CTX_EXECUTION_DATE='2024-11-25T00:00:00+00:00' AIRFLOW_CTX_TRY_NUMBER='1' AIRFLOW_CTX_DAG_RUN_ID='scheduled__2024-11-25T00:00:00+00:00'
[2024-11-25T13:48:21.166+0000] {taskinstance.py:430} INFO - ::endgroup::
[2024-11-25T13:48:21.625+0000] {python.py:237} INFO - Done. Returned value was: None
[2024-11-25T13:48:21.626+0000] {taskinstance.py:441} INFO - ::group::Post task execution logs
[2024-11-25T13:48:21.646+0000] {taskinstance.py:1206} INFO - Marking task as SUCCESS. dag_id=weather-forecast-dag, task_id=transform, run_id=scheduled__2024-11-25T00:00:00+00:00, execution_date=20241125T000000, start_date=20241125T134820, end_date=20241125T134821
[2024-11-25T13:48:21.700+0000] {local_task_job_runner.py:240} INFO - Task exited with return code 0
[2024-11-25T13:48:21.727+0000] {taskinstance.py:3498} INFO - 1 downstream tasks scheduled from follow-on schedule check
[2024-11-25T13:48:21.732+0000] {local_task_job_runner.py:222} INFO - ::endgroup::
[2024-11-25T16:19:19.267+0000] {local_task_job_runner.py:120} INFO - ::group::Pre task execution logs
[2024-11-25T16:19:19.312+0000] {taskinstance.py:2076} INFO - Dependencies all met for dep_context=non-requeueable deps ti=<TaskInstance: weather-forecast-dag.transform scheduled__2024-11-25T00:00:00+00:00 [queued]>
[2024-11-25T16:19:19.321+0000] {taskinstance.py:2076} INFO - Dependencies all met for dep_context=requeueable deps ti=<TaskInstance: weather-forecast-dag.transform scheduled__2024-11-25T00:00:00+00:00 [queued]>
[2024-11-25T16:19:19.322+0000] {taskinstance.py:2306} INFO - Starting attempt 1 of 2
[2024-11-25T16:19:19.403+0000] {taskinstance.py:2330} INFO - Executing <Task(PythonOperator): transform> on 2024-11-25 00:00:00+00:00
[2024-11-25T16:19:19.419+0000] {logging_mixin.py:188} WARNING - /home/airflow/.local/lib/python3.12/site-packages/airflow/task/task_runner/standard_task_runner.py:61 DeprecationWarning: This process (pid=244) is multi-threaded, use of fork() may lead to deadlocks in the child.
[2024-11-25T16:19:19.421+0000] {standard_task_runner.py:63} INFO - Started process 259 to run task
[2024-11-25T16:19:19.419+0000] {standard_task_runner.py:90} INFO - Running: ['airflow', 'tasks', 'run', 'weather-forecast-dag', 'transform', 'scheduled__2024-11-25T00:00:00+00:00', '--job-id', '15', '--raw', '--subdir', 'DAGS_FOLDER/weather_pipeline.py', '--cfg-path', '/tmp/tmp0jdpe_lk']
[2024-11-25T16:19:19.424+0000] {standard_task_runner.py:91} INFO - Job 15: Subtask transform
[2024-11-25T16:19:19.511+0000] {logging_mixin.py:188} WARNING - /home/airflow/.local/lib/python3.12/site-packages/airflow/settings.py:195 DeprecationWarning: The sql_alchemy_conn option in [core] has been moved to the sql_alchemy_conn option in [database] - the old setting has been used, but please update your config.
[2024-11-25T16:19:19.581+0000] {task_command.py:426} INFO - Running <TaskInstance: weather-forecast-dag.transform scheduled__2024-11-25T00:00:00+00:00 [running]> on host 9c7ea2cc0f0f
[2024-11-25T16:19:19.828+0000] {taskinstance.py:2648} INFO - Exporting env vars: AIRFLOW_CTX_DAG_OWNER='Urbain ZE' AIRFLOW_CTX_DAG_ID='weather-forecast-dag' AIRFLOW_CTX_TASK_ID='transform' AIRFLOW_CTX_EXECUTION_DATE='2024-11-25T00:00:00+00:00' AIRFLOW_CTX_TRY_NUMBER='1' AIRFLOW_CTX_DAG_RUN_ID='scheduled__2024-11-25T00:00:00+00:00'
[2024-11-25T16:19:19.832+0000] {taskinstance.py:430} INFO - ::endgroup::
[2024-11-25T16:19:20.422+0000] {python.py:237} INFO - Done. Returned value was: None
[2024-11-25T16:19:20.424+0000] {taskinstance.py:441} INFO - ::group::Post task execution logs
[2024-11-25T16:19:20.434+0000] {taskinstance.py:1206} INFO - Marking task as SUCCESS. dag_id=weather-forecast-dag, task_id=transform, run_id=scheduled__2024-11-25T00:00:00+00:00, execution_date=20241125T000000, start_date=20241125T161919, end_date=20241125T161920
[2024-11-25T16:19:20.651+0000] {local_task_job_runner.py:240} INFO - Task exited with return code 0
[2024-11-25T16:19:20.682+0000] {taskinstance.py:3498} INFO - 1 downstream tasks scheduled from follow-on schedule check
[2024-11-25T16:19:20.962+0000] {local_task_job_runner.py:222} INFO - ::endgroup::
[2024-11-25T16:30:06.631+0000] {local_task_job_runner.py:120} INFO - ::group::Pre task execution logs
[2024-11-25T16:30:06.663+0000] {taskinstance.py:2076} INFO - Dependencies all met for dep_context=non-requeueable deps ti=<TaskInstance: weather-forecast-dag.transform scheduled__2024-11-25T00:00:00+00:00 [queued]>
[2024-11-25T16:30:06.673+0000] {taskinstance.py:2076} INFO - Dependencies all met for dep_context=requeueable deps ti=<TaskInstance: weather-forecast-dag.transform scheduled__2024-11-25T00:00:00+00:00 [queued]>
[2024-11-25T16:30:06.674+0000] {taskinstance.py:2306} INFO - Starting attempt 1 of 2
[2024-11-25T16:30:06.709+0000] {taskinstance.py:2330} INFO - Executing <Task(PythonOperator): transform> on 2024-11-25 00:00:00+00:00
[2024-11-25T16:30:06.725+0000] {logging_mixin.py:188} WARNING - /home/airflow/.local/lib/python3.12/site-packages/airflow/task/task_runner/standard_task_runner.py:61 DeprecationWarning: This process (pid=216) is multi-threaded, use of fork() may lead to deadlocks in the child.
[2024-11-25T16:30:06.727+0000] {standard_task_runner.py:63} INFO - Started process 237 to run task
[2024-11-25T16:30:06.725+0000] {standard_task_runner.py:90} INFO - Running: ['airflow', 'tasks', 'run', 'weather-forecast-dag', 'transform', 'scheduled__2024-11-25T00:00:00+00:00', '--job-id', '14', '--raw', '--subdir', 'DAGS_FOLDER/weather_pipeline.py', '--cfg-path', '/tmp/tmp80xt4nq1']
[2024-11-25T16:30:06.730+0000] {standard_task_runner.py:91} INFO - Job 14: Subtask transform
[2024-11-25T16:30:06.766+0000] {logging_mixin.py:188} WARNING - /home/airflow/.local/lib/python3.12/site-packages/airflow/settings.py:195 DeprecationWarning: The sql_alchemy_conn option in [core] has been moved to the sql_alchemy_conn option in [database] - the old setting has been used, but please update your config.
[2024-11-25T16:30:06.869+0000] {task_command.py:426} INFO - Running <TaskInstance: weather-forecast-dag.transform scheduled__2024-11-25T00:00:00+00:00 [running]> on host eebbb4b46189
[2024-11-25T16:30:07.778+0000] {taskinstance.py:2648} INFO - Exporting env vars: AIRFLOW_CTX_DAG_OWNER='Urbain ZE' AIRFLOW_CTX_DAG_ID='weather-forecast-dag' AIRFLOW_CTX_TASK_ID='transform' AIRFLOW_CTX_EXECUTION_DATE='2024-11-25T00:00:00+00:00' AIRFLOW_CTX_TRY_NUMBER='1' AIRFLOW_CTX_DAG_RUN_ID='scheduled__2024-11-25T00:00:00+00:00'
[2024-11-25T16:30:07.781+0000] {taskinstance.py:430} INFO - ::endgroup::
[2024-11-25T16:30:08.410+0000] {python.py:237} INFO - Done. Returned value was: None
[2024-11-25T16:30:08.412+0000] {taskinstance.py:441} INFO - ::group::Post task execution logs
[2024-11-25T16:30:08.434+0000] {taskinstance.py:1206} INFO - Marking task as SUCCESS. dag_id=weather-forecast-dag, task_id=transform, run_id=scheduled__2024-11-25T00:00:00+00:00, execution_date=20241125T000000, start_date=20241125T163006, end_date=20241125T163008
[2024-11-25T16:30:08.535+0000] {local_task_job_runner.py:240} INFO - Task exited with return code 0
[2024-11-25T16:30:08.571+0000] {taskinstance.py:3498} INFO - 1 downstream tasks scheduled from follow-on schedule check
[2024-11-25T16:30:08.580+0000] {local_task_job_runner.py:222} INFO - ::endgroup::
