[2024-11-25T13:34:33.772+0000] {local_task_job_runner.py:120} INFO - ::group::Pre task execution logs
[2024-11-25T13:34:33.861+0000] {taskinstance.py:2076} INFO - Dependencies all met for dep_context=non-requeueable deps ti=<TaskInstance: weather-forecast-dag.extract scheduled__2024-11-25T05:00:00+00:00 [queued]>
[2024-11-25T13:34:33.892+0000] {taskinstance.py:2076} INFO - Dependencies all met for dep_context=requeueable deps ti=<TaskInstance: weather-forecast-dag.extract scheduled__2024-11-25T05:00:00+00:00 [queued]>
[2024-11-25T13:34:33.893+0000] {taskinstance.py:2306} INFO - Starting attempt 1 of 2
[2024-11-25T13:34:34.019+0000] {taskinstance.py:2330} INFO - Executing <Task(PythonOperator): extract> on 2024-11-25 05:00:00+00:00
[2024-11-25T13:34:34.042+0000] {logging_mixin.py:188} WARNING - /home/airflow/.local/lib/python3.12/site-packages/airflow/task/task_runner/standard_task_runner.py:61 DeprecationWarning: This process (pid=189) is multi-threaded, use of fork() may lead to deadlocks in the child.
[2024-11-25T13:34:34.044+0000] {standard_task_runner.py:63} INFO - Started process 206 to run task
[2024-11-25T13:34:34.044+0000] {standard_task_runner.py:90} INFO - Running: ['airflow', 'tasks', 'run', 'weather-forecast-dag', 'extract', 'scheduled__2024-11-25T05:00:00+00:00', '--job-id', '8', '--raw', '--subdir', 'DAGS_FOLDER/weather_pipeline.py', '--cfg-path', '/tmp/tmpmx2_jwtt']
[2024-11-25T13:34:34.048+0000] {standard_task_runner.py:91} INFO - Job 8: Subtask extract
[2024-11-25T13:34:34.101+0000] {logging_mixin.py:188} WARNING - /home/airflow/.local/lib/python3.12/site-packages/airflow/settings.py:195 DeprecationWarning: The sql_alchemy_conn option in [core] has been moved to the sql_alchemy_conn option in [database] - the old setting has been used, but please update your config.
[2024-11-25T13:34:34.184+0000] {task_command.py:426} INFO - Running <TaskInstance: weather-forecast-dag.extract scheduled__2024-11-25T05:00:00+00:00 [running]> on host 8a6a192a668b
[2024-11-25T13:34:34.330+0000] {taskinstance.py:2648} INFO - Exporting env vars: AIRFLOW_CTX_DAG_OWNER='Urbain ZE' AIRFLOW_CTX_DAG_ID='weather-forecast-dag' AIRFLOW_CTX_TASK_ID='extract' AIRFLOW_CTX_EXECUTION_DATE='2024-11-25T05:00:00+00:00' AIRFLOW_CTX_TRY_NUMBER='1' AIRFLOW_CTX_DAG_RUN_ID='scheduled__2024-11-25T05:00:00+00:00'
[2024-11-25T13:34:34.332+0000] {taskinstance.py:430} INFO - ::endgroup::
[2024-11-25T13:34:35.172+0000] {python.py:237} INFO - Done. Returned value was: None
[2024-11-25T13:34:35.180+0000] {taskinstance.py:441} INFO - ::group::Post task execution logs
[2024-11-25T13:34:35.201+0000] {taskinstance.py:1206} INFO - Marking task as SUCCESS. dag_id=weather-forecast-dag, task_id=extract, run_id=scheduled__2024-11-25T05:00:00+00:00, execution_date=20241125T050000, start_date=20241125T133433, end_date=20241125T133435
[2024-11-25T13:34:35.282+0000] {local_task_job_runner.py:240} INFO - Task exited with return code 0
[2024-11-25T13:34:35.334+0000] {taskinstance.py:3498} INFO - 1 downstream tasks scheduled from follow-on schedule check
[2024-11-25T13:34:35.343+0000] {local_task_job_runner.py:222} INFO - ::endgroup::
[2024-11-25T13:48:19.142+0000] {local_task_job_runner.py:120} INFO - ::group::Pre task execution logs
[2024-11-25T13:48:19.185+0000] {taskinstance.py:2076} INFO - Dependencies all met for dep_context=non-requeueable deps ti=<TaskInstance: weather-forecast-dag.extract scheduled__2024-11-25T05:00:00+00:00 [queued]>
[2024-11-25T13:48:19.197+0000] {taskinstance.py:2076} INFO - Dependencies all met for dep_context=requeueable deps ti=<TaskInstance: weather-forecast-dag.extract scheduled__2024-11-25T05:00:00+00:00 [queued]>
[2024-11-25T13:48:19.198+0000] {taskinstance.py:2306} INFO - Starting attempt 1 of 2
[2024-11-25T13:48:19.223+0000] {taskinstance.py:2330} INFO - Executing <Task(PythonOperator): extract> on 2024-11-25 05:00:00+00:00
[2024-11-25T13:48:19.234+0000] {logging_mixin.py:188} WARNING - /home/airflow/.local/lib/python3.12/site-packages/airflow/task/task_runner/standard_task_runner.py:61 DeprecationWarning: This process (pid=193) is multi-threaded, use of fork() may lead to deadlocks in the child.
[2024-11-25T13:48:19.237+0000] {standard_task_runner.py:63} INFO - Started process 209 to run task
[2024-11-25T13:48:19.238+0000] {standard_task_runner.py:90} INFO - Running: ['airflow', 'tasks', 'run', 'weather-forecast-dag', 'extract', 'scheduled__2024-11-25T05:00:00+00:00', '--job-id', '7', '--raw', '--subdir', 'DAGS_FOLDER/weather_pipeline.py', '--cfg-path', '/tmp/tmp_sdcn1u7']
[2024-11-25T13:48:19.243+0000] {standard_task_runner.py:91} INFO - Job 7: Subtask extract
[2024-11-25T13:48:19.270+0000] {logging_mixin.py:188} WARNING - /home/airflow/.local/lib/python3.12/site-packages/airflow/settings.py:195 DeprecationWarning: The sql_alchemy_conn option in [core] has been moved to the sql_alchemy_conn option in [database] - the old setting has been used, but please update your config.
[2024-11-25T13:48:19.327+0000] {task_command.py:426} INFO - Running <TaskInstance: weather-forecast-dag.extract scheduled__2024-11-25T05:00:00+00:00 [running]> on host 4f4780ae54ec
[2024-11-25T13:48:19.449+0000] {taskinstance.py:2648} INFO - Exporting env vars: AIRFLOW_CTX_DAG_OWNER='Urbain ZE' AIRFLOW_CTX_DAG_ID='weather-forecast-dag' AIRFLOW_CTX_TASK_ID='extract' AIRFLOW_CTX_EXECUTION_DATE='2024-11-25T05:00:00+00:00' AIRFLOW_CTX_TRY_NUMBER='1' AIRFLOW_CTX_DAG_RUN_ID='scheduled__2024-11-25T05:00:00+00:00'
[2024-11-25T13:48:19.453+0000] {taskinstance.py:430} INFO - ::endgroup::
[2024-11-25T13:48:20.023+0000] {python.py:237} INFO - Done. Returned value was: None
[2024-11-25T13:48:20.026+0000] {taskinstance.py:441} INFO - ::group::Post task execution logs
[2024-11-25T13:48:20.043+0000] {taskinstance.py:1206} INFO - Marking task as SUCCESS. dag_id=weather-forecast-dag, task_id=extract, run_id=scheduled__2024-11-25T05:00:00+00:00, execution_date=20241125T050000, start_date=20241125T134819, end_date=20241125T134820
[2024-11-25T13:48:20.095+0000] {local_task_job_runner.py:240} INFO - Task exited with return code 0
[2024-11-25T13:48:20.142+0000] {taskinstance.py:3498} INFO - 1 downstream tasks scheduled from follow-on schedule check
[2024-11-25T13:48:20.156+0000] {local_task_job_runner.py:222} INFO - ::endgroup::
[2024-11-25T16:19:17.403+0000] {local_task_job_runner.py:120} INFO - ::group::Pre task execution logs
[2024-11-25T16:19:17.466+0000] {taskinstance.py:2076} INFO - Dependencies all met for dep_context=non-requeueable deps ti=<TaskInstance: weather-forecast-dag.extract scheduled__2024-11-25T05:00:00+00:00 [queued]>
[2024-11-25T16:19:17.479+0000] {taskinstance.py:2076} INFO - Dependencies all met for dep_context=requeueable deps ti=<TaskInstance: weather-forecast-dag.extract scheduled__2024-11-25T05:00:00+00:00 [queued]>
[2024-11-25T16:19:17.480+0000] {taskinstance.py:2306} INFO - Starting attempt 1 of 2
[2024-11-25T16:19:17.526+0000] {taskinstance.py:2330} INFO - Executing <Task(PythonOperator): extract> on 2024-11-25 05:00:00+00:00
[2024-11-25T16:19:17.548+0000] {logging_mixin.py:188} WARNING - /home/airflow/.local/lib/python3.12/site-packages/airflow/task/task_runner/standard_task_runner.py:61 DeprecationWarning: This process (pid=218) is multi-threaded, use of fork() may lead to deadlocks in the child.
[2024-11-25T16:19:17.550+0000] {standard_task_runner.py:63} INFO - Started process 233 to run task
[2024-11-25T16:19:17.548+0000] {standard_task_runner.py:90} INFO - Running: ['airflow', 'tasks', 'run', 'weather-forecast-dag', 'extract', 'scheduled__2024-11-25T05:00:00+00:00', '--job-id', '7', '--raw', '--subdir', 'DAGS_FOLDER/weather_pipeline.py', '--cfg-path', '/tmp/tmpluzcfe2n']
[2024-11-25T16:19:17.552+0000] {standard_task_runner.py:91} INFO - Job 7: Subtask extract
[2024-11-25T16:19:17.583+0000] {logging_mixin.py:188} WARNING - /home/airflow/.local/lib/python3.12/site-packages/airflow/settings.py:195 DeprecationWarning: The sql_alchemy_conn option in [core] has been moved to the sql_alchemy_conn option in [database] - the old setting has been used, but please update your config.
[2024-11-25T16:19:17.677+0000] {task_command.py:426} INFO - Running <TaskInstance: weather-forecast-dag.extract scheduled__2024-11-25T05:00:00+00:00 [running]> on host 9c7ea2cc0f0f
[2024-11-25T16:19:17.840+0000] {taskinstance.py:2648} INFO - Exporting env vars: AIRFLOW_CTX_DAG_OWNER='Urbain ZE' AIRFLOW_CTX_DAG_ID='weather-forecast-dag' AIRFLOW_CTX_TASK_ID='extract' AIRFLOW_CTX_EXECUTION_DATE='2024-11-25T05:00:00+00:00' AIRFLOW_CTX_TRY_NUMBER='1' AIRFLOW_CTX_DAG_RUN_ID='scheduled__2024-11-25T05:00:00+00:00'
[2024-11-25T16:19:17.842+0000] {taskinstance.py:430} INFO - ::endgroup::
[2024-11-25T16:19:18.699+0000] {python.py:237} INFO - Done. Returned value was: None
[2024-11-25T16:19:18.702+0000] {taskinstance.py:441} INFO - ::group::Post task execution logs
[2024-11-25T16:19:18.719+0000] {taskinstance.py:1206} INFO - Marking task as SUCCESS. dag_id=weather-forecast-dag, task_id=extract, run_id=scheduled__2024-11-25T05:00:00+00:00, execution_date=20241125T050000, start_date=20241125T161917, end_date=20241125T161918
[2024-11-25T16:19:18.974+0000] {local_task_job_runner.py:240} INFO - Task exited with return code 0
[2024-11-25T16:19:19.014+0000] {taskinstance.py:3498} INFO - 1 downstream tasks scheduled from follow-on schedule check
[2024-11-25T16:19:19.042+0000] {local_task_job_runner.py:222} INFO - ::endgroup::
[2024-11-25T16:30:05.402+0000] {local_task_job_runner.py:120} INFO - ::group::Pre task execution logs
[2024-11-25T16:30:05.454+0000] {taskinstance.py:2076} INFO - Dependencies all met for dep_context=non-requeueable deps ti=<TaskInstance: weather-forecast-dag.extract scheduled__2024-11-25T05:00:00+00:00 [queued]>
[2024-11-25T16:30:05.465+0000] {taskinstance.py:2076} INFO - Dependencies all met for dep_context=requeueable deps ti=<TaskInstance: weather-forecast-dag.extract scheduled__2024-11-25T05:00:00+00:00 [queued]>
[2024-11-25T16:30:05.466+0000] {taskinstance.py:2306} INFO - Starting attempt 1 of 2
[2024-11-25T16:30:05.493+0000] {taskinstance.py:2330} INFO - Executing <Task(PythonOperator): extract> on 2024-11-25 05:00:00+00:00
[2024-11-25T16:30:05.505+0000] {logging_mixin.py:188} WARNING - /home/airflow/.local/lib/python3.12/site-packages/airflow/task/task_runner/standard_task_runner.py:61 DeprecationWarning: This process (pid=194) is multi-threaded, use of fork() may lead to deadlocks in the child.
[2024-11-25T16:30:05.507+0000] {standard_task_runner.py:63} INFO - Started process 209 to run task
[2024-11-25T16:30:05.505+0000] {standard_task_runner.py:90} INFO - Running: ['airflow', 'tasks', 'run', 'weather-forecast-dag', 'extract', 'scheduled__2024-11-25T05:00:00+00:00', '--job-id', '7', '--raw', '--subdir', 'DAGS_FOLDER/weather_pipeline.py', '--cfg-path', '/tmp/tmpwi05rbbw']
[2024-11-25T16:30:05.511+0000] {standard_task_runner.py:91} INFO - Job 7: Subtask extract
[2024-11-25T16:30:05.538+0000] {logging_mixin.py:188} WARNING - /home/airflow/.local/lib/python3.12/site-packages/airflow/settings.py:195 DeprecationWarning: The sql_alchemy_conn option in [core] has been moved to the sql_alchemy_conn option in [database] - the old setting has been used, but please update your config.
[2024-11-25T16:30:05.595+0000] {task_command.py:426} INFO - Running <TaskInstance: weather-forecast-dag.extract scheduled__2024-11-25T05:00:00+00:00 [running]> on host eebbb4b46189
[2024-11-25T16:30:05.701+0000] {taskinstance.py:2648} INFO - Exporting env vars: AIRFLOW_CTX_DAG_OWNER='Urbain ZE' AIRFLOW_CTX_DAG_ID='weather-forecast-dag' AIRFLOW_CTX_TASK_ID='extract' AIRFLOW_CTX_EXECUTION_DATE='2024-11-25T05:00:00+00:00' AIRFLOW_CTX_TRY_NUMBER='1' AIRFLOW_CTX_DAG_RUN_ID='scheduled__2024-11-25T05:00:00+00:00'
[2024-11-25T16:30:05.703+0000] {taskinstance.py:430} INFO - ::endgroup::
[2024-11-25T16:30:06.407+0000] {python.py:237} INFO - Done. Returned value was: None
[2024-11-25T16:30:06.410+0000] {taskinstance.py:441} INFO - ::group::Post task execution logs
[2024-11-25T16:30:06.432+0000] {taskinstance.py:1206} INFO - Marking task as SUCCESS. dag_id=weather-forecast-dag, task_id=extract, run_id=scheduled__2024-11-25T05:00:00+00:00, execution_date=20241125T050000, start_date=20241125T163005, end_date=20241125T163006
[2024-11-25T16:30:06.488+0000] {local_task_job_runner.py:240} INFO - Task exited with return code 0
[2024-11-25T16:30:06.513+0000] {local_task_job_runner.py:222} INFO - ::endgroup::
