[2024-11-25T13:34:36.687+0000] {local_task_job_runner.py:120} INFO - ::group::Pre task execution logs
[2024-11-25T13:34:36.760+0000] {taskinstance.py:2076} INFO - Dependencies all met for dep_context=non-requeueable deps ti=<TaskInstance: weather-forecast-dag.transform scheduled__2024-11-25T04:00:00+00:00 [queued]>
[2024-11-25T13:34:36.775+0000] {taskinstance.py:2076} INFO - Dependencies all met for dep_context=requeueable deps ti=<TaskInstance: weather-forecast-dag.transform scheduled__2024-11-25T04:00:00+00:00 [queued]>
[2024-11-25T13:34:36.776+0000] {taskinstance.py:2306} INFO - Starting attempt 1 of 2
[2024-11-25T13:34:36.804+0000] {taskinstance.py:2330} INFO - Executing <Task(PythonOperator): transform> on 2024-11-25 04:00:00+00:00
[2024-11-25T13:34:36.820+0000] {logging_mixin.py:188} WARNING - /home/airflow/.local/lib/python3.12/site-packages/airflow/task/task_runner/standard_task_runner.py:61 DeprecationWarning: This process (pid=229) is multi-threaded, use of fork() may lead to deadlocks in the child.
[2024-11-25T13:34:36.822+0000] {standard_task_runner.py:63} INFO - Started process 245 to run task
[2024-11-25T13:34:36.820+0000] {standard_task_runner.py:90} INFO - Running: ['airflow', 'tasks', 'run', 'weather-forecast-dag', 'transform', 'scheduled__2024-11-25T04:00:00+00:00', '--job-id', '16', '--raw', '--subdir', 'DAGS_FOLDER/weather_pipeline.py', '--cfg-path', '/tmp/tmppjw648cj']
[2024-11-25T13:34:36.825+0000] {standard_task_runner.py:91} INFO - Job 16: Subtask transform
[2024-11-25T13:34:36.858+0000] {logging_mixin.py:188} WARNING - /home/airflow/.local/lib/python3.12/site-packages/airflow/settings.py:195 DeprecationWarning: The sql_alchemy_conn option in [core] has been moved to the sql_alchemy_conn option in [database] - the old setting has been used, but please update your config.
[2024-11-25T13:34:36.917+0000] {task_command.py:426} INFO - Running <TaskInstance: weather-forecast-dag.transform scheduled__2024-11-25T04:00:00+00:00 [running]> on host 8a6a192a668b
[2024-11-25T13:34:37.047+0000] {taskinstance.py:2648} INFO - Exporting env vars: AIRFLOW_CTX_DAG_OWNER='Urbain ZE' AIRFLOW_CTX_DAG_ID='weather-forecast-dag' AIRFLOW_CTX_TASK_ID='transform' AIRFLOW_CTX_EXECUTION_DATE='2024-11-25T04:00:00+00:00' AIRFLOW_CTX_TRY_NUMBER='1' AIRFLOW_CTX_DAG_RUN_ID='scheduled__2024-11-25T04:00:00+00:00'
[2024-11-25T13:34:37.048+0000] {taskinstance.py:430} INFO - ::endgroup::
[2024-11-25T13:34:37.576+0000] {python.py:237} INFO - Done. Returned value was: None
[2024-11-25T13:34:37.578+0000] {taskinstance.py:441} INFO - ::group::Post task execution logs
[2024-11-25T13:34:37.601+0000] {taskinstance.py:1206} INFO - Marking task as SUCCESS. dag_id=weather-forecast-dag, task_id=transform, run_id=scheduled__2024-11-25T04:00:00+00:00, execution_date=20241125T040000, start_date=20241125T133436, end_date=20241125T133437
[2024-11-25T13:34:37.684+0000] {local_task_job_runner.py:240} INFO - Task exited with return code 0
[2024-11-25T13:34:37.727+0000] {taskinstance.py:3498} INFO - 1 downstream tasks scheduled from follow-on schedule check
[2024-11-25T13:34:37.733+0000] {local_task_job_runner.py:222} INFO - ::endgroup::
[2024-11-25T13:48:21.016+0000] {local_task_job_runner.py:120} INFO - ::group::Pre task execution logs
[2024-11-25T13:48:21.051+0000] {taskinstance.py:2076} INFO - Dependencies all met for dep_context=non-requeueable deps ti=<TaskInstance: weather-forecast-dag.transform scheduled__2024-11-25T04:00:00+00:00 [queued]>
[2024-11-25T13:48:21.059+0000] {taskinstance.py:2076} INFO - Dependencies all met for dep_context=requeueable deps ti=<TaskInstance: weather-forecast-dag.transform scheduled__2024-11-25T04:00:00+00:00 [queued]>
[2024-11-25T13:48:21.060+0000] {taskinstance.py:2306} INFO - Starting attempt 1 of 2
[2024-11-25T13:48:21.081+0000] {taskinstance.py:2330} INFO - Executing <Task(PythonOperator): transform> on 2024-11-25 04:00:00+00:00
[2024-11-25T13:48:21.092+0000] {logging_mixin.py:188} WARNING - /home/airflow/.local/lib/python3.12/site-packages/airflow/task/task_runner/standard_task_runner.py:61 DeprecationWarning: This process (pid=229) is multi-threaded, use of fork() may lead to deadlocks in the child.
[2024-11-25T13:48:21.092+0000] {standard_task_runner.py:90} INFO - Running: ['airflow', 'tasks', 'run', 'weather-forecast-dag', 'transform', 'scheduled__2024-11-25T04:00:00+00:00', '--job-id', '19', '--raw', '--subdir', 'DAGS_FOLDER/weather_pipeline.py', '--cfg-path', '/tmp/tmpep6r213p']
[2024-11-25T13:48:21.094+0000] {standard_task_runner.py:63} INFO - Started process 238 to run task
[2024-11-25T13:48:21.095+0000] {standard_task_runner.py:91} INFO - Job 19: Subtask transform
[2024-11-25T13:48:21.116+0000] {logging_mixin.py:188} WARNING - /home/airflow/.local/lib/python3.12/site-packages/airflow/settings.py:195 DeprecationWarning: The sql_alchemy_conn option in [core] has been moved to the sql_alchemy_conn option in [database] - the old setting has been used, but please update your config.
[2024-11-25T13:48:21.156+0000] {task_command.py:426} INFO - Running <TaskInstance: weather-forecast-dag.transform scheduled__2024-11-25T04:00:00+00:00 [running]> on host 4f4780ae54ec
[2024-11-25T13:48:21.331+0000] {taskinstance.py:2648} INFO - Exporting env vars: AIRFLOW_CTX_DAG_OWNER='Urbain ZE' AIRFLOW_CTX_DAG_ID='weather-forecast-dag' AIRFLOW_CTX_TASK_ID='transform' AIRFLOW_CTX_EXECUTION_DATE='2024-11-25T04:00:00+00:00' AIRFLOW_CTX_TRY_NUMBER='1' AIRFLOW_CTX_DAG_RUN_ID='scheduled__2024-11-25T04:00:00+00:00'
[2024-11-25T13:48:21.334+0000] {taskinstance.py:430} INFO - ::endgroup::
[2024-11-25T13:48:21.862+0000] {python.py:237} INFO - Done. Returned value was: None
[2024-11-25T13:48:21.864+0000] {taskinstance.py:441} INFO - ::group::Post task execution logs
[2024-11-25T13:48:21.882+0000] {taskinstance.py:1206} INFO - Marking task as SUCCESS. dag_id=weather-forecast-dag, task_id=transform, run_id=scheduled__2024-11-25T04:00:00+00:00, execution_date=20241125T040000, start_date=20241125T134821, end_date=20241125T134821
[2024-11-25T13:48:21.952+0000] {local_task_job_runner.py:240} INFO - Task exited with return code 0
[2024-11-25T13:48:21.982+0000] {taskinstance.py:3498} INFO - 1 downstream tasks scheduled from follow-on schedule check
[2024-11-25T13:48:21.988+0000] {local_task_job_runner.py:222} INFO - ::endgroup::
[2024-11-25T16:19:20.500+0000] {local_task_job_runner.py:120} INFO - ::group::Pre task execution logs
[2024-11-25T16:19:20.550+0000] {taskinstance.py:2076} INFO - Dependencies all met for dep_context=non-requeueable deps ti=<TaskInstance: weather-forecast-dag.transform scheduled__2024-11-25T04:00:00+00:00 [queued]>
[2024-11-25T16:19:20.560+0000] {taskinstance.py:2076} INFO - Dependencies all met for dep_context=requeueable deps ti=<TaskInstance: weather-forecast-dag.transform scheduled__2024-11-25T04:00:00+00:00 [queued]>
[2024-11-25T16:19:20.561+0000] {taskinstance.py:2306} INFO - Starting attempt 1 of 2
[2024-11-25T16:19:20.642+0000] {taskinstance.py:2330} INFO - Executing <Task(PythonOperator): transform> on 2024-11-25 04:00:00+00:00
[2024-11-25T16:19:20.654+0000] {logging_mixin.py:188} WARNING - /home/airflow/.local/lib/python3.12/site-packages/airflow/task/task_runner/standard_task_runner.py:61 DeprecationWarning: This process (pid=264) is multi-threaded, use of fork() may lead to deadlocks in the child.
[2024-11-25T16:19:20.656+0000] {standard_task_runner.py:63} INFO - Started process 282 to run task
[2024-11-25T16:19:20.654+0000] {standard_task_runner.py:90} INFO - Running: ['airflow', 'tasks', 'run', 'weather-forecast-dag', 'transform', 'scheduled__2024-11-25T04:00:00+00:00', '--job-id', '21', '--raw', '--subdir', 'DAGS_FOLDER/weather_pipeline.py', '--cfg-path', '/tmp/tmpq4jj2avu']
[2024-11-25T16:19:20.658+0000] {standard_task_runner.py:91} INFO - Job 21: Subtask transform
[2024-11-25T16:19:20.965+0000] {logging_mixin.py:188} WARNING - /home/airflow/.local/lib/python3.12/site-packages/airflow/settings.py:195 DeprecationWarning: The sql_alchemy_conn option in [core] has been moved to the sql_alchemy_conn option in [database] - the old setting has been used, but please update your config.
[2024-11-25T16:19:21.022+0000] {task_command.py:426} INFO - Running <TaskInstance: weather-forecast-dag.transform scheduled__2024-11-25T04:00:00+00:00 [running]> on host 9c7ea2cc0f0f
[2024-11-25T16:19:21.271+0000] {taskinstance.py:2648} INFO - Exporting env vars: AIRFLOW_CTX_DAG_OWNER='Urbain ZE' AIRFLOW_CTX_DAG_ID='weather-forecast-dag' AIRFLOW_CTX_TASK_ID='transform' AIRFLOW_CTX_EXECUTION_DATE='2024-11-25T04:00:00+00:00' AIRFLOW_CTX_TRY_NUMBER='1' AIRFLOW_CTX_DAG_RUN_ID='scheduled__2024-11-25T04:00:00+00:00'
[2024-11-25T16:19:21.273+0000] {taskinstance.py:430} INFO - ::endgroup::
[2024-11-25T16:19:21.879+0000] {python.py:237} INFO - Done. Returned value was: None
[2024-11-25T16:19:21.880+0000] {taskinstance.py:441} INFO - ::group::Post task execution logs
[2024-11-25T16:19:21.897+0000] {taskinstance.py:1206} INFO - Marking task as SUCCESS. dag_id=weather-forecast-dag, task_id=transform, run_id=scheduled__2024-11-25T04:00:00+00:00, execution_date=20241125T040000, start_date=20241125T161920, end_date=20241125T161921
[2024-11-25T16:19:22.041+0000] {local_task_job_runner.py:240} INFO - Task exited with return code 0
[2024-11-25T16:19:22.062+0000] {local_task_job_runner.py:222} INFO - ::endgroup::
[2024-11-25T16:30:07.507+0000] {local_task_job_runner.py:120} INFO - ::group::Pre task execution logs
[2024-11-25T16:30:07.537+0000] {taskinstance.py:2076} INFO - Dependencies all met for dep_context=non-requeueable deps ti=<TaskInstance: weather-forecast-dag.transform scheduled__2024-11-25T04:00:00+00:00 [queued]>
[2024-11-25T16:30:07.546+0000] {taskinstance.py:2076} INFO - Dependencies all met for dep_context=requeueable deps ti=<TaskInstance: weather-forecast-dag.transform scheduled__2024-11-25T04:00:00+00:00 [queued]>
[2024-11-25T16:30:07.547+0000] {taskinstance.py:2306} INFO - Starting attempt 1 of 2
[2024-11-25T16:30:07.747+0000] {taskinstance.py:2330} INFO - Executing <Task(PythonOperator): transform> on 2024-11-25 04:00:00+00:00
[2024-11-25T16:30:07.767+0000] {logging_mixin.py:188} WARNING - /home/airflow/.local/lib/python3.12/site-packages/airflow/task/task_runner/standard_task_runner.py:61 DeprecationWarning: This process (pid=235) is multi-threaded, use of fork() may lead to deadlocks in the child.
[2024-11-25T16:30:07.773+0000] {standard_task_runner.py:63} INFO - Started process 246 to run task
[2024-11-25T16:30:07.768+0000] {standard_task_runner.py:90} INFO - Running: ['airflow', 'tasks', 'run', 'weather-forecast-dag', 'transform', 'scheduled__2024-11-25T04:00:00+00:00', '--job-id', '22', '--raw', '--subdir', 'DAGS_FOLDER/weather_pipeline.py', '--cfg-path', '/tmp/tmpt8dai8rv']
[2024-11-25T16:30:07.778+0000] {standard_task_runner.py:91} INFO - Job 22: Subtask transform
[2024-11-25T16:30:07.805+0000] {logging_mixin.py:188} WARNING - /home/airflow/.local/lib/python3.12/site-packages/airflow/settings.py:195 DeprecationWarning: The sql_alchemy_conn option in [core] has been moved to the sql_alchemy_conn option in [database] - the old setting has been used, but please update your config.
[2024-11-25T16:30:07.884+0000] {task_command.py:426} INFO - Running <TaskInstance: weather-forecast-dag.transform scheduled__2024-11-25T04:00:00+00:00 [running]> on host eebbb4b46189
[2024-11-25T16:30:08.033+0000] {taskinstance.py:2648} INFO - Exporting env vars: AIRFLOW_CTX_DAG_OWNER='Urbain ZE' AIRFLOW_CTX_DAG_ID='weather-forecast-dag' AIRFLOW_CTX_TASK_ID='transform' AIRFLOW_CTX_EXECUTION_DATE='2024-11-25T04:00:00+00:00' AIRFLOW_CTX_TRY_NUMBER='1' AIRFLOW_CTX_DAG_RUN_ID='scheduled__2024-11-25T04:00:00+00:00'
[2024-11-25T16:30:08.036+0000] {taskinstance.py:430} INFO - ::endgroup::
[2024-11-25T16:30:08.633+0000] {python.py:237} INFO - Done. Returned value was: None
[2024-11-25T16:30:08.634+0000] {taskinstance.py:441} INFO - ::group::Post task execution logs
[2024-11-25T16:30:08.647+0000] {taskinstance.py:1206} INFO - Marking task as SUCCESS. dag_id=weather-forecast-dag, task_id=transform, run_id=scheduled__2024-11-25T04:00:00+00:00, execution_date=20241125T040000, start_date=20241125T163007, end_date=20241125T163008
[2024-11-25T16:30:08.721+0000] {local_task_job_runner.py:240} INFO - Task exited with return code 0
[2024-11-25T16:30:08.755+0000] {taskinstance.py:3498} INFO - 1 downstream tasks scheduled from follow-on schedule check
[2024-11-25T16:30:08.759+0000] {local_task_job_runner.py:222} INFO - ::endgroup::
