[2024-11-25T13:34:35.264+0000] {local_task_job_runner.py:120} INFO - ::group::Pre task execution logs
[2024-11-25T13:34:35.322+0000] {taskinstance.py:2076} INFO - Dependencies all met for dep_context=non-requeueable deps ti=<TaskInstance: weather-forecast-dag.extract scheduled__2024-11-25T11:00:00+00:00 [queued]>
[2024-11-25T13:34:35.340+0000] {taskinstance.py:2076} INFO - Dependencies all met for dep_context=requeueable deps ti=<TaskInstance: weather-forecast-dag.extract scheduled__2024-11-25T11:00:00+00:00 [queued]>
[2024-11-25T13:34:35.343+0000] {taskinstance.py:2306} INFO - Starting attempt 1 of 2
[2024-11-25T13:34:35.380+0000] {taskinstance.py:2330} INFO - Executing <Task(PythonOperator): extract> on 2024-11-25 11:00:00+00:00
[2024-11-25T13:34:35.401+0000] {logging_mixin.py:188} WARNING - /home/airflow/.local/lib/python3.12/site-packages/airflow/task/task_runner/standard_task_runner.py:61 DeprecationWarning: This process (pid=207) is multi-threaded, use of fork() may lead to deadlocks in the child.
[2024-11-25T13:34:35.406+0000] {standard_task_runner.py:63} INFO - Started process 220 to run task
[2024-11-25T13:34:35.401+0000] {standard_task_runner.py:90} INFO - Running: ['airflow', 'tasks', 'run', 'weather-forecast-dag', 'extract', 'scheduled__2024-11-25T11:00:00+00:00', '--job-id', '12', '--raw', '--subdir', 'DAGS_FOLDER/weather_pipeline.py', '--cfg-path', '/tmp/tmpimhd9p7e']
[2024-11-25T13:34:35.409+0000] {standard_task_runner.py:91} INFO - Job 12: Subtask extract
[2024-11-25T13:34:35.443+0000] {logging_mixin.py:188} WARNING - /home/airflow/.local/lib/python3.12/site-packages/airflow/settings.py:195 DeprecationWarning: The sql_alchemy_conn option in [core] has been moved to the sql_alchemy_conn option in [database] - the old setting has been used, but please update your config.
[2024-11-25T13:34:35.500+0000] {task_command.py:426} INFO - Running <TaskInstance: weather-forecast-dag.extract scheduled__2024-11-25T11:00:00+00:00 [running]> on host 8a6a192a668b
[2024-11-25T13:34:35.627+0000] {taskinstance.py:2648} INFO - Exporting env vars: AIRFLOW_CTX_DAG_OWNER='Urbain ZE' AIRFLOW_CTX_DAG_ID='weather-forecast-dag' AIRFLOW_CTX_TASK_ID='extract' AIRFLOW_CTX_EXECUTION_DATE='2024-11-25T11:00:00+00:00' AIRFLOW_CTX_TRY_NUMBER='1' AIRFLOW_CTX_DAG_RUN_ID='scheduled__2024-11-25T11:00:00+00:00'
[2024-11-25T13:34:35.629+0000] {taskinstance.py:430} INFO - ::endgroup::
[2024-11-25T13:34:36.522+0000] {python.py:237} INFO - Done. Returned value was: None
[2024-11-25T13:34:36.525+0000] {taskinstance.py:441} INFO - ::group::Post task execution logs
[2024-11-25T13:34:36.542+0000] {taskinstance.py:1206} INFO - Marking task as SUCCESS. dag_id=weather-forecast-dag, task_id=extract, run_id=scheduled__2024-11-25T11:00:00+00:00, execution_date=20241125T110000, start_date=20241125T133435, end_date=20241125T133436
[2024-11-25T13:34:36.628+0000] {local_task_job_runner.py:240} INFO - Task exited with return code 0
[2024-11-25T13:34:36.671+0000] {taskinstance.py:3498} INFO - 1 downstream tasks scheduled from follow-on schedule check
[2024-11-25T13:34:36.679+0000] {local_task_job_runner.py:222} INFO - ::endgroup::
[2024-11-25T13:48:20.205+0000] {local_task_job_runner.py:120} INFO - ::group::Pre task execution logs
[2024-11-25T13:48:20.258+0000] {taskinstance.py:2076} INFO - Dependencies all met for dep_context=non-requeueable deps ti=<TaskInstance: weather-forecast-dag.extract scheduled__2024-11-25T11:00:00+00:00 [queued]>
[2024-11-25T13:48:20.270+0000] {taskinstance.py:2076} INFO - Dependencies all met for dep_context=requeueable deps ti=<TaskInstance: weather-forecast-dag.extract scheduled__2024-11-25T11:00:00+00:00 [queued]>
[2024-11-25T13:48:20.271+0000] {taskinstance.py:2306} INFO - Starting attempt 1 of 2
[2024-11-25T13:48:20.297+0000] {taskinstance.py:2330} INFO - Executing <Task(PythonOperator): extract> on 2024-11-25 11:00:00+00:00
[2024-11-25T13:48:20.312+0000] {logging_mixin.py:188} WARNING - /home/airflow/.local/lib/python3.12/site-packages/airflow/task/task_runner/standard_task_runner.py:61 DeprecationWarning: This process (pid=213) is multi-threaded, use of fork() may lead to deadlocks in the child.
[2024-11-25T13:48:20.314+0000] {standard_task_runner.py:63} INFO - Started process 227 to run task
[2024-11-25T13:48:20.314+0000] {standard_task_runner.py:90} INFO - Running: ['airflow', 'tasks', 'run', 'weather-forecast-dag', 'extract', 'scheduled__2024-11-25T11:00:00+00:00', '--job-id', '13', '--raw', '--subdir', 'DAGS_FOLDER/weather_pipeline.py', '--cfg-path', '/tmp/tmpvbmalpst']
[2024-11-25T13:48:20.319+0000] {standard_task_runner.py:91} INFO - Job 13: Subtask extract
[2024-11-25T13:48:20.346+0000] {logging_mixin.py:188} WARNING - /home/airflow/.local/lib/python3.12/site-packages/airflow/settings.py:195 DeprecationWarning: The sql_alchemy_conn option in [core] has been moved to the sql_alchemy_conn option in [database] - the old setting has been used, but please update your config.
[2024-11-25T13:48:20.419+0000] {task_command.py:426} INFO - Running <TaskInstance: weather-forecast-dag.extract scheduled__2024-11-25T11:00:00+00:00 [running]> on host 4f4780ae54ec
[2024-11-25T13:48:20.591+0000] {taskinstance.py:2648} INFO - Exporting env vars: AIRFLOW_CTX_DAG_OWNER='Urbain ZE' AIRFLOW_CTX_DAG_ID='weather-forecast-dag' AIRFLOW_CTX_TASK_ID='extract' AIRFLOW_CTX_EXECUTION_DATE='2024-11-25T11:00:00+00:00' AIRFLOW_CTX_TRY_NUMBER='1' AIRFLOW_CTX_DAG_RUN_ID='scheduled__2024-11-25T11:00:00+00:00'
[2024-11-25T13:48:20.593+0000] {taskinstance.py:430} INFO - ::endgroup::
[2024-11-25T13:48:21.599+0000] {python.py:237} INFO - Done. Returned value was: None
[2024-11-25T13:48:21.602+0000] {taskinstance.py:441} INFO - ::group::Post task execution logs
[2024-11-25T13:48:21.619+0000] {taskinstance.py:1206} INFO - Marking task as SUCCESS. dag_id=weather-forecast-dag, task_id=extract, run_id=scheduled__2024-11-25T11:00:00+00:00, execution_date=20241125T110000, start_date=20241125T134820, end_date=20241125T134821
[2024-11-25T13:48:21.695+0000] {local_task_job_runner.py:240} INFO - Task exited with return code 0
[2024-11-25T13:48:21.733+0000] {taskinstance.py:3498} INFO - 1 downstream tasks scheduled from follow-on schedule check
[2024-11-25T13:48:21.857+0000] {local_task_job_runner.py:222} INFO - ::endgroup::
[2024-11-25T16:19:18.787+0000] {local_task_job_runner.py:120} INFO - ::group::Pre task execution logs
[2024-11-25T16:19:18.837+0000] {taskinstance.py:2076} INFO - Dependencies all met for dep_context=non-requeueable deps ti=<TaskInstance: weather-forecast-dag.extract scheduled__2024-11-25T11:00:00+00:00 [queued]>
[2024-11-25T16:19:18.850+0000] {taskinstance.py:2076} INFO - Dependencies all met for dep_context=requeueable deps ti=<TaskInstance: weather-forecast-dag.extract scheduled__2024-11-25T11:00:00+00:00 [queued]>
[2024-11-25T16:19:18.851+0000] {taskinstance.py:2306} INFO - Starting attempt 1 of 2
[2024-11-25T16:19:18.939+0000] {taskinstance.py:2330} INFO - Executing <Task(PythonOperator): extract> on 2024-11-25 11:00:00+00:00
[2024-11-25T16:19:18.966+0000] {logging_mixin.py:188} WARNING - /home/airflow/.local/lib/python3.12/site-packages/airflow/task/task_runner/standard_task_runner.py:61 DeprecationWarning: This process (pid=237) is multi-threaded, use of fork() may lead to deadlocks in the child.
[2024-11-25T16:19:18.969+0000] {standard_task_runner.py:63} INFO - Started process 253 to run task
[2024-11-25T16:19:18.966+0000] {standard_task_runner.py:90} INFO - Running: ['airflow', 'tasks', 'run', 'weather-forecast-dag', 'extract', 'scheduled__2024-11-25T11:00:00+00:00', '--job-id', '13', '--raw', '--subdir', 'DAGS_FOLDER/weather_pipeline.py', '--cfg-path', '/tmp/tmpak8wosxg']
[2024-11-25T16:19:18.972+0000] {standard_task_runner.py:91} INFO - Job 13: Subtask extract
[2024-11-25T16:19:19.049+0000] {logging_mixin.py:188} WARNING - /home/airflow/.local/lib/python3.12/site-packages/airflow/settings.py:195 DeprecationWarning: The sql_alchemy_conn option in [core] has been moved to the sql_alchemy_conn option in [database] - the old setting has been used, but please update your config.
[2024-11-25T16:19:19.125+0000] {task_command.py:426} INFO - Running <TaskInstance: weather-forecast-dag.extract scheduled__2024-11-25T11:00:00+00:00 [running]> on host 9c7ea2cc0f0f
[2024-11-25T16:19:19.371+0000] {taskinstance.py:2648} INFO - Exporting env vars: AIRFLOW_CTX_DAG_OWNER='Urbain ZE' AIRFLOW_CTX_DAG_ID='weather-forecast-dag' AIRFLOW_CTX_TASK_ID='extract' AIRFLOW_CTX_EXECUTION_DATE='2024-11-25T11:00:00+00:00' AIRFLOW_CTX_TRY_NUMBER='1' AIRFLOW_CTX_DAG_RUN_ID='scheduled__2024-11-25T11:00:00+00:00'
[2024-11-25T16:19:19.372+0000] {taskinstance.py:430} INFO - ::endgroup::
[2024-11-25T16:19:20.127+0000] {python.py:237} INFO - Done. Returned value was: None
[2024-11-25T16:19:20.131+0000] {taskinstance.py:441} INFO - ::group::Post task execution logs
[2024-11-25T16:19:20.149+0000] {taskinstance.py:1206} INFO - Marking task as SUCCESS. dag_id=weather-forecast-dag, task_id=extract, run_id=scheduled__2024-11-25T11:00:00+00:00, execution_date=20241125T110000, start_date=20241125T161918, end_date=20241125T161920
[2024-11-25T16:19:20.274+0000] {local_task_job_runner.py:240} INFO - Task exited with return code 0
[2024-11-25T16:19:20.321+0000] {taskinstance.py:3498} INFO - 1 downstream tasks scheduled from follow-on schedule check
[2024-11-25T16:19:20.377+0000] {local_task_job_runner.py:222} INFO - ::endgroup::
[2024-11-25T16:30:06.391+0000] {local_task_job_runner.py:120} INFO - ::group::Pre task execution logs
[2024-11-25T16:30:06.441+0000] {taskinstance.py:2076} INFO - Dependencies all met for dep_context=non-requeueable deps ti=<TaskInstance: weather-forecast-dag.extract scheduled__2024-11-25T11:00:00+00:00 [queued]>
[2024-11-25T16:30:06.457+0000] {taskinstance.py:2076} INFO - Dependencies all met for dep_context=requeueable deps ti=<TaskInstance: weather-forecast-dag.extract scheduled__2024-11-25T11:00:00+00:00 [queued]>
[2024-11-25T16:30:06.458+0000] {taskinstance.py:2306} INFO - Starting attempt 1 of 2
[2024-11-25T16:30:06.678+0000] {taskinstance.py:2330} INFO - Executing <Task(PythonOperator): extract> on 2024-11-25 11:00:00+00:00
[2024-11-25T16:30:06.699+0000] {logging_mixin.py:188} WARNING - /home/airflow/.local/lib/python3.12/site-packages/airflow/task/task_runner/standard_task_runner.py:61 DeprecationWarning: This process (pid=213) is multi-threaded, use of fork() may lead to deadlocks in the child.
[2024-11-25T16:30:06.701+0000] {standard_task_runner.py:63} INFO - Started process 233 to run task
[2024-11-25T16:30:06.700+0000] {standard_task_runner.py:90} INFO - Running: ['airflow', 'tasks', 'run', 'weather-forecast-dag', 'extract', 'scheduled__2024-11-25T11:00:00+00:00', '--job-id', '13', '--raw', '--subdir', 'DAGS_FOLDER/weather_pipeline.py', '--cfg-path', '/tmp/tmp1_xd0wd7']
[2024-11-25T16:30:06.704+0000] {standard_task_runner.py:91} INFO - Job 13: Subtask extract
[2024-11-25T16:30:06.750+0000] {logging_mixin.py:188} WARNING - /home/airflow/.local/lib/python3.12/site-packages/airflow/settings.py:195 DeprecationWarning: The sql_alchemy_conn option in [core] has been moved to the sql_alchemy_conn option in [database] - the old setting has been used, but please update your config.
[2024-11-25T16:30:06.828+0000] {task_command.py:426} INFO - Running <TaskInstance: weather-forecast-dag.extract scheduled__2024-11-25T11:00:00+00:00 [running]> on host eebbb4b46189
[2024-11-25T16:30:07.492+0000] {taskinstance.py:2648} INFO - Exporting env vars: AIRFLOW_CTX_DAG_OWNER='Urbain ZE' AIRFLOW_CTX_DAG_ID='weather-forecast-dag' AIRFLOW_CTX_TASK_ID='extract' AIRFLOW_CTX_EXECUTION_DATE='2024-11-25T11:00:00+00:00' AIRFLOW_CTX_TRY_NUMBER='1' AIRFLOW_CTX_DAG_RUN_ID='scheduled__2024-11-25T11:00:00+00:00'
[2024-11-25T16:30:07.494+0000] {taskinstance.py:430} INFO - ::endgroup::
[2024-11-25T16:30:08.112+0000] {python.py:237} INFO - Done. Returned value was: None
[2024-11-25T16:30:08.120+0000] {taskinstance.py:441} INFO - ::group::Post task execution logs
[2024-11-25T16:30:08.136+0000] {taskinstance.py:1206} INFO - Marking task as SUCCESS. dag_id=weather-forecast-dag, task_id=extract, run_id=scheduled__2024-11-25T11:00:00+00:00, execution_date=20241125T110000, start_date=20241125T163006, end_date=20241125T163008
[2024-11-25T16:30:08.527+0000] {local_task_job_runner.py:240} INFO - Task exited with return code 0
[2024-11-25T16:30:08.571+0000] {taskinstance.py:3498} INFO - 1 downstream tasks scheduled from follow-on schedule check
[2024-11-25T16:30:08.577+0000] {local_task_job_runner.py:222} INFO - ::endgroup::
