[2024-11-25T13:34:36.691+0000] {local_task_job_runner.py:120} INFO - ::group::Pre task execution logs
[2024-11-25T13:34:36.765+0000] {taskinstance.py:2076} INFO - Dependencies all met for dep_context=non-requeueable deps ti=<TaskInstance: weather-forecast-dag.transform scheduled__2024-11-25T03:00:00+00:00 [queued]>
[2024-11-25T13:34:36.780+0000] {taskinstance.py:2076} INFO - Dependencies all met for dep_context=requeueable deps ti=<TaskInstance: weather-forecast-dag.transform scheduled__2024-11-25T03:00:00+00:00 [queued]>
[2024-11-25T13:34:36.781+0000] {taskinstance.py:2306} INFO - Starting attempt 1 of 2
[2024-11-25T13:34:36.807+0000] {taskinstance.py:2330} INFO - Executing <Task(PythonOperator): transform> on 2024-11-25 03:00:00+00:00
[2024-11-25T13:34:36.821+0000] {logging_mixin.py:188} WARNING - /home/airflow/.local/lib/python3.12/site-packages/airflow/task/task_runner/standard_task_runner.py:61 DeprecationWarning: This process (pid=231) is multi-threaded, use of fork() may lead to deadlocks in the child.
[2024-11-25T13:34:36.824+0000] {standard_task_runner.py:63} INFO - Started process 248 to run task
[2024-11-25T13:34:36.822+0000] {standard_task_runner.py:90} INFO - Running: ['airflow', 'tasks', 'run', 'weather-forecast-dag', 'transform', 'scheduled__2024-11-25T03:00:00+00:00', '--job-id', '18', '--raw', '--subdir', 'DAGS_FOLDER/weather_pipeline.py', '--cfg-path', '/tmp/tmphceilghp']
[2024-11-25T13:34:36.826+0000] {standard_task_runner.py:91} INFO - Job 18: Subtask transform
[2024-11-25T13:34:36.855+0000] {logging_mixin.py:188} WARNING - /home/airflow/.local/lib/python3.12/site-packages/airflow/settings.py:195 DeprecationWarning: The sql_alchemy_conn option in [core] has been moved to the sql_alchemy_conn option in [database] - the old setting has been used, but please update your config.
[2024-11-25T13:34:36.921+0000] {task_command.py:426} INFO - Running <TaskInstance: weather-forecast-dag.transform scheduled__2024-11-25T03:00:00+00:00 [running]> on host 8a6a192a668b
[2024-11-25T13:34:37.071+0000] {taskinstance.py:2648} INFO - Exporting env vars: AIRFLOW_CTX_DAG_OWNER='Urbain ZE' AIRFLOW_CTX_DAG_ID='weather-forecast-dag' AIRFLOW_CTX_TASK_ID='transform' AIRFLOW_CTX_EXECUTION_DATE='2024-11-25T03:00:00+00:00' AIRFLOW_CTX_TRY_NUMBER='1' AIRFLOW_CTX_DAG_RUN_ID='scheduled__2024-11-25T03:00:00+00:00'
[2024-11-25T13:34:37.073+0000] {taskinstance.py:430} INFO - ::endgroup::
[2024-11-25T13:34:37.580+0000] {python.py:237} INFO - Done. Returned value was: None
[2024-11-25T13:34:37.582+0000] {taskinstance.py:441} INFO - ::group::Post task execution logs
[2024-11-25T13:34:37.604+0000] {taskinstance.py:1206} INFO - Marking task as SUCCESS. dag_id=weather-forecast-dag, task_id=transform, run_id=scheduled__2024-11-25T03:00:00+00:00, execution_date=20241125T030000, start_date=20241125T133436, end_date=20241125T133437
[2024-11-25T13:34:37.684+0000] {local_task_job_runner.py:240} INFO - Task exited with return code 0
[2024-11-25T13:34:37.728+0000] {taskinstance.py:3498} INFO - 1 downstream tasks scheduled from follow-on schedule check
[2024-11-25T13:34:37.737+0000] {local_task_job_runner.py:222} INFO - ::endgroup::
[2024-11-25T13:48:21.015+0000] {local_task_job_runner.py:120} INFO - ::group::Pre task execution logs
[2024-11-25T13:48:21.051+0000] {taskinstance.py:2076} INFO - Dependencies all met for dep_context=non-requeueable deps ti=<TaskInstance: weather-forecast-dag.transform scheduled__2024-11-25T03:00:00+00:00 [queued]>
[2024-11-25T13:48:21.058+0000] {taskinstance.py:2076} INFO - Dependencies all met for dep_context=requeueable deps ti=<TaskInstance: weather-forecast-dag.transform scheduled__2024-11-25T03:00:00+00:00 [queued]>
[2024-11-25T13:48:21.059+0000] {taskinstance.py:2306} INFO - Starting attempt 1 of 2
[2024-11-25T13:48:21.084+0000] {taskinstance.py:2330} INFO - Executing <Task(PythonOperator): transform> on 2024-11-25 03:00:00+00:00
[2024-11-25T13:48:21.095+0000] {logging_mixin.py:188} WARNING - /home/airflow/.local/lib/python3.12/site-packages/airflow/task/task_runner/standard_task_runner.py:61 DeprecationWarning: This process (pid=228) is multi-threaded, use of fork() may lead to deadlocks in the child.
[2024-11-25T13:48:21.097+0000] {standard_task_runner.py:63} INFO - Started process 239 to run task
[2024-11-25T13:48:21.095+0000] {standard_task_runner.py:90} INFO - Running: ['airflow', 'tasks', 'run', 'weather-forecast-dag', 'transform', 'scheduled__2024-11-25T03:00:00+00:00', '--job-id', '18', '--raw', '--subdir', 'DAGS_FOLDER/weather_pipeline.py', '--cfg-path', '/tmp/tmpgdaur86k']
[2024-11-25T13:48:21.098+0000] {standard_task_runner.py:91} INFO - Job 18: Subtask transform
[2024-11-25T13:48:21.119+0000] {logging_mixin.py:188} WARNING - /home/airflow/.local/lib/python3.12/site-packages/airflow/settings.py:195 DeprecationWarning: The sql_alchemy_conn option in [core] has been moved to the sql_alchemy_conn option in [database] - the old setting has been used, but please update your config.
[2024-11-25T13:48:21.159+0000] {task_command.py:426} INFO - Running <TaskInstance: weather-forecast-dag.transform scheduled__2024-11-25T03:00:00+00:00 [running]> on host 4f4780ae54ec
[2024-11-25T13:48:21.305+0000] {taskinstance.py:2648} INFO - Exporting env vars: AIRFLOW_CTX_DAG_OWNER='Urbain ZE' AIRFLOW_CTX_DAG_ID='weather-forecast-dag' AIRFLOW_CTX_TASK_ID='transform' AIRFLOW_CTX_EXECUTION_DATE='2024-11-25T03:00:00+00:00' AIRFLOW_CTX_TRY_NUMBER='1' AIRFLOW_CTX_DAG_RUN_ID='scheduled__2024-11-25T03:00:00+00:00'
[2024-11-25T13:48:21.309+0000] {taskinstance.py:430} INFO - ::endgroup::
[2024-11-25T13:48:21.857+0000] {python.py:237} INFO - Done. Returned value was: None
[2024-11-25T13:48:21.857+0000] {taskinstance.py:441} INFO - ::group::Post task execution logs
[2024-11-25T13:48:21.873+0000] {taskinstance.py:1206} INFO - Marking task as SUCCESS. dag_id=weather-forecast-dag, task_id=transform, run_id=scheduled__2024-11-25T03:00:00+00:00, execution_date=20241125T030000, start_date=20241125T134821, end_date=20241125T134821
[2024-11-25T13:48:21.957+0000] {local_task_job_runner.py:240} INFO - Task exited with return code 0
[2024-11-25T13:48:21.984+0000] {taskinstance.py:3498} INFO - 1 downstream tasks scheduled from follow-on schedule check
[2024-11-25T13:48:21.991+0000] {local_task_job_runner.py:222} INFO - ::endgroup::
[2024-11-25T16:19:19.700+0000] {local_task_job_runner.py:120} INFO - ::group::Pre task execution logs
[2024-11-25T16:19:19.762+0000] {taskinstance.py:2076} INFO - Dependencies all met for dep_context=non-requeueable deps ti=<TaskInstance: weather-forecast-dag.transform scheduled__2024-11-25T03:00:00+00:00 [queued]>
[2024-11-25T16:19:19.776+0000] {taskinstance.py:2076} INFO - Dependencies all met for dep_context=requeueable deps ti=<TaskInstance: weather-forecast-dag.transform scheduled__2024-11-25T03:00:00+00:00 [queued]>
[2024-11-25T16:19:19.779+0000] {taskinstance.py:2306} INFO - Starting attempt 1 of 2
[2024-11-25T16:19:19.960+0000] {taskinstance.py:2330} INFO - Executing <Task(PythonOperator): transform> on 2024-11-25 03:00:00+00:00
[2024-11-25T16:19:19.983+0000] {logging_mixin.py:188} WARNING - /home/airflow/.local/lib/python3.12/site-packages/airflow/task/task_runner/standard_task_runner.py:61 DeprecationWarning: This process (pid=255) is multi-threaded, use of fork() may lead to deadlocks in the child.
[2024-11-25T16:19:19.986+0000] {standard_task_runner.py:63} INFO - Started process 274 to run task
[2024-11-25T16:19:19.985+0000] {standard_task_runner.py:90} INFO - Running: ['airflow', 'tasks', 'run', 'weather-forecast-dag', 'transform', 'scheduled__2024-11-25T03:00:00+00:00', '--job-id', '19', '--raw', '--subdir', 'DAGS_FOLDER/weather_pipeline.py', '--cfg-path', '/tmp/tmpuuq4wwvc']
[2024-11-25T16:19:19.991+0000] {standard_task_runner.py:91} INFO - Job 19: Subtask transform
[2024-11-25T16:19:20.132+0000] {logging_mixin.py:188} WARNING - /home/airflow/.local/lib/python3.12/site-packages/airflow/settings.py:195 DeprecationWarning: The sql_alchemy_conn option in [core] has been moved to the sql_alchemy_conn option in [database] - the old setting has been used, but please update your config.
[2024-11-25T16:19:20.202+0000] {task_command.py:426} INFO - Running <TaskInstance: weather-forecast-dag.transform scheduled__2024-11-25T03:00:00+00:00 [running]> on host 9c7ea2cc0f0f
[2024-11-25T16:19:20.490+0000] {taskinstance.py:2648} INFO - Exporting env vars: AIRFLOW_CTX_DAG_OWNER='Urbain ZE' AIRFLOW_CTX_DAG_ID='weather-forecast-dag' AIRFLOW_CTX_TASK_ID='transform' AIRFLOW_CTX_EXECUTION_DATE='2024-11-25T03:00:00+00:00' AIRFLOW_CTX_TRY_NUMBER='1' AIRFLOW_CTX_DAG_RUN_ID='scheduled__2024-11-25T03:00:00+00:00'
[2024-11-25T16:19:20.492+0000] {taskinstance.py:430} INFO - ::endgroup::
[2024-11-25T16:19:20.959+0000] {python.py:237} INFO - Done. Returned value was: None
[2024-11-25T16:19:20.963+0000] {taskinstance.py:441} INFO - ::group::Post task execution logs
[2024-11-25T16:19:20.983+0000] {taskinstance.py:1206} INFO - Marking task as SUCCESS. dag_id=weather-forecast-dag, task_id=transform, run_id=scheduled__2024-11-25T03:00:00+00:00, execution_date=20241125T030000, start_date=20241125T161919, end_date=20241125T161920
[2024-11-25T16:19:21.129+0000] {local_task_job_runner.py:240} INFO - Task exited with return code 0
[2024-11-25T16:19:21.159+0000] {taskinstance.py:3498} INFO - 1 downstream tasks scheduled from follow-on schedule check
[2024-11-25T16:19:21.218+0000] {local_task_job_runner.py:222} INFO - ::endgroup::
[2024-11-25T16:30:07.507+0000] {local_task_job_runner.py:120} INFO - ::group::Pre task execution logs
[2024-11-25T16:30:07.538+0000] {taskinstance.py:2076} INFO - Dependencies all met for dep_context=non-requeueable deps ti=<TaskInstance: weather-forecast-dag.transform scheduled__2024-11-25T03:00:00+00:00 [queued]>
[2024-11-25T16:30:07.548+0000] {taskinstance.py:2076} INFO - Dependencies all met for dep_context=requeueable deps ti=<TaskInstance: weather-forecast-dag.transform scheduled__2024-11-25T03:00:00+00:00 [queued]>
[2024-11-25T16:30:07.549+0000] {taskinstance.py:2306} INFO - Starting attempt 1 of 2
[2024-11-25T16:30:07.755+0000] {taskinstance.py:2330} INFO - Executing <Task(PythonOperator): transform> on 2024-11-25 03:00:00+00:00
[2024-11-25T16:30:07.774+0000] {logging_mixin.py:188} WARNING - /home/airflow/.local/lib/python3.12/site-packages/airflow/task/task_runner/standard_task_runner.py:61 DeprecationWarning: This process (pid=229) is multi-threaded, use of fork() may lead to deadlocks in the child.
[2024-11-25T16:30:07.780+0000] {standard_task_runner.py:63} INFO - Started process 249 to run task
[2024-11-25T16:30:07.779+0000] {standard_task_runner.py:90} INFO - Running: ['airflow', 'tasks', 'run', 'weather-forecast-dag', 'transform', 'scheduled__2024-11-25T03:00:00+00:00', '--job-id', '19', '--raw', '--subdir', 'DAGS_FOLDER/weather_pipeline.py', '--cfg-path', '/tmp/tmpcu287lh3']
[2024-11-25T16:30:07.783+0000] {standard_task_runner.py:91} INFO - Job 19: Subtask transform
[2024-11-25T16:30:07.806+0000] {logging_mixin.py:188} WARNING - /home/airflow/.local/lib/python3.12/site-packages/airflow/settings.py:195 DeprecationWarning: The sql_alchemy_conn option in [core] has been moved to the sql_alchemy_conn option in [database] - the old setting has been used, but please update your config.
[2024-11-25T16:30:07.911+0000] {task_command.py:426} INFO - Running <TaskInstance: weather-forecast-dag.transform scheduled__2024-11-25T03:00:00+00:00 [running]> on host eebbb4b46189
[2024-11-25T16:30:08.046+0000] {taskinstance.py:2648} INFO - Exporting env vars: AIRFLOW_CTX_DAG_OWNER='Urbain ZE' AIRFLOW_CTX_DAG_ID='weather-forecast-dag' AIRFLOW_CTX_TASK_ID='transform' AIRFLOW_CTX_EXECUTION_DATE='2024-11-25T03:00:00+00:00' AIRFLOW_CTX_TRY_NUMBER='1' AIRFLOW_CTX_DAG_RUN_ID='scheduled__2024-11-25T03:00:00+00:00'
[2024-11-25T16:30:08.049+0000] {taskinstance.py:430} INFO - ::endgroup::
[2024-11-25T16:30:08.636+0000] {python.py:237} INFO - Done. Returned value was: None
[2024-11-25T16:30:08.637+0000] {taskinstance.py:441} INFO - ::group::Post task execution logs
[2024-11-25T16:30:08.649+0000] {taskinstance.py:1206} INFO - Marking task as SUCCESS. dag_id=weather-forecast-dag, task_id=transform, run_id=scheduled__2024-11-25T03:00:00+00:00, execution_date=20241125T030000, start_date=20241125T163007, end_date=20241125T163008
[2024-11-25T16:30:08.722+0000] {local_task_job_runner.py:240} INFO - Task exited with return code 0
[2024-11-25T16:30:08.755+0000] {taskinstance.py:3498} INFO - 1 downstream tasks scheduled from follow-on schedule check
[2024-11-25T16:30:08.763+0000] {local_task_job_runner.py:222} INFO - ::endgroup::
