[2024-11-25T13:34:38.768+0000] {local_task_job_runner.py:120} INFO - ::group::Pre task execution logs
[2024-11-25T13:34:38.824+0000] {taskinstance.py:2076} INFO - Dependencies all met for dep_context=non-requeueable deps ti=<TaskInstance: weather-forecast-dag.transform scheduled__2024-11-25T10:00:00+00:00 [queued]>
[2024-11-25T13:34:38.842+0000] {taskinstance.py:2076} INFO - Dependencies all met for dep_context=requeueable deps ti=<TaskInstance: weather-forecast-dag.transform scheduled__2024-11-25T10:00:00+00:00 [queued]>
[2024-11-25T13:34:38.843+0000] {taskinstance.py:2306} INFO - Starting attempt 1 of 2
[2024-11-25T13:34:38.993+0000] {taskinstance.py:2330} INFO - Executing <Task(PythonOperator): transform> on 2024-11-25 10:00:00+00:00
[2024-11-25T13:34:39.018+0000] {standard_task_runner.py:90} INFO - Running: ['airflow', 'tasks', 'run', 'weather-forecast-dag', 'transform', 'scheduled__2024-11-25T10:00:00+00:00', '--job-id', '25', '--raw', '--subdir', 'DAGS_FOLDER/weather_pipeline.py', '--cfg-path', '/tmp/tmp1_zpqtze']
[2024-11-25T13:34:39.023+0000] {standard_task_runner.py:91} INFO - Job 25: Subtask transform
[2024-11-25T13:34:39.022+0000] {logging_mixin.py:188} WARNING - /home/airflow/.local/lib/python3.12/site-packages/airflow/task/task_runner/standard_task_runner.py:61 DeprecationWarning: This process (pid=255) is multi-threaded, use of fork() may lead to deadlocks in the child.
[2024-11-25T13:34:39.028+0000] {standard_task_runner.py:63} INFO - Started process 283 to run task
[2024-11-25T13:34:39.054+0000] {logging_mixin.py:188} WARNING - /home/airflow/.local/lib/python3.12/site-packages/airflow/settings.py:195 DeprecationWarning: The sql_alchemy_conn option in [core] has been moved to the sql_alchemy_conn option in [database] - the old setting has been used, but please update your config.
[2024-11-25T13:34:39.132+0000] {task_command.py:426} INFO - Running <TaskInstance: weather-forecast-dag.transform scheduled__2024-11-25T10:00:00+00:00 [running]> on host 8a6a192a668b
[2024-11-25T13:34:39.307+0000] {taskinstance.py:2648} INFO - Exporting env vars: AIRFLOW_CTX_DAG_OWNER='Urbain ZE' AIRFLOW_CTX_DAG_ID='weather-forecast-dag' AIRFLOW_CTX_TASK_ID='transform' AIRFLOW_CTX_EXECUTION_DATE='2024-11-25T10:00:00+00:00' AIRFLOW_CTX_TRY_NUMBER='1' AIRFLOW_CTX_DAG_RUN_ID='scheduled__2024-11-25T10:00:00+00:00'
[2024-11-25T13:34:39.310+0000] {taskinstance.py:430} INFO - ::endgroup::
[2024-11-25T13:34:39.779+0000] {python.py:237} INFO - Done. Returned value was: None
[2024-11-25T13:34:39.785+0000] {taskinstance.py:441} INFO - ::group::Post task execution logs
[2024-11-25T13:34:39.810+0000] {taskinstance.py:1206} INFO - Marking task as SUCCESS. dag_id=weather-forecast-dag, task_id=transform, run_id=scheduled__2024-11-25T10:00:00+00:00, execution_date=20241125T100000, start_date=20241125T133438, end_date=20241125T133439
[2024-11-25T13:34:39.900+0000] {local_task_job_runner.py:240} INFO - Task exited with return code 0
[2024-11-25T13:34:39.975+0000] {taskinstance.py:3498} INFO - 1 downstream tasks scheduled from follow-on schedule check
[2024-11-25T13:34:39.983+0000] {local_task_job_runner.py:222} INFO - ::endgroup::
[2024-11-25T13:48:21.979+0000] {local_task_job_runner.py:120} INFO - ::group::Pre task execution logs
[2024-11-25T13:48:22.017+0000] {taskinstance.py:2076} INFO - Dependencies all met for dep_context=non-requeueable deps ti=<TaskInstance: weather-forecast-dag.transform scheduled__2024-11-25T10:00:00+00:00 [queued]>
[2024-11-25T13:48:22.030+0000] {taskinstance.py:2076} INFO - Dependencies all met for dep_context=requeueable deps ti=<TaskInstance: weather-forecast-dag.transform scheduled__2024-11-25T10:00:00+00:00 [queued]>
[2024-11-25T13:48:22.031+0000] {taskinstance.py:2306} INFO - Starting attempt 1 of 2
[2024-11-25T13:48:22.061+0000] {taskinstance.py:2330} INFO - Executing <Task(PythonOperator): transform> on 2024-11-25 10:00:00+00:00
[2024-11-25T13:48:22.074+0000] {logging_mixin.py:188} WARNING - /home/airflow/.local/lib/python3.12/site-packages/airflow/task/task_runner/standard_task_runner.py:61 DeprecationWarning: This process (pid=244) is multi-threaded, use of fork() may lead to deadlocks in the child.
[2024-11-25T13:48:22.076+0000] {standard_task_runner.py:63} INFO - Started process 255 to run task
[2024-11-25T13:48:22.075+0000] {standard_task_runner.py:90} INFO - Running: ['airflow', 'tasks', 'run', 'weather-forecast-dag', 'transform', 'scheduled__2024-11-25T10:00:00+00:00', '--job-id', '25', '--raw', '--subdir', 'DAGS_FOLDER/weather_pipeline.py', '--cfg-path', '/tmp/tmp810v4op9']
[2024-11-25T13:48:22.077+0000] {standard_task_runner.py:91} INFO - Job 25: Subtask transform
[2024-11-25T13:48:22.112+0000] {logging_mixin.py:188} WARNING - /home/airflow/.local/lib/python3.12/site-packages/airflow/settings.py:195 DeprecationWarning: The sql_alchemy_conn option in [core] has been moved to the sql_alchemy_conn option in [database] - the old setting has been used, but please update your config.
[2024-11-25T13:48:22.161+0000] {task_command.py:426} INFO - Running <TaskInstance: weather-forecast-dag.transform scheduled__2024-11-25T10:00:00+00:00 [running]> on host 4f4780ae54ec
[2024-11-25T13:48:22.274+0000] {taskinstance.py:2648} INFO - Exporting env vars: AIRFLOW_CTX_DAG_OWNER='Urbain ZE' AIRFLOW_CTX_DAG_ID='weather-forecast-dag' AIRFLOW_CTX_TASK_ID='transform' AIRFLOW_CTX_EXECUTION_DATE='2024-11-25T10:00:00+00:00' AIRFLOW_CTX_TRY_NUMBER='1' AIRFLOW_CTX_DAG_RUN_ID='scheduled__2024-11-25T10:00:00+00:00'
[2024-11-25T13:48:22.277+0000] {taskinstance.py:430} INFO - ::endgroup::
[2024-11-25T13:48:22.603+0000] {python.py:237} INFO - Done. Returned value was: None
[2024-11-25T13:48:22.604+0000] {taskinstance.py:441} INFO - ::group::Post task execution logs
[2024-11-25T13:48:22.622+0000] {taskinstance.py:1206} INFO - Marking task as SUCCESS. dag_id=weather-forecast-dag, task_id=transform, run_id=scheduled__2024-11-25T10:00:00+00:00, execution_date=20241125T100000, start_date=20241125T134822, end_date=20241125T134822
[2024-11-25T13:48:22.693+0000] {local_task_job_runner.py:240} INFO - Task exited with return code 0
[2024-11-25T13:48:22.712+0000] {taskinstance.py:3498} INFO - 1 downstream tasks scheduled from follow-on schedule check
[2024-11-25T13:48:22.837+0000] {local_task_job_runner.py:222} INFO - ::endgroup::
[2024-11-25T16:19:21.908+0000] {local_task_job_runner.py:120} INFO - ::group::Pre task execution logs
[2024-11-25T16:19:21.956+0000] {taskinstance.py:2076} INFO - Dependencies all met for dep_context=non-requeueable deps ti=<TaskInstance: weather-forecast-dag.transform scheduled__2024-11-25T10:00:00+00:00 [queued]>
[2024-11-25T16:19:21.972+0000] {taskinstance.py:2076} INFO - Dependencies all met for dep_context=requeueable deps ti=<TaskInstance: weather-forecast-dag.transform scheduled__2024-11-25T10:00:00+00:00 [queued]>
[2024-11-25T16:19:21.973+0000] {taskinstance.py:2306} INFO - Starting attempt 1 of 2
[2024-11-25T16:19:22.038+0000] {taskinstance.py:2330} INFO - Executing <Task(PythonOperator): transform> on 2024-11-25 10:00:00+00:00
[2024-11-25T16:19:22.058+0000] {logging_mixin.py:188} WARNING - /home/airflow/.local/lib/python3.12/site-packages/airflow/task/task_runner/standard_task_runner.py:61 DeprecationWarning: This process (pid=280) is multi-threaded, use of fork() may lead to deadlocks in the child.
[2024-11-25T16:19:22.060+0000] {standard_task_runner.py:63} INFO - Started process 303 to run task
[2024-11-25T16:19:22.060+0000] {standard_task_runner.py:90} INFO - Running: ['airflow', 'tasks', 'run', 'weather-forecast-dag', 'transform', 'scheduled__2024-11-25T10:00:00+00:00', '--job-id', '29', '--raw', '--subdir', 'DAGS_FOLDER/weather_pipeline.py', '--cfg-path', '/tmp/tmpz9a8xqpy']
[2024-11-25T16:19:22.064+0000] {standard_task_runner.py:91} INFO - Job 29: Subtask transform
[2024-11-25T16:19:22.131+0000] {logging_mixin.py:188} WARNING - /home/airflow/.local/lib/python3.12/site-packages/airflow/settings.py:195 DeprecationWarning: The sql_alchemy_conn option in [core] has been moved to the sql_alchemy_conn option in [database] - the old setting has been used, but please update your config.
[2024-11-25T16:19:22.226+0000] {task_command.py:426} INFO - Running <TaskInstance: weather-forecast-dag.transform scheduled__2024-11-25T10:00:00+00:00 [running]> on host 9c7ea2cc0f0f
[2024-11-25T16:19:22.440+0000] {taskinstance.py:2648} INFO - Exporting env vars: AIRFLOW_CTX_DAG_OWNER='Urbain ZE' AIRFLOW_CTX_DAG_ID='weather-forecast-dag' AIRFLOW_CTX_TASK_ID='transform' AIRFLOW_CTX_EXECUTION_DATE='2024-11-25T10:00:00+00:00' AIRFLOW_CTX_TRY_NUMBER='1' AIRFLOW_CTX_DAG_RUN_ID='scheduled__2024-11-25T10:00:00+00:00'
[2024-11-25T16:19:22.443+0000] {taskinstance.py:430} INFO - ::endgroup::
[2024-11-25T16:19:22.972+0000] {python.py:237} INFO - Done. Returned value was: None
[2024-11-25T16:19:22.976+0000] {taskinstance.py:441} INFO - ::group::Post task execution logs
[2024-11-25T16:19:22.993+0000] {taskinstance.py:1206} INFO - Marking task as SUCCESS. dag_id=weather-forecast-dag, task_id=transform, run_id=scheduled__2024-11-25T10:00:00+00:00, execution_date=20241125T100000, start_date=20241125T161921, end_date=20241125T161922
[2024-11-25T16:19:23.084+0000] {local_task_job_runner.py:240} INFO - Task exited with return code 0
[2024-11-25T16:19:23.134+0000] {taskinstance.py:3498} INFO - 1 downstream tasks scheduled from follow-on schedule check
[2024-11-25T16:19:23.151+0000] {local_task_job_runner.py:222} INFO - ::endgroup::
[2024-11-25T16:30:09.082+0000] {local_task_job_runner.py:120} INFO - ::group::Pre task execution logs
[2024-11-25T16:30:09.123+0000] {taskinstance.py:2076} INFO - Dependencies all met for dep_context=non-requeueable deps ti=<TaskInstance: weather-forecast-dag.transform scheduled__2024-11-25T10:00:00+00:00 [queued]>
[2024-11-25T16:30:09.134+0000] {taskinstance.py:2076} INFO - Dependencies all met for dep_context=requeueable deps ti=<TaskInstance: weather-forecast-dag.transform scheduled__2024-11-25T10:00:00+00:00 [queued]>
[2024-11-25T16:30:09.135+0000] {taskinstance.py:2306} INFO - Starting attempt 1 of 2
[2024-11-25T16:30:09.157+0000] {taskinstance.py:2330} INFO - Executing <Task(PythonOperator): transform> on 2024-11-25 10:00:00+00:00
[2024-11-25T16:30:09.176+0000] {logging_mixin.py:188} WARNING - /home/airflow/.local/lib/python3.12/site-packages/airflow/task/task_runner/standard_task_runner.py:61 DeprecationWarning: This process (pid=255) is multi-threaded, use of fork() may lead to deadlocks in the child.
[2024-11-25T16:30:09.176+0000] {standard_task_runner.py:90} INFO - Running: ['airflow', 'tasks', 'run', 'weather-forecast-dag', 'transform', 'scheduled__2024-11-25T10:00:00+00:00', '--job-id', '28', '--raw', '--subdir', 'DAGS_FOLDER/weather_pipeline.py', '--cfg-path', '/tmp/tmpg1qhxam4']
[2024-11-25T16:30:09.180+0000] {standard_task_runner.py:63} INFO - Started process 264 to run task
[2024-11-25T16:30:09.180+0000] {standard_task_runner.py:91} INFO - Job 28: Subtask transform
[2024-11-25T16:30:09.207+0000] {logging_mixin.py:188} WARNING - /home/airflow/.local/lib/python3.12/site-packages/airflow/settings.py:195 DeprecationWarning: The sql_alchemy_conn option in [core] has been moved to the sql_alchemy_conn option in [database] - the old setting has been used, but please update your config.
[2024-11-25T16:30:09.264+0000] {task_command.py:426} INFO - Running <TaskInstance: weather-forecast-dag.transform scheduled__2024-11-25T10:00:00+00:00 [running]> on host eebbb4b46189
[2024-11-25T16:30:09.377+0000] {taskinstance.py:2648} INFO - Exporting env vars: AIRFLOW_CTX_DAG_OWNER='Urbain ZE' AIRFLOW_CTX_DAG_ID='weather-forecast-dag' AIRFLOW_CTX_TASK_ID='transform' AIRFLOW_CTX_EXECUTION_DATE='2024-11-25T10:00:00+00:00' AIRFLOW_CTX_TRY_NUMBER='1' AIRFLOW_CTX_DAG_RUN_ID='scheduled__2024-11-25T10:00:00+00:00'
[2024-11-25T16:30:09.379+0000] {taskinstance.py:430} INFO - ::endgroup::
[2024-11-25T16:30:09.730+0000] {python.py:237} INFO - Done. Returned value was: None
[2024-11-25T16:30:09.735+0000] {taskinstance.py:441} INFO - ::group::Post task execution logs
[2024-11-25T16:30:09.769+0000] {taskinstance.py:1206} INFO - Marking task as SUCCESS. dag_id=weather-forecast-dag, task_id=transform, run_id=scheduled__2024-11-25T10:00:00+00:00, execution_date=20241125T100000, start_date=20241125T163009, end_date=20241125T163009
[2024-11-25T16:30:10.121+0000] {local_task_job_runner.py:240} INFO - Task exited with return code 0
[2024-11-25T16:30:10.177+0000] {taskinstance.py:3498} INFO - 1 downstream tasks scheduled from follow-on schedule check
[2024-11-25T16:30:10.185+0000] {local_task_job_runner.py:222} INFO - ::endgroup::
