[2024-11-25T13:34:39.691+0000] {local_task_job_runner.py:120} INFO - ::group::Pre task execution logs
[2024-11-25T13:34:39.796+0000] {taskinstance.py:2076} INFO - Dependencies all met for dep_context=non-requeueable deps ti=<TaskInstance: weather-forecast-dag.transform scheduled__2024-11-25T12:00:00+00:00 [queued]>
[2024-11-25T13:34:39.825+0000] {taskinstance.py:2076} INFO - Dependencies all met for dep_context=requeueable deps ti=<TaskInstance: weather-forecast-dag.transform scheduled__2024-11-25T12:00:00+00:00 [queued]>
[2024-11-25T13:34:39.831+0000] {taskinstance.py:2306} INFO - Starting attempt 1 of 2
[2024-11-25T13:34:39.888+0000] {taskinstance.py:2330} INFO - Executing <Task(PythonOperator): transform> on 2024-11-25 12:00:00+00:00
[2024-11-25T13:34:39.920+0000] {logging_mixin.py:188} WARNING - /home/airflow/.local/lib/python3.12/site-packages/airflow/task/task_runner/standard_task_runner.py:61 DeprecationWarning: This process (pid=278) is multi-threaded, use of fork() may lead to deadlocks in the child.
[2024-11-25T13:34:39.919+0000] {standard_task_runner.py:90} INFO - Running: ['airflow', 'tasks', 'run', 'weather-forecast-dag', 'transform', 'scheduled__2024-11-25T12:00:00+00:00', '--job-id', '38', '--raw', '--subdir', 'DAGS_FOLDER/weather_pipeline.py', '--cfg-path', '/tmp/tmpwot6axnk']
[2024-11-25T13:34:39.923+0000] {standard_task_runner.py:63} INFO - Started process 294 to run task
[2024-11-25T13:34:39.925+0000] {standard_task_runner.py:91} INFO - Job 38: Subtask transform
[2024-11-25T13:34:39.978+0000] {logging_mixin.py:188} WARNING - /home/airflow/.local/lib/python3.12/site-packages/airflow/settings.py:195 DeprecationWarning: The sql_alchemy_conn option in [core] has been moved to the sql_alchemy_conn option in [database] - the old setting has been used, but please update your config.
[2024-11-25T13:34:40.088+0000] {task_command.py:426} INFO - Running <TaskInstance: weather-forecast-dag.transform scheduled__2024-11-25T12:00:00+00:00 [running]> on host 8a6a192a668b
[2024-11-25T13:34:40.272+0000] {taskinstance.py:2648} INFO - Exporting env vars: AIRFLOW_CTX_DAG_OWNER='Urbain ZE' AIRFLOW_CTX_DAG_ID='weather-forecast-dag' AIRFLOW_CTX_TASK_ID='transform' AIRFLOW_CTX_EXECUTION_DATE='2024-11-25T12:00:00+00:00' AIRFLOW_CTX_TRY_NUMBER='1' AIRFLOW_CTX_DAG_RUN_ID='scheduled__2024-11-25T12:00:00+00:00'
[2024-11-25T13:34:40.277+0000] {taskinstance.py:430} INFO - ::endgroup::
[2024-11-25T13:34:40.705+0000] {python.py:237} INFO - Done. Returned value was: None
[2024-11-25T13:34:40.706+0000] {taskinstance.py:441} INFO - ::group::Post task execution logs
[2024-11-25T13:34:40.722+0000] {taskinstance.py:1206} INFO - Marking task as SUCCESS. dag_id=weather-forecast-dag, task_id=transform, run_id=scheduled__2024-11-25T12:00:00+00:00, execution_date=20241125T120000, start_date=20241125T133439, end_date=20241125T133440
[2024-11-25T13:34:40.785+0000] {local_task_job_runner.py:240} INFO - Task exited with return code 0
[2024-11-25T13:34:40.815+0000] {taskinstance.py:3498} INFO - 1 downstream tasks scheduled from follow-on schedule check
[2024-11-25T13:34:40.820+0000] {local_task_job_runner.py:222} INFO - ::endgroup::
[2024-11-25T13:48:23.636+0000] {local_task_job_runner.py:120} INFO - ::group::Pre task execution logs
[2024-11-25T13:48:23.681+0000] {taskinstance.py:2076} INFO - Dependencies all met for dep_context=non-requeueable deps ti=<TaskInstance: weather-forecast-dag.transform scheduled__2024-11-25T12:00:00+00:00 [queued]>
[2024-11-25T13:48:23.689+0000] {taskinstance.py:2076} INFO - Dependencies all met for dep_context=requeueable deps ti=<TaskInstance: weather-forecast-dag.transform scheduled__2024-11-25T12:00:00+00:00 [queued]>
[2024-11-25T13:48:23.689+0000] {taskinstance.py:2306} INFO - Starting attempt 1 of 2
[2024-11-25T13:48:23.728+0000] {taskinstance.py:2330} INFO - Executing <Task(PythonOperator): transform> on 2024-11-25 12:00:00+00:00
[2024-11-25T13:48:23.740+0000] {logging_mixin.py:188} WARNING - /home/airflow/.local/lib/python3.12/site-packages/airflow/task/task_runner/standard_task_runner.py:61 DeprecationWarning: This process (pid=263) is multi-threaded, use of fork() may lead to deadlocks in the child.
[2024-11-25T13:48:23.742+0000] {standard_task_runner.py:63} INFO - Started process 290 to run task
[2024-11-25T13:48:23.741+0000] {standard_task_runner.py:90} INFO - Running: ['airflow', 'tasks', 'run', 'weather-forecast-dag', 'transform', 'scheduled__2024-11-25T12:00:00+00:00', '--job-id', '34', '--raw', '--subdir', 'DAGS_FOLDER/weather_pipeline.py', '--cfg-path', '/tmp/tmpq3v9aydt']
[2024-11-25T13:48:23.743+0000] {standard_task_runner.py:91} INFO - Job 34: Subtask transform
[2024-11-25T13:48:23.820+0000] {logging_mixin.py:188} WARNING - /home/airflow/.local/lib/python3.12/site-packages/airflow/settings.py:195 DeprecationWarning: The sql_alchemy_conn option in [core] has been moved to the sql_alchemy_conn option in [database] - the old setting has been used, but please update your config.
[2024-11-25T13:48:23.869+0000] {task_command.py:426} INFO - Running <TaskInstance: weather-forecast-dag.transform scheduled__2024-11-25T12:00:00+00:00 [running]> on host 4f4780ae54ec
[2024-11-25T13:48:24.095+0000] {taskinstance.py:2648} INFO - Exporting env vars: AIRFLOW_CTX_DAG_OWNER='Urbain ZE' AIRFLOW_CTX_DAG_ID='weather-forecast-dag' AIRFLOW_CTX_TASK_ID='transform' AIRFLOW_CTX_EXECUTION_DATE='2024-11-25T12:00:00+00:00' AIRFLOW_CTX_TRY_NUMBER='1' AIRFLOW_CTX_DAG_RUN_ID='scheduled__2024-11-25T12:00:00+00:00'
[2024-11-25T13:48:24.100+0000] {taskinstance.py:430} INFO - ::endgroup::
[2024-11-25T13:48:24.824+0000] {python.py:237} INFO - Done. Returned value was: None
[2024-11-25T13:48:24.825+0000] {taskinstance.py:441} INFO - ::group::Post task execution logs
[2024-11-25T13:48:24.835+0000] {taskinstance.py:1206} INFO - Marking task as SUCCESS. dag_id=weather-forecast-dag, task_id=transform, run_id=scheduled__2024-11-25T12:00:00+00:00, execution_date=20241125T120000, start_date=20241125T134823, end_date=20241125T134824
[2024-11-25T13:48:24.925+0000] {local_task_job_runner.py:240} INFO - Task exited with return code 0
[2024-11-25T13:48:24.943+0000] {taskinstance.py:3498} INFO - 1 downstream tasks scheduled from follow-on schedule check
[2024-11-25T13:48:24.960+0000] {local_task_job_runner.py:222} INFO - ::endgroup::
[2024-11-25T16:19:22.404+0000] {local_task_job_runner.py:120} INFO - ::group::Pre task execution logs
[2024-11-25T16:19:22.476+0000] {taskinstance.py:2076} INFO - Dependencies all met for dep_context=non-requeueable deps ti=<TaskInstance: weather-forecast-dag.transform scheduled__2024-11-25T12:00:00+00:00 [queued]>
[2024-11-25T16:19:22.500+0000] {taskinstance.py:2076} INFO - Dependencies all met for dep_context=requeueable deps ti=<TaskInstance: weather-forecast-dag.transform scheduled__2024-11-25T12:00:00+00:00 [queued]>
[2024-11-25T16:19:22.501+0000] {taskinstance.py:2306} INFO - Starting attempt 1 of 2
[2024-11-25T16:19:22.626+0000] {taskinstance.py:2330} INFO - Executing <Task(PythonOperator): transform> on 2024-11-25 12:00:00+00:00
[2024-11-25T16:19:22.645+0000] {logging_mixin.py:188} WARNING - /home/airflow/.local/lib/python3.12/site-packages/airflow/task/task_runner/standard_task_runner.py:61 DeprecationWarning: This process (pid=290) is multi-threaded, use of fork() may lead to deadlocks in the child.
[2024-11-25T16:19:22.660+0000] {standard_task_runner.py:90} INFO - Running: ['airflow', 'tasks', 'run', 'weather-forecast-dag', 'transform', 'scheduled__2024-11-25T12:00:00+00:00', '--job-id', '35', '--raw', '--subdir', 'DAGS_FOLDER/weather_pipeline.py', '--cfg-path', '/tmp/tmpg_n3rixn']
[2024-11-25T16:19:22.663+0000] {standard_task_runner.py:63} INFO - Started process 322 to run task
[2024-11-25T16:19:22.663+0000] {standard_task_runner.py:91} INFO - Job 35: Subtask transform
[2024-11-25T16:19:22.710+0000] {logging_mixin.py:188} WARNING - /home/airflow/.local/lib/python3.12/site-packages/airflow/settings.py:195 DeprecationWarning: The sql_alchemy_conn option in [core] has been moved to the sql_alchemy_conn option in [database] - the old setting has been used, but please update your config.
[2024-11-25T16:19:22.792+0000] {task_command.py:426} INFO - Running <TaskInstance: weather-forecast-dag.transform scheduled__2024-11-25T12:00:00+00:00 [running]> on host 9c7ea2cc0f0f
[2024-11-25T16:19:22.970+0000] {taskinstance.py:2648} INFO - Exporting env vars: AIRFLOW_CTX_DAG_OWNER='Urbain ZE' AIRFLOW_CTX_DAG_ID='weather-forecast-dag' AIRFLOW_CTX_TASK_ID='transform' AIRFLOW_CTX_EXECUTION_DATE='2024-11-25T12:00:00+00:00' AIRFLOW_CTX_TRY_NUMBER='1' AIRFLOW_CTX_DAG_RUN_ID='scheduled__2024-11-25T12:00:00+00:00'
[2024-11-25T16:19:22.974+0000] {taskinstance.py:430} INFO - ::endgroup::
[2024-11-25T16:19:23.492+0000] {python.py:237} INFO - Done. Returned value was: None
[2024-11-25T16:19:23.493+0000] {taskinstance.py:441} INFO - ::group::Post task execution logs
[2024-11-25T16:19:23.511+0000] {taskinstance.py:1206} INFO - Marking task as SUCCESS. dag_id=weather-forecast-dag, task_id=transform, run_id=scheduled__2024-11-25T12:00:00+00:00, execution_date=20241125T120000, start_date=20241125T161922, end_date=20241125T161923
[2024-11-25T16:19:23.624+0000] {local_task_job_runner.py:240} INFO - Task exited with return code 0
[2024-11-25T16:19:23.652+0000] {taskinstance.py:3498} INFO - 1 downstream tasks scheduled from follow-on schedule check
[2024-11-25T16:19:23.656+0000] {local_task_job_runner.py:222} INFO - ::endgroup::
[2024-11-25T16:30:10.818+0000] {local_task_job_runner.py:120} INFO - ::group::Pre task execution logs
[2024-11-25T16:30:10.866+0000] {taskinstance.py:2076} INFO - Dependencies all met for dep_context=non-requeueable deps ti=<TaskInstance: weather-forecast-dag.transform scheduled__2024-11-25T12:00:00+00:00 [queued]>
[2024-11-25T16:30:10.879+0000] {taskinstance.py:2076} INFO - Dependencies all met for dep_context=requeueable deps ti=<TaskInstance: weather-forecast-dag.transform scheduled__2024-11-25T12:00:00+00:00 [queued]>
[2024-11-25T16:30:10.880+0000] {taskinstance.py:2306} INFO - Starting attempt 1 of 2
[2024-11-25T16:30:10.922+0000] {taskinstance.py:2330} INFO - Executing <Task(PythonOperator): transform> on 2024-11-25 12:00:00+00:00
[2024-11-25T16:30:10.939+0000] {logging_mixin.py:188} WARNING - /home/airflow/.local/lib/python3.12/site-packages/airflow/task/task_runner/standard_task_runner.py:61 DeprecationWarning: This process (pid=277) is multi-threaded, use of fork() may lead to deadlocks in the child.
[2024-11-25T16:30:10.941+0000] {standard_task_runner.py:63} INFO - Started process 300 to run task
[2024-11-25T16:30:10.940+0000] {standard_task_runner.py:90} INFO - Running: ['airflow', 'tasks', 'run', 'weather-forecast-dag', 'transform', 'scheduled__2024-11-25T12:00:00+00:00', '--job-id', '32', '--raw', '--subdir', 'DAGS_FOLDER/weather_pipeline.py', '--cfg-path', '/tmp/tmpqnev4_xq']
[2024-11-25T16:30:10.944+0000] {standard_task_runner.py:91} INFO - Job 32: Subtask transform
[2024-11-25T16:30:10.982+0000] {logging_mixin.py:188} WARNING - /home/airflow/.local/lib/python3.12/site-packages/airflow/settings.py:195 DeprecationWarning: The sql_alchemy_conn option in [core] has been moved to the sql_alchemy_conn option in [database] - the old setting has been used, but please update your config.
[2024-11-25T16:30:11.063+0000] {task_command.py:426} INFO - Running <TaskInstance: weather-forecast-dag.transform scheduled__2024-11-25T12:00:00+00:00 [running]> on host eebbb4b46189
[2024-11-25T16:30:11.213+0000] {taskinstance.py:2648} INFO - Exporting env vars: AIRFLOW_CTX_DAG_OWNER='Urbain ZE' AIRFLOW_CTX_DAG_ID='weather-forecast-dag' AIRFLOW_CTX_TASK_ID='transform' AIRFLOW_CTX_EXECUTION_DATE='2024-11-25T12:00:00+00:00' AIRFLOW_CTX_TRY_NUMBER='1' AIRFLOW_CTX_DAG_RUN_ID='scheduled__2024-11-25T12:00:00+00:00'
[2024-11-25T16:30:11.216+0000] {taskinstance.py:430} INFO - ::endgroup::
[2024-11-25T16:30:12.725+0000] {python.py:237} INFO - Done. Returned value was: None
[2024-11-25T16:30:12.727+0000] {taskinstance.py:441} INFO - ::group::Post task execution logs
[2024-11-25T16:30:12.751+0000] {taskinstance.py:1206} INFO - Marking task as SUCCESS. dag_id=weather-forecast-dag, task_id=transform, run_id=scheduled__2024-11-25T12:00:00+00:00, execution_date=20241125T120000, start_date=20241125T163010, end_date=20241125T163012
[2024-11-25T16:30:12.852+0000] {local_task_job_runner.py:240} INFO - Task exited with return code 0
[2024-11-25T16:30:12.867+0000] {local_task_job_runner.py:222} INFO - ::endgroup::
