[2024-11-25T13:34:35.270+0000] {local_task_job_runner.py:120} INFO - ::group::Pre task execution logs
[2024-11-25T13:34:35.331+0000] {taskinstance.py:2076} INFO - Dependencies all met for dep_context=non-requeueable deps ti=<TaskInstance: weather-forecast-dag.extract scheduled__2024-11-25T10:00:00+00:00 [queued]>
[2024-11-25T13:34:35.351+0000] {taskinstance.py:2076} INFO - Dependencies all met for dep_context=requeueable deps ti=<TaskInstance: weather-forecast-dag.extract scheduled__2024-11-25T10:00:00+00:00 [queued]>
[2024-11-25T13:34:35.354+0000] {taskinstance.py:2306} INFO - Starting attempt 1 of 2
[2024-11-25T13:34:35.393+0000] {taskinstance.py:2330} INFO - Executing <Task(PythonOperator): extract> on 2024-11-25 10:00:00+00:00
[2024-11-25T13:34:35.412+0000] {logging_mixin.py:188} WARNING - /home/airflow/.local/lib/python3.12/site-packages/airflow/task/task_runner/standard_task_runner.py:61 DeprecationWarning: This process (pid=205) is multi-threaded, use of fork() may lead to deadlocks in the child.
[2024-11-25T13:34:35.414+0000] {standard_task_runner.py:63} INFO - Started process 221 to run task
[2024-11-25T13:34:35.412+0000] {standard_task_runner.py:90} INFO - Running: ['airflow', 'tasks', 'run', 'weather-forecast-dag', 'extract', 'scheduled__2024-11-25T10:00:00+00:00', '--job-id', '13', '--raw', '--subdir', 'DAGS_FOLDER/weather_pipeline.py', '--cfg-path', '/tmp/tmpiie11h87']
[2024-11-25T13:34:35.416+0000] {standard_task_runner.py:91} INFO - Job 13: Subtask extract
[2024-11-25T13:34:35.445+0000] {logging_mixin.py:188} WARNING - /home/airflow/.local/lib/python3.12/site-packages/airflow/settings.py:195 DeprecationWarning: The sql_alchemy_conn option in [core] has been moved to the sql_alchemy_conn option in [database] - the old setting has been used, but please update your config.
[2024-11-25T13:34:35.501+0000] {task_command.py:426} INFO - Running <TaskInstance: weather-forecast-dag.extract scheduled__2024-11-25T10:00:00+00:00 [running]> on host 8a6a192a668b
[2024-11-25T13:34:35.632+0000] {taskinstance.py:2648} INFO - Exporting env vars: AIRFLOW_CTX_DAG_OWNER='Urbain ZE' AIRFLOW_CTX_DAG_ID='weather-forecast-dag' AIRFLOW_CTX_TASK_ID='extract' AIRFLOW_CTX_EXECUTION_DATE='2024-11-25T10:00:00+00:00' AIRFLOW_CTX_TRY_NUMBER='1' AIRFLOW_CTX_DAG_RUN_ID='scheduled__2024-11-25T10:00:00+00:00'
[2024-11-25T13:34:35.634+0000] {taskinstance.py:430} INFO - ::endgroup::
[2024-11-25T13:34:36.525+0000] {python.py:237} INFO - Done. Returned value was: None
[2024-11-25T13:34:36.527+0000] {taskinstance.py:441} INFO - ::group::Post task execution logs
[2024-11-25T13:34:36.544+0000] {taskinstance.py:1206} INFO - Marking task as SUCCESS. dag_id=weather-forecast-dag, task_id=extract, run_id=scheduled__2024-11-25T10:00:00+00:00, execution_date=20241125T100000, start_date=20241125T133435, end_date=20241125T133436
[2024-11-25T13:34:36.635+0000] {local_task_job_runner.py:240} INFO - Task exited with return code 0
[2024-11-25T13:34:36.676+0000] {taskinstance.py:3498} INFO - 1 downstream tasks scheduled from follow-on schedule check
[2024-11-25T13:34:36.683+0000] {local_task_job_runner.py:222} INFO - ::endgroup::
[2024-11-25T13:48:19.940+0000] {local_task_job_runner.py:120} INFO - ::group::Pre task execution logs
[2024-11-25T13:48:20.000+0000] {taskinstance.py:2076} INFO - Dependencies all met for dep_context=non-requeueable deps ti=<TaskInstance: weather-forecast-dag.extract scheduled__2024-11-25T10:00:00+00:00 [queued]>
[2024-11-25T13:48:20.015+0000] {taskinstance.py:2076} INFO - Dependencies all met for dep_context=requeueable deps ti=<TaskInstance: weather-forecast-dag.extract scheduled__2024-11-25T10:00:00+00:00 [queued]>
[2024-11-25T13:48:20.016+0000] {taskinstance.py:2306} INFO - Starting attempt 1 of 2
[2024-11-25T13:48:20.044+0000] {taskinstance.py:2330} INFO - Executing <Task(PythonOperator): extract> on 2024-11-25 10:00:00+00:00
[2024-11-25T13:48:20.059+0000] {logging_mixin.py:188} WARNING - /home/airflow/.local/lib/python3.12/site-packages/airflow/task/task_runner/standard_task_runner.py:61 DeprecationWarning: This process (pid=210) is multi-threaded, use of fork() may lead to deadlocks in the child.
[2024-11-25T13:48:20.061+0000] {standard_task_runner.py:63} INFO - Started process 220 to run task
[2024-11-25T13:48:20.059+0000] {standard_task_runner.py:90} INFO - Running: ['airflow', 'tasks', 'run', 'weather-forecast-dag', 'extract', 'scheduled__2024-11-25T10:00:00+00:00', '--job-id', '12', '--raw', '--subdir', 'DAGS_FOLDER/weather_pipeline.py', '--cfg-path', '/tmp/tmpsx8kuhoh']
[2024-11-25T13:48:20.063+0000] {standard_task_runner.py:91} INFO - Job 12: Subtask extract
[2024-11-25T13:48:20.099+0000] {logging_mixin.py:188} WARNING - /home/airflow/.local/lib/python3.12/site-packages/airflow/settings.py:195 DeprecationWarning: The sql_alchemy_conn option in [core] has been moved to the sql_alchemy_conn option in [database] - the old setting has been used, but please update your config.
[2024-11-25T13:48:20.174+0000] {task_command.py:426} INFO - Running <TaskInstance: weather-forecast-dag.extract scheduled__2024-11-25T10:00:00+00:00 [running]> on host 4f4780ae54ec
[2024-11-25T13:48:20.325+0000] {taskinstance.py:2648} INFO - Exporting env vars: AIRFLOW_CTX_DAG_OWNER='Urbain ZE' AIRFLOW_CTX_DAG_ID='weather-forecast-dag' AIRFLOW_CTX_TASK_ID='extract' AIRFLOW_CTX_EXECUTION_DATE='2024-11-25T10:00:00+00:00' AIRFLOW_CTX_TRY_NUMBER='1' AIRFLOW_CTX_DAG_RUN_ID='scheduled__2024-11-25T10:00:00+00:00'
[2024-11-25T13:48:20.327+0000] {taskinstance.py:430} INFO - ::endgroup::
[2024-11-25T13:48:20.954+0000] {python.py:237} INFO - Done. Returned value was: None
[2024-11-25T13:48:20.957+0000] {taskinstance.py:441} INFO - ::group::Post task execution logs
[2024-11-25T13:48:20.974+0000] {taskinstance.py:1206} INFO - Marking task as SUCCESS. dag_id=weather-forecast-dag, task_id=extract, run_id=scheduled__2024-11-25T10:00:00+00:00, execution_date=20241125T100000, start_date=20241125T134820, end_date=20241125T134820
[2024-11-25T13:48:21.042+0000] {local_task_job_runner.py:240} INFO - Task exited with return code 0
[2024-11-25T13:48:21.068+0000] {taskinstance.py:3498} INFO - 1 downstream tasks scheduled from follow-on schedule check
[2024-11-25T13:48:21.074+0000] {local_task_job_runner.py:222} INFO - ::endgroup::
[2024-11-25T16:19:18.502+0000] {local_task_job_runner.py:120} INFO - ::group::Pre task execution logs
[2024-11-25T16:19:18.570+0000] {taskinstance.py:2076} INFO - Dependencies all met for dep_context=non-requeueable deps ti=<TaskInstance: weather-forecast-dag.extract scheduled__2024-11-25T10:00:00+00:00 [queued]>
[2024-11-25T16:19:18.592+0000] {taskinstance.py:2076} INFO - Dependencies all met for dep_context=requeueable deps ti=<TaskInstance: weather-forecast-dag.extract scheduled__2024-11-25T10:00:00+00:00 [queued]>
[2024-11-25T16:19:18.594+0000] {taskinstance.py:2306} INFO - Starting attempt 1 of 2
[2024-11-25T16:19:18.938+0000] {taskinstance.py:2330} INFO - Executing <Task(PythonOperator): extract> on 2024-11-25 10:00:00+00:00
[2024-11-25T16:19:18.967+0000] {logging_mixin.py:188} WARNING - /home/airflow/.local/lib/python3.12/site-packages/airflow/task/task_runner/standard_task_runner.py:61 DeprecationWarning: This process (pid=234) is multi-threaded, use of fork() may lead to deadlocks in the child.
[2024-11-25T16:19:18.970+0000] {standard_task_runner.py:63} INFO - Started process 254 to run task
[2024-11-25T16:19:18.969+0000] {standard_task_runner.py:90} INFO - Running: ['airflow', 'tasks', 'run', 'weather-forecast-dag', 'extract', 'scheduled__2024-11-25T10:00:00+00:00', '--job-id', '12', '--raw', '--subdir', 'DAGS_FOLDER/weather_pipeline.py', '--cfg-path', '/tmp/tmpr0v8n9ws']
[2024-11-25T16:19:18.972+0000] {standard_task_runner.py:91} INFO - Job 12: Subtask extract
[2024-11-25T16:19:19.048+0000] {logging_mixin.py:188} WARNING - /home/airflow/.local/lib/python3.12/site-packages/airflow/settings.py:195 DeprecationWarning: The sql_alchemy_conn option in [core] has been moved to the sql_alchemy_conn option in [database] - the old setting has been used, but please update your config.
[2024-11-25T16:19:19.125+0000] {task_command.py:426} INFO - Running <TaskInstance: weather-forecast-dag.extract scheduled__2024-11-25T10:00:00+00:00 [running]> on host 9c7ea2cc0f0f
[2024-11-25T16:19:19.371+0000] {taskinstance.py:2648} INFO - Exporting env vars: AIRFLOW_CTX_DAG_OWNER='Urbain ZE' AIRFLOW_CTX_DAG_ID='weather-forecast-dag' AIRFLOW_CTX_TASK_ID='extract' AIRFLOW_CTX_EXECUTION_DATE='2024-11-25T10:00:00+00:00' AIRFLOW_CTX_TRY_NUMBER='1' AIRFLOW_CTX_DAG_RUN_ID='scheduled__2024-11-25T10:00:00+00:00'
[2024-11-25T16:19:19.372+0000] {taskinstance.py:430} INFO - ::endgroup::
[2024-11-25T16:19:20.067+0000] {python.py:237} INFO - Done. Returned value was: None
[2024-11-25T16:19:20.071+0000] {taskinstance.py:441} INFO - ::group::Post task execution logs
[2024-11-25T16:19:20.101+0000] {taskinstance.py:1206} INFO - Marking task as SUCCESS. dag_id=weather-forecast-dag, task_id=extract, run_id=scheduled__2024-11-25T10:00:00+00:00, execution_date=20241125T100000, start_date=20241125T161918, end_date=20241125T161920
[2024-11-25T16:19:20.195+0000] {local_task_job_runner.py:240} INFO - Task exited with return code 0
[2024-11-25T16:19:20.224+0000] {local_task_job_runner.py:222} INFO - ::endgroup::
[2024-11-25T16:30:06.222+0000] {local_task_job_runner.py:120} INFO - ::group::Pre task execution logs
[2024-11-25T16:30:06.271+0000] {taskinstance.py:2076} INFO - Dependencies all met for dep_context=non-requeueable deps ti=<TaskInstance: weather-forecast-dag.extract scheduled__2024-11-25T10:00:00+00:00 [queued]>
[2024-11-25T16:30:06.283+0000] {taskinstance.py:2076} INFO - Dependencies all met for dep_context=requeueable deps ti=<TaskInstance: weather-forecast-dag.extract scheduled__2024-11-25T10:00:00+00:00 [queued]>
[2024-11-25T16:30:06.284+0000] {taskinstance.py:2306} INFO - Starting attempt 1 of 2
[2024-11-25T16:30:06.377+0000] {taskinstance.py:2330} INFO - Executing <Task(PythonOperator): extract> on 2024-11-25 10:00:00+00:00
[2024-11-25T16:30:06.392+0000] {logging_mixin.py:188} WARNING - /home/airflow/.local/lib/python3.12/site-packages/airflow/task/task_runner/standard_task_runner.py:61 DeprecationWarning: This process (pid=210) is multi-threaded, use of fork() may lead to deadlocks in the child.
[2024-11-25T16:30:06.395+0000] {standard_task_runner.py:63} INFO - Started process 228 to run task
[2024-11-25T16:30:06.393+0000] {standard_task_runner.py:90} INFO - Running: ['airflow', 'tasks', 'run', 'weather-forecast-dag', 'extract', 'scheduled__2024-11-25T10:00:00+00:00', '--job-id', '12', '--raw', '--subdir', 'DAGS_FOLDER/weather_pipeline.py', '--cfg-path', '/tmp/tmpctedtmxn']
[2024-11-25T16:30:06.396+0000] {standard_task_runner.py:91} INFO - Job 12: Subtask extract
[2024-11-25T16:30:06.424+0000] {logging_mixin.py:188} WARNING - /home/airflow/.local/lib/python3.12/site-packages/airflow/settings.py:195 DeprecationWarning: The sql_alchemy_conn option in [core] has been moved to the sql_alchemy_conn option in [database] - the old setting has been used, but please update your config.
[2024-11-25T16:30:06.505+0000] {task_command.py:426} INFO - Running <TaskInstance: weather-forecast-dag.extract scheduled__2024-11-25T10:00:00+00:00 [running]> on host eebbb4b46189
[2024-11-25T16:30:06.638+0000] {taskinstance.py:2648} INFO - Exporting env vars: AIRFLOW_CTX_DAG_OWNER='Urbain ZE' AIRFLOW_CTX_DAG_ID='weather-forecast-dag' AIRFLOW_CTX_TASK_ID='extract' AIRFLOW_CTX_EXECUTION_DATE='2024-11-25T10:00:00+00:00' AIRFLOW_CTX_TRY_NUMBER='1' AIRFLOW_CTX_DAG_RUN_ID='scheduled__2024-11-25T10:00:00+00:00'
[2024-11-25T16:30:06.639+0000] {taskinstance.py:430} INFO - ::endgroup::
[2024-11-25T16:30:07.749+0000] {python.py:237} INFO - Done. Returned value was: None
[2024-11-25T16:30:07.752+0000] {taskinstance.py:441} INFO - ::group::Post task execution logs
[2024-11-25T16:30:07.778+0000] {taskinstance.py:1206} INFO - Marking task as SUCCESS. dag_id=weather-forecast-dag, task_id=extract, run_id=scheduled__2024-11-25T10:00:00+00:00, execution_date=20241125T100000, start_date=20241125T163006, end_date=20241125T163007
[2024-11-25T16:30:07.857+0000] {local_task_job_runner.py:240} INFO - Task exited with return code 0
[2024-11-25T16:30:07.882+0000] {local_task_job_runner.py:222} INFO - ::endgroup::
