[2024-11-25T13:34:36.973+0000] {local_task_job_runner.py:120} INFO - ::group::Pre task execution logs
[2024-11-25T13:34:37.017+0000] {taskinstance.py:2076} INFO - Dependencies all met for dep_context=non-requeueable deps ti=<TaskInstance: weather-forecast-dag.transform scheduled__2024-11-25T07:00:00+00:00 [queued]>
[2024-11-25T13:34:37.029+0000] {taskinstance.py:2076} INFO - Dependencies all met for dep_context=requeueable deps ti=<TaskInstance: weather-forecast-dag.transform scheduled__2024-11-25T07:00:00+00:00 [queued]>
[2024-11-25T13:34:37.031+0000] {taskinstance.py:2306} INFO - Starting attempt 1 of 2
[2024-11-25T13:34:37.053+0000] {taskinstance.py:2330} INFO - Executing <Task(PythonOperator): transform> on 2024-11-25 07:00:00+00:00
[2024-11-25T13:34:37.065+0000] {logging_mixin.py:188} WARNING - /home/airflow/.local/lib/python3.12/site-packages/airflow/task/task_runner/standard_task_runner.py:61 DeprecationWarning: This process (pid=241) is multi-threaded, use of fork() may lead to deadlocks in the child.
[2024-11-25T13:34:37.067+0000] {standard_task_runner.py:63} INFO - Started process 252 to run task
[2024-11-25T13:34:37.065+0000] {standard_task_runner.py:90} INFO - Running: ['airflow', 'tasks', 'run', 'weather-forecast-dag', 'transform', 'scheduled__2024-11-25T07:00:00+00:00', '--job-id', '24', '--raw', '--subdir', 'DAGS_FOLDER/weather_pipeline.py', '--cfg-path', '/tmp/tmpi5rqh8c1']
[2024-11-25T13:34:37.069+0000] {standard_task_runner.py:91} INFO - Job 24: Subtask transform
[2024-11-25T13:34:37.097+0000] {logging_mixin.py:188} WARNING - /home/airflow/.local/lib/python3.12/site-packages/airflow/settings.py:195 DeprecationWarning: The sql_alchemy_conn option in [core] has been moved to the sql_alchemy_conn option in [database] - the old setting has been used, but please update your config.
[2024-11-25T13:34:37.174+0000] {task_command.py:426} INFO - Running <TaskInstance: weather-forecast-dag.transform scheduled__2024-11-25T07:00:00+00:00 [running]> on host 8a6a192a668b
[2024-11-25T13:34:37.365+0000] {taskinstance.py:2648} INFO - Exporting env vars: AIRFLOW_CTX_DAG_OWNER='Urbain ZE' AIRFLOW_CTX_DAG_ID='weather-forecast-dag' AIRFLOW_CTX_TASK_ID='transform' AIRFLOW_CTX_EXECUTION_DATE='2024-11-25T07:00:00+00:00' AIRFLOW_CTX_TRY_NUMBER='1' AIRFLOW_CTX_DAG_RUN_ID='scheduled__2024-11-25T07:00:00+00:00'
[2024-11-25T13:34:37.369+0000] {taskinstance.py:430} INFO - ::endgroup::
[2024-11-25T13:34:37.822+0000] {python.py:237} INFO - Done. Returned value was: None
[2024-11-25T13:34:37.824+0000] {taskinstance.py:441} INFO - ::group::Post task execution logs
[2024-11-25T13:34:37.844+0000] {taskinstance.py:1206} INFO - Marking task as SUCCESS. dag_id=weather-forecast-dag, task_id=transform, run_id=scheduled__2024-11-25T07:00:00+00:00, execution_date=20241125T070000, start_date=20241125T133437, end_date=20241125T133437
[2024-11-25T13:34:38.008+0000] {local_task_job_runner.py:240} INFO - Task exited with return code 0
[2024-11-25T13:34:38.053+0000] {taskinstance.py:3498} INFO - 1 downstream tasks scheduled from follow-on schedule check
[2024-11-25T13:34:38.060+0000] {local_task_job_runner.py:222} INFO - ::endgroup::
[2024-11-25T13:48:21.956+0000] {local_task_job_runner.py:120} INFO - ::group::Pre task execution logs
[2024-11-25T13:48:21.993+0000] {taskinstance.py:2076} INFO - Dependencies all met for dep_context=non-requeueable deps ti=<TaskInstance: weather-forecast-dag.transform scheduled__2024-11-25T07:00:00+00:00 [queued]>
[2024-11-25T13:48:22.006+0000] {taskinstance.py:2076} INFO - Dependencies all met for dep_context=requeueable deps ti=<TaskInstance: weather-forecast-dag.transform scheduled__2024-11-25T07:00:00+00:00 [queued]>
[2024-11-25T13:48:22.006+0000] {taskinstance.py:2306} INFO - Starting attempt 1 of 2
[2024-11-25T13:48:22.027+0000] {taskinstance.py:2330} INFO - Executing <Task(PythonOperator): transform> on 2024-11-25 07:00:00+00:00
[2024-11-25T13:48:22.042+0000] {logging_mixin.py:188} WARNING - /home/airflow/.local/lib/python3.12/site-packages/airflow/task/task_runner/standard_task_runner.py:61 DeprecationWarning: This process (pid=243) is multi-threaded, use of fork() may lead to deadlocks in the child.
[2024-11-25T13:48:22.044+0000] {standard_task_runner.py:63} INFO - Started process 251 to run task
[2024-11-25T13:48:22.043+0000] {standard_task_runner.py:90} INFO - Running: ['airflow', 'tasks', 'run', 'weather-forecast-dag', 'transform', 'scheduled__2024-11-25T07:00:00+00:00', '--job-id', '23', '--raw', '--subdir', 'DAGS_FOLDER/weather_pipeline.py', '--cfg-path', '/tmp/tmpgk95egt4']
[2024-11-25T13:48:22.048+0000] {standard_task_runner.py:91} INFO - Job 23: Subtask transform
[2024-11-25T13:48:22.073+0000] {logging_mixin.py:188} WARNING - /home/airflow/.local/lib/python3.12/site-packages/airflow/settings.py:195 DeprecationWarning: The sql_alchemy_conn option in [core] has been moved to the sql_alchemy_conn option in [database] - the old setting has been used, but please update your config.
[2024-11-25T13:48:22.111+0000] {task_command.py:426} INFO - Running <TaskInstance: weather-forecast-dag.transform scheduled__2024-11-25T07:00:00+00:00 [running]> on host 4f4780ae54ec
[2024-11-25T13:48:22.219+0000] {taskinstance.py:2648} INFO - Exporting env vars: AIRFLOW_CTX_DAG_OWNER='Urbain ZE' AIRFLOW_CTX_DAG_ID='weather-forecast-dag' AIRFLOW_CTX_TASK_ID='transform' AIRFLOW_CTX_EXECUTION_DATE='2024-11-25T07:00:00+00:00' AIRFLOW_CTX_TRY_NUMBER='1' AIRFLOW_CTX_DAG_RUN_ID='scheduled__2024-11-25T07:00:00+00:00'
[2024-11-25T13:48:22.221+0000] {taskinstance.py:430} INFO - ::endgroup::
[2024-11-25T13:48:22.578+0000] {python.py:237} INFO - Done. Returned value was: None
[2024-11-25T13:48:22.579+0000] {taskinstance.py:441} INFO - ::group::Post task execution logs
[2024-11-25T13:48:22.592+0000] {taskinstance.py:1206} INFO - Marking task as SUCCESS. dag_id=weather-forecast-dag, task_id=transform, run_id=scheduled__2024-11-25T07:00:00+00:00, execution_date=20241125T070000, start_date=20241125T134821, end_date=20241125T134822
[2024-11-25T13:48:22.662+0000] {local_task_job_runner.py:240} INFO - Task exited with return code 0
[2024-11-25T13:48:22.692+0000] {taskinstance.py:3498} INFO - 1 downstream tasks scheduled from follow-on schedule check
[2024-11-25T13:48:22.839+0000] {local_task_job_runner.py:222} INFO - ::endgroup::
[2024-11-25T16:19:20.501+0000] {local_task_job_runner.py:120} INFO - ::group::Pre task execution logs
[2024-11-25T16:19:20.551+0000] {taskinstance.py:2076} INFO - Dependencies all met for dep_context=non-requeueable deps ti=<TaskInstance: weather-forecast-dag.transform scheduled__2024-11-25T07:00:00+00:00 [queued]>
[2024-11-25T16:19:20.561+0000] {taskinstance.py:2076} INFO - Dependencies all met for dep_context=requeueable deps ti=<TaskInstance: weather-forecast-dag.transform scheduled__2024-11-25T07:00:00+00:00 [queued]>
[2024-11-25T16:19:20.562+0000] {taskinstance.py:2306} INFO - Starting attempt 1 of 2
[2024-11-25T16:19:20.640+0000] {taskinstance.py:2330} INFO - Executing <Task(PythonOperator): transform> on 2024-11-25 07:00:00+00:00
[2024-11-25T16:19:20.654+0000] {logging_mixin.py:188} WARNING - /home/airflow/.local/lib/python3.12/site-packages/airflow/task/task_runner/standard_task_runner.py:61 DeprecationWarning: This process (pid=267) is multi-threaded, use of fork() may lead to deadlocks in the child.
[2024-11-25T16:19:20.656+0000] {standard_task_runner.py:63} INFO - Started process 281 to run task
[2024-11-25T16:19:20.654+0000] {standard_task_runner.py:90} INFO - Running: ['airflow', 'tasks', 'run', 'weather-forecast-dag', 'transform', 'scheduled__2024-11-25T07:00:00+00:00', '--job-id', '22', '--raw', '--subdir', 'DAGS_FOLDER/weather_pipeline.py', '--cfg-path', '/tmp/tmp3lzji_7x']
[2024-11-25T16:19:20.659+0000] {standard_task_runner.py:91} INFO - Job 22: Subtask transform
[2024-11-25T16:19:20.965+0000] {logging_mixin.py:188} WARNING - /home/airflow/.local/lib/python3.12/site-packages/airflow/settings.py:195 DeprecationWarning: The sql_alchemy_conn option in [core] has been moved to the sql_alchemy_conn option in [database] - the old setting has been used, but please update your config.
[2024-11-25T16:19:21.022+0000] {task_command.py:426} INFO - Running <TaskInstance: weather-forecast-dag.transform scheduled__2024-11-25T07:00:00+00:00 [running]> on host 9c7ea2cc0f0f
[2024-11-25T16:19:21.232+0000] {taskinstance.py:2648} INFO - Exporting env vars: AIRFLOW_CTX_DAG_OWNER='Urbain ZE' AIRFLOW_CTX_DAG_ID='weather-forecast-dag' AIRFLOW_CTX_TASK_ID='transform' AIRFLOW_CTX_EXECUTION_DATE='2024-11-25T07:00:00+00:00' AIRFLOW_CTX_TRY_NUMBER='1' AIRFLOW_CTX_DAG_RUN_ID='scheduled__2024-11-25T07:00:00+00:00'
[2024-11-25T16:19:21.233+0000] {taskinstance.py:430} INFO - ::endgroup::
[2024-11-25T16:19:21.877+0000] {python.py:237} INFO - Done. Returned value was: None
[2024-11-25T16:19:21.879+0000] {taskinstance.py:441} INFO - ::group::Post task execution logs
[2024-11-25T16:19:21.893+0000] {taskinstance.py:1206} INFO - Marking task as SUCCESS. dag_id=weather-forecast-dag, task_id=transform, run_id=scheduled__2024-11-25T07:00:00+00:00, execution_date=20241125T070000, start_date=20241125T161920, end_date=20241125T161921
[2024-11-25T16:19:22.039+0000] {local_task_job_runner.py:240} INFO - Task exited with return code 0
[2024-11-25T16:19:22.064+0000] {local_task_job_runner.py:222} INFO - ::endgroup::
[2024-11-25T16:30:08.754+0000] {local_task_job_runner.py:120} INFO - ::group::Pre task execution logs
[2024-11-25T16:30:08.805+0000] {taskinstance.py:2076} INFO - Dependencies all met for dep_context=non-requeueable deps ti=<TaskInstance: weather-forecast-dag.transform scheduled__2024-11-25T07:00:00+00:00 [queued]>
[2024-11-25T16:30:08.815+0000] {taskinstance.py:2076} INFO - Dependencies all met for dep_context=requeueable deps ti=<TaskInstance: weather-forecast-dag.transform scheduled__2024-11-25T07:00:00+00:00 [queued]>
[2024-11-25T16:30:08.815+0000] {taskinstance.py:2306} INFO - Starting attempt 1 of 2
[2024-11-25T16:30:08.832+0000] {taskinstance.py:2330} INFO - Executing <Task(PythonOperator): transform> on 2024-11-25 07:00:00+00:00
[2024-11-25T16:30:08.841+0000] {logging_mixin.py:188} WARNING - /home/airflow/.local/lib/python3.12/site-packages/airflow/task/task_runner/standard_task_runner.py:61 DeprecationWarning: This process (pid=245) is multi-threaded, use of fork() may lead to deadlocks in the child.
[2024-11-25T16:30:08.843+0000] {standard_task_runner.py:63} INFO - Started process 260 to run task
[2024-11-25T16:30:08.841+0000] {standard_task_runner.py:90} INFO - Running: ['airflow', 'tasks', 'run', 'weather-forecast-dag', 'transform', 'scheduled__2024-11-25T07:00:00+00:00', '--job-id', '24', '--raw', '--subdir', 'DAGS_FOLDER/weather_pipeline.py', '--cfg-path', '/tmp/tmpnk4gdbax']
[2024-11-25T16:30:08.844+0000] {standard_task_runner.py:91} INFO - Job 24: Subtask transform
[2024-11-25T16:30:08.869+0000] {logging_mixin.py:188} WARNING - /home/airflow/.local/lib/python3.12/site-packages/airflow/settings.py:195 DeprecationWarning: The sql_alchemy_conn option in [core] has been moved to the sql_alchemy_conn option in [database] - the old setting has been used, but please update your config.
[2024-11-25T16:30:08.928+0000] {task_command.py:426} INFO - Running <TaskInstance: weather-forecast-dag.transform scheduled__2024-11-25T07:00:00+00:00 [running]> on host eebbb4b46189
[2024-11-25T16:30:09.048+0000] {taskinstance.py:2648} INFO - Exporting env vars: AIRFLOW_CTX_DAG_OWNER='Urbain ZE' AIRFLOW_CTX_DAG_ID='weather-forecast-dag' AIRFLOW_CTX_TASK_ID='transform' AIRFLOW_CTX_EXECUTION_DATE='2024-11-25T07:00:00+00:00' AIRFLOW_CTX_TRY_NUMBER='1' AIRFLOW_CTX_DAG_RUN_ID='scheduled__2024-11-25T07:00:00+00:00'
[2024-11-25T16:30:09.050+0000] {taskinstance.py:430} INFO - ::endgroup::
[2024-11-25T16:30:09.438+0000] {python.py:237} INFO - Done. Returned value was: None
[2024-11-25T16:30:09.439+0000] {taskinstance.py:441} INFO - ::group::Post task execution logs
[2024-11-25T16:30:09.454+0000] {taskinstance.py:1206} INFO - Marking task as SUCCESS. dag_id=weather-forecast-dag, task_id=transform, run_id=scheduled__2024-11-25T07:00:00+00:00, execution_date=20241125T070000, start_date=20241125T163008, end_date=20241125T163009
[2024-11-25T16:30:09.500+0000] {local_task_job_runner.py:240} INFO - Task exited with return code 0
[2024-11-25T16:30:09.537+0000] {taskinstance.py:3498} INFO - 1 downstream tasks scheduled from follow-on schedule check
[2024-11-25T16:30:09.542+0000] {local_task_job_runner.py:222} INFO - ::endgroup::
