[2024-11-25T13:34:33.125+0000] {local_task_job_runner.py:120} INFO - ::group::Pre task execution logs
[2024-11-25T13:34:33.176+0000] {taskinstance.py:2076} INFO - Dependencies all met for dep_context=non-requeueable deps ti=<TaskInstance: weather-forecast-dag.extract scheduled__2024-11-25T03:00:00+00:00 [queued]>
[2024-11-25T13:34:33.191+0000] {taskinstance.py:2076} INFO - Dependencies all met for dep_context=requeueable deps ti=<TaskInstance: weather-forecast-dag.extract scheduled__2024-11-25T03:00:00+00:00 [queued]>
[2024-11-25T13:34:33.193+0000] {taskinstance.py:2306} INFO - Starting attempt 1 of 2
[2024-11-25T13:34:33.223+0000] {taskinstance.py:2330} INFO - Executing <Task(PythonOperator): extract> on 2024-11-25 03:00:00+00:00
[2024-11-25T13:34:33.240+0000] {logging_mixin.py:188} WARNING - /home/airflow/.local/lib/python3.12/site-packages/airflow/task/task_runner/standard_task_runner.py:61 DeprecationWarning: This process (pid=185) is multi-threaded, use of fork() may lead to deadlocks in the child.
[2024-11-25T13:34:33.244+0000] {standard_task_runner.py:63} INFO - Started process 201 to run task
[2024-11-25T13:34:33.242+0000] {standard_task_runner.py:90} INFO - Running: ['airflow', 'tasks', 'run', 'weather-forecast-dag', 'extract', 'scheduled__2024-11-25T03:00:00+00:00', '--job-id', '6', '--raw', '--subdir', 'DAGS_FOLDER/weather_pipeline.py', '--cfg-path', '/tmp/tmpctii1h9t']
[2024-11-25T13:34:33.248+0000] {standard_task_runner.py:91} INFO - Job 6: Subtask extract
[2024-11-25T13:34:33.296+0000] {logging_mixin.py:188} WARNING - /home/airflow/.local/lib/python3.12/site-packages/airflow/settings.py:195 DeprecationWarning: The sql_alchemy_conn option in [core] has been moved to the sql_alchemy_conn option in [database] - the old setting has been used, but please update your config.
[2024-11-25T13:34:33.402+0000] {task_command.py:426} INFO - Running <TaskInstance: weather-forecast-dag.extract scheduled__2024-11-25T03:00:00+00:00 [running]> on host 8a6a192a668b
[2024-11-25T13:34:33.799+0000] {taskinstance.py:2648} INFO - Exporting env vars: AIRFLOW_CTX_DAG_OWNER='Urbain ZE' AIRFLOW_CTX_DAG_ID='weather-forecast-dag' AIRFLOW_CTX_TASK_ID='extract' AIRFLOW_CTX_EXECUTION_DATE='2024-11-25T03:00:00+00:00' AIRFLOW_CTX_TRY_NUMBER='1' AIRFLOW_CTX_DAG_RUN_ID='scheduled__2024-11-25T03:00:00+00:00'
[2024-11-25T13:34:33.800+0000] {taskinstance.py:430} INFO - ::endgroup::
[2024-11-25T13:34:35.163+0000] {python.py:237} INFO - Done. Returned value was: None
[2024-11-25T13:34:35.166+0000] {taskinstance.py:441} INFO - ::group::Post task execution logs
[2024-11-25T13:34:35.189+0000] {taskinstance.py:1206} INFO - Marking task as SUCCESS. dag_id=weather-forecast-dag, task_id=extract, run_id=scheduled__2024-11-25T03:00:00+00:00, execution_date=20241125T030000, start_date=20241125T133433, end_date=20241125T133435
[2024-11-25T13:34:35.282+0000] {local_task_job_runner.py:240} INFO - Task exited with return code 0
[2024-11-25T13:34:35.333+0000] {taskinstance.py:3498} INFO - 1 downstream tasks scheduled from follow-on schedule check
[2024-11-25T13:34:35.340+0000] {local_task_job_runner.py:222} INFO - ::endgroup::
[2024-11-25T13:48:18.887+0000] {local_task_job_runner.py:120} INFO - ::group::Pre task execution logs
[2024-11-25T13:48:18.924+0000] {taskinstance.py:2076} INFO - Dependencies all met for dep_context=non-requeueable deps ti=<TaskInstance: weather-forecast-dag.extract scheduled__2024-11-25T03:00:00+00:00 [queued]>
[2024-11-25T13:48:18.940+0000] {taskinstance.py:2076} INFO - Dependencies all met for dep_context=requeueable deps ti=<TaskInstance: weather-forecast-dag.extract scheduled__2024-11-25T03:00:00+00:00 [queued]>
[2024-11-25T13:48:18.941+0000] {taskinstance.py:2306} INFO - Starting attempt 1 of 2
[2024-11-25T13:48:19.032+0000] {taskinstance.py:2330} INFO - Executing <Task(PythonOperator): extract> on 2024-11-25 03:00:00+00:00
[2024-11-25T13:48:19.050+0000] {logging_mixin.py:188} WARNING - /home/airflow/.local/lib/python3.12/site-packages/airflow/task/task_runner/standard_task_runner.py:61 DeprecationWarning: This process (pid=189) is multi-threaded, use of fork() may lead to deadlocks in the child.
[2024-11-25T13:48:19.048+0000] {standard_task_runner.py:90} INFO - Running: ['airflow', 'tasks', 'run', 'weather-forecast-dag', 'extract', 'scheduled__2024-11-25T03:00:00+00:00', '--job-id', '5', '--raw', '--subdir', 'DAGS_FOLDER/weather_pipeline.py', '--cfg-path', '/tmp/tmpujrqk8lb']
[2024-11-25T13:48:19.053+0000] {standard_task_runner.py:63} INFO - Started process 205 to run task
[2024-11-25T13:48:19.053+0000] {standard_task_runner.py:91} INFO - Job 5: Subtask extract
[2024-11-25T13:48:19.078+0000] {logging_mixin.py:188} WARNING - /home/airflow/.local/lib/python3.12/site-packages/airflow/settings.py:195 DeprecationWarning: The sql_alchemy_conn option in [core] has been moved to the sql_alchemy_conn option in [database] - the old setting has been used, but please update your config.
[2024-11-25T13:48:19.159+0000] {task_command.py:426} INFO - Running <TaskInstance: weather-forecast-dag.extract scheduled__2024-11-25T03:00:00+00:00 [running]> on host 4f4780ae54ec
[2024-11-25T13:48:19.290+0000] {taskinstance.py:2648} INFO - Exporting env vars: AIRFLOW_CTX_DAG_OWNER='Urbain ZE' AIRFLOW_CTX_DAG_ID='weather-forecast-dag' AIRFLOW_CTX_TASK_ID='extract' AIRFLOW_CTX_EXECUTION_DATE='2024-11-25T03:00:00+00:00' AIRFLOW_CTX_TRY_NUMBER='1' AIRFLOW_CTX_DAG_RUN_ID='scheduled__2024-11-25T03:00:00+00:00'
[2024-11-25T13:48:19.294+0000] {taskinstance.py:430} INFO - ::endgroup::
[2024-11-25T13:48:20.001+0000] {python.py:237} INFO - Done. Returned value was: None
[2024-11-25T13:48:20.004+0000] {taskinstance.py:441} INFO - ::group::Post task execution logs
[2024-11-25T13:48:20.021+0000] {taskinstance.py:1206} INFO - Marking task as SUCCESS. dag_id=weather-forecast-dag, task_id=extract, run_id=scheduled__2024-11-25T03:00:00+00:00, execution_date=20241125T030000, start_date=20241125T134818, end_date=20241125T134820
[2024-11-25T13:48:20.113+0000] {local_task_job_runner.py:240} INFO - Task exited with return code 0
[2024-11-25T13:48:20.164+0000] {taskinstance.py:3498} INFO - 1 downstream tasks scheduled from follow-on schedule check
[2024-11-25T13:48:20.170+0000] {local_task_job_runner.py:222} INFO - ::endgroup::
[2024-11-25T16:19:17.104+0000] {local_task_job_runner.py:120} INFO - ::group::Pre task execution logs
[2024-11-25T16:19:17.135+0000] {taskinstance.py:2076} INFO - Dependencies all met for dep_context=non-requeueable deps ti=<TaskInstance: weather-forecast-dag.extract scheduled__2024-11-25T03:00:00+00:00 [queued]>
[2024-11-25T16:19:17.145+0000] {taskinstance.py:2076} INFO - Dependencies all met for dep_context=requeueable deps ti=<TaskInstance: weather-forecast-dag.extract scheduled__2024-11-25T03:00:00+00:00 [queued]>
[2024-11-25T16:19:17.146+0000] {taskinstance.py:2306} INFO - Starting attempt 1 of 2
[2024-11-25T16:19:17.167+0000] {taskinstance.py:2330} INFO - Executing <Task(PythonOperator): extract> on 2024-11-25 03:00:00+00:00
[2024-11-25T16:19:17.178+0000] {logging_mixin.py:188} WARNING - /home/airflow/.local/lib/python3.12/site-packages/airflow/task/task_runner/standard_task_runner.py:61 DeprecationWarning: This process (pid=213) is multi-threaded, use of fork() may lead to deadlocks in the child.
[2024-11-25T16:19:17.176+0000] {standard_task_runner.py:90} INFO - Running: ['airflow', 'tasks', 'run', 'weather-forecast-dag', 'extract', 'scheduled__2024-11-25T03:00:00+00:00', '--job-id', '5', '--raw', '--subdir', 'DAGS_FOLDER/weather_pipeline.py', '--cfg-path', '/tmp/tmpmbuc4bs_']
[2024-11-25T16:19:17.180+0000] {standard_task_runner.py:63} INFO - Started process 228 to run task
[2024-11-25T16:19:17.181+0000] {standard_task_runner.py:91} INFO - Job 5: Subtask extract
[2024-11-25T16:19:17.205+0000] {logging_mixin.py:188} WARNING - /home/airflow/.local/lib/python3.12/site-packages/airflow/settings.py:195 DeprecationWarning: The sql_alchemy_conn option in [core] has been moved to the sql_alchemy_conn option in [database] - the old setting has been used, but please update your config.
[2024-11-25T16:19:17.272+0000] {task_command.py:426} INFO - Running <TaskInstance: weather-forecast-dag.extract scheduled__2024-11-25T03:00:00+00:00 [running]> on host 9c7ea2cc0f0f
[2024-11-25T16:19:17.398+0000] {taskinstance.py:2648} INFO - Exporting env vars: AIRFLOW_CTX_DAG_OWNER='Urbain ZE' AIRFLOW_CTX_DAG_ID='weather-forecast-dag' AIRFLOW_CTX_TASK_ID='extract' AIRFLOW_CTX_EXECUTION_DATE='2024-11-25T03:00:00+00:00' AIRFLOW_CTX_TRY_NUMBER='1' AIRFLOW_CTX_DAG_RUN_ID='scheduled__2024-11-25T03:00:00+00:00'
[2024-11-25T16:19:17.402+0000] {taskinstance.py:430} INFO - ::endgroup::
[2024-11-25T16:19:18.217+0000] {python.py:237} INFO - Done. Returned value was: None
[2024-11-25T16:19:18.219+0000] {taskinstance.py:441} INFO - ::group::Post task execution logs
[2024-11-25T16:19:18.244+0000] {taskinstance.py:1206} INFO - Marking task as SUCCESS. dag_id=weather-forecast-dag, task_id=extract, run_id=scheduled__2024-11-25T03:00:00+00:00, execution_date=20241125T030000, start_date=20241125T161917, end_date=20241125T161918
[2024-11-25T16:19:18.441+0000] {local_task_job_runner.py:240} INFO - Task exited with return code 0
[2024-11-25T16:19:18.487+0000] {taskinstance.py:3498} INFO - 1 downstream tasks scheduled from follow-on schedule check
[2024-11-25T16:19:18.500+0000] {local_task_job_runner.py:222} INFO - ::endgroup::
[2024-11-25T16:30:05.035+0000] {local_task_job_runner.py:120} INFO - ::group::Pre task execution logs
[2024-11-25T16:30:05.075+0000] {taskinstance.py:2076} INFO - Dependencies all met for dep_context=non-requeueable deps ti=<TaskInstance: weather-forecast-dag.extract scheduled__2024-11-25T03:00:00+00:00 [queued]>
[2024-11-25T16:30:05.083+0000] {taskinstance.py:2076} INFO - Dependencies all met for dep_context=requeueable deps ti=<TaskInstance: weather-forecast-dag.extract scheduled__2024-11-25T03:00:00+00:00 [queued]>
[2024-11-25T16:30:05.084+0000] {taskinstance.py:2306} INFO - Starting attempt 1 of 2
[2024-11-25T16:30:05.114+0000] {taskinstance.py:2330} INFO - Executing <Task(PythonOperator): extract> on 2024-11-25 03:00:00+00:00
[2024-11-25T16:30:05.129+0000] {logging_mixin.py:188} WARNING - /home/airflow/.local/lib/python3.12/site-packages/airflow/task/task_runner/standard_task_runner.py:61 DeprecationWarning: This process (pid=190) is multi-threaded, use of fork() may lead to deadlocks in the child.
[2024-11-25T16:30:05.127+0000] {standard_task_runner.py:90} INFO - Running: ['airflow', 'tasks', 'run', 'weather-forecast-dag', 'extract', 'scheduled__2024-11-25T03:00:00+00:00', '--job-id', '5', '--raw', '--subdir', 'DAGS_FOLDER/weather_pipeline.py', '--cfg-path', '/tmp/tmpvp7_jmoy']
[2024-11-25T16:30:05.131+0000] {standard_task_runner.py:63} INFO - Started process 203 to run task
[2024-11-25T16:30:05.132+0000] {standard_task_runner.py:91} INFO - Job 5: Subtask extract
[2024-11-25T16:30:05.156+0000] {logging_mixin.py:188} WARNING - /home/airflow/.local/lib/python3.12/site-packages/airflow/settings.py:195 DeprecationWarning: The sql_alchemy_conn option in [core] has been moved to the sql_alchemy_conn option in [database] - the old setting has been used, but please update your config.
[2024-11-25T16:30:05.215+0000] {task_command.py:426} INFO - Running <TaskInstance: weather-forecast-dag.extract scheduled__2024-11-25T03:00:00+00:00 [running]> on host eebbb4b46189
[2024-11-25T16:30:05.340+0000] {taskinstance.py:2648} INFO - Exporting env vars: AIRFLOW_CTX_DAG_OWNER='Urbain ZE' AIRFLOW_CTX_DAG_ID='weather-forecast-dag' AIRFLOW_CTX_TASK_ID='extract' AIRFLOW_CTX_EXECUTION_DATE='2024-11-25T03:00:00+00:00' AIRFLOW_CTX_TRY_NUMBER='1' AIRFLOW_CTX_DAG_RUN_ID='scheduled__2024-11-25T03:00:00+00:00'
[2024-11-25T16:30:05.342+0000] {taskinstance.py:430} INFO - ::endgroup::
[2024-11-25T16:30:06.030+0000] {python.py:237} INFO - Done. Returned value was: None
[2024-11-25T16:30:06.033+0000] {taskinstance.py:441} INFO - ::group::Post task execution logs
[2024-11-25T16:30:06.049+0000] {taskinstance.py:1206} INFO - Marking task as SUCCESS. dag_id=weather-forecast-dag, task_id=extract, run_id=scheduled__2024-11-25T03:00:00+00:00, execution_date=20241125T030000, start_date=20241125T163005, end_date=20241125T163006
[2024-11-25T16:30:06.150+0000] {local_task_job_runner.py:240} INFO - Task exited with return code 0
[2024-11-25T16:30:06.192+0000] {taskinstance.py:3498} INFO - 1 downstream tasks scheduled from follow-on schedule check
[2024-11-25T16:30:06.202+0000] {local_task_job_runner.py:222} INFO - ::endgroup::
