[2024-11-25T13:34:35.611+0000] {local_task_job_runner.py:120} INFO - ::group::Pre task execution logs
[2024-11-25T13:34:35.660+0000] {taskinstance.py:2076} INFO - Dependencies all met for dep_context=non-requeueable deps ti=<TaskInstance: weather-forecast-dag.extract scheduled__2024-11-25T12:00:00+00:00 [queued]>
[2024-11-25T13:34:35.675+0000] {taskinstance.py:2076} INFO - Dependencies all met for dep_context=requeueable deps ti=<TaskInstance: weather-forecast-dag.extract scheduled__2024-11-25T12:00:00+00:00 [queued]>
[2024-11-25T13:34:35.676+0000] {taskinstance.py:2306} INFO - Starting attempt 1 of 2
[2024-11-25T13:34:35.699+0000] {taskinstance.py:2330} INFO - Executing <Task(PythonOperator): extract> on 2024-11-25 12:00:00+00:00
[2024-11-25T13:34:35.713+0000] {logging_mixin.py:188} WARNING - /home/airflow/.local/lib/python3.12/site-packages/airflow/task/task_runner/standard_task_runner.py:61 DeprecationWarning: This process (pid=210) is multi-threaded, use of fork() may lead to deadlocks in the child.
[2024-11-25T13:34:35.716+0000] {standard_task_runner.py:63} INFO - Started process 225 to run task
[2024-11-25T13:34:35.714+0000] {standard_task_runner.py:90} INFO - Running: ['airflow', 'tasks', 'run', 'weather-forecast-dag', 'extract', 'scheduled__2024-11-25T12:00:00+00:00', '--job-id', '15', '--raw', '--subdir', 'DAGS_FOLDER/weather_pipeline.py', '--cfg-path', '/tmp/tmpoqcuungc']
[2024-11-25T13:34:35.719+0000] {standard_task_runner.py:91} INFO - Job 15: Subtask extract
[2024-11-25T13:34:35.749+0000] {logging_mixin.py:188} WARNING - /home/airflow/.local/lib/python3.12/site-packages/airflow/settings.py:195 DeprecationWarning: The sql_alchemy_conn option in [core] has been moved to the sql_alchemy_conn option in [database] - the old setting has been used, but please update your config.
[2024-11-25T13:34:35.827+0000] {task_command.py:426} INFO - Running <TaskInstance: weather-forecast-dag.extract scheduled__2024-11-25T12:00:00+00:00 [running]> on host 8a6a192a668b
[2024-11-25T13:34:36.027+0000] {taskinstance.py:2648} INFO - Exporting env vars: AIRFLOW_CTX_DAG_OWNER='Urbain ZE' AIRFLOW_CTX_DAG_ID='weather-forecast-dag' AIRFLOW_CTX_TASK_ID='extract' AIRFLOW_CTX_EXECUTION_DATE='2024-11-25T12:00:00+00:00' AIRFLOW_CTX_TRY_NUMBER='1' AIRFLOW_CTX_DAG_RUN_ID='scheduled__2024-11-25T12:00:00+00:00'
[2024-11-25T13:34:36.030+0000] {taskinstance.py:430} INFO - ::endgroup::
[2024-11-25T13:34:38.014+0000] {python.py:237} INFO - Done. Returned value was: None
[2024-11-25T13:34:38.017+0000] {taskinstance.py:441} INFO - ::group::Post task execution logs
[2024-11-25T13:34:38.039+0000] {taskinstance.py:1206} INFO - Marking task as SUCCESS. dag_id=weather-forecast-dag, task_id=extract, run_id=scheduled__2024-11-25T12:00:00+00:00, execution_date=20241125T120000, start_date=20241125T133435, end_date=20241125T133438
[2024-11-25T13:34:38.304+0000] {local_task_job_runner.py:240} INFO - Task exited with return code 0
[2024-11-25T13:34:38.340+0000] {local_task_job_runner.py:222} INFO - ::endgroup::
[2024-11-25T13:48:20.768+0000] {local_task_job_runner.py:120} INFO - ::group::Pre task execution logs
[2024-11-25T13:48:20.814+0000] {taskinstance.py:2076} INFO - Dependencies all met for dep_context=non-requeueable deps ti=<TaskInstance: weather-forecast-dag.extract scheduled__2024-11-25T12:00:00+00:00 [queued]>
[2024-11-25T13:48:20.826+0000] {taskinstance.py:2076} INFO - Dependencies all met for dep_context=requeueable deps ti=<TaskInstance: weather-forecast-dag.extract scheduled__2024-11-25T12:00:00+00:00 [queued]>
[2024-11-25T13:48:20.827+0000] {taskinstance.py:2306} INFO - Starting attempt 1 of 2
[2024-11-25T13:48:20.852+0000] {taskinstance.py:2330} INFO - Executing <Task(PythonOperator): extract> on 2024-11-25 12:00:00+00:00
[2024-11-25T13:48:20.867+0000] {logging_mixin.py:188} WARNING - /home/airflow/.local/lib/python3.12/site-packages/airflow/task/task_runner/standard_task_runner.py:61 DeprecationWarning: This process (pid=216) is multi-threaded, use of fork() may lead to deadlocks in the child.
[2024-11-25T13:48:20.869+0000] {standard_task_runner.py:63} INFO - Started process 234 to run task
[2024-11-25T13:48:20.868+0000] {standard_task_runner.py:90} INFO - Running: ['airflow', 'tasks', 'run', 'weather-forecast-dag', 'extract', 'scheduled__2024-11-25T12:00:00+00:00', '--job-id', '14', '--raw', '--subdir', 'DAGS_FOLDER/weather_pipeline.py', '--cfg-path', '/tmp/tmpkpeu4n80']
[2024-11-25T13:48:20.873+0000] {standard_task_runner.py:91} INFO - Job 14: Subtask extract
[2024-11-25T13:48:20.913+0000] {logging_mixin.py:188} WARNING - /home/airflow/.local/lib/python3.12/site-packages/airflow/settings.py:195 DeprecationWarning: The sql_alchemy_conn option in [core] has been moved to the sql_alchemy_conn option in [database] - the old setting has been used, but please update your config.
[2024-11-25T13:48:20.975+0000] {task_command.py:426} INFO - Running <TaskInstance: weather-forecast-dag.extract scheduled__2024-11-25T12:00:00+00:00 [running]> on host 4f4780ae54ec
[2024-11-25T13:48:21.079+0000] {taskinstance.py:2648} INFO - Exporting env vars: AIRFLOW_CTX_DAG_OWNER='Urbain ZE' AIRFLOW_CTX_DAG_ID='weather-forecast-dag' AIRFLOW_CTX_TASK_ID='extract' AIRFLOW_CTX_EXECUTION_DATE='2024-11-25T12:00:00+00:00' AIRFLOW_CTX_TRY_NUMBER='1' AIRFLOW_CTX_DAG_RUN_ID='scheduled__2024-11-25T12:00:00+00:00'
[2024-11-25T13:48:21.081+0000] {taskinstance.py:430} INFO - ::endgroup::
[2024-11-25T13:48:22.228+0000] {python.py:237} INFO - Done. Returned value was: None
[2024-11-25T13:48:22.230+0000] {taskinstance.py:441} INFO - ::group::Post task execution logs
[2024-11-25T13:48:22.243+0000] {taskinstance.py:1206} INFO - Marking task as SUCCESS. dag_id=weather-forecast-dag, task_id=extract, run_id=scheduled__2024-11-25T12:00:00+00:00, execution_date=20241125T120000, start_date=20241125T134820, end_date=20241125T134822
[2024-11-25T13:48:22.331+0000] {local_task_job_runner.py:240} INFO - Task exited with return code 0
[2024-11-25T13:48:22.382+0000] {taskinstance.py:3498} INFO - 1 downstream tasks scheduled from follow-on schedule check
[2024-11-25T13:48:22.391+0000] {local_task_job_runner.py:222} INFO - ::endgroup::
[2024-11-25T16:19:19.094+0000] {local_task_job_runner.py:120} INFO - ::group::Pre task execution logs
[2024-11-25T16:19:19.154+0000] {taskinstance.py:2076} INFO - Dependencies all met for dep_context=non-requeueable deps ti=<TaskInstance: weather-forecast-dag.extract scheduled__2024-11-25T12:00:00+00:00 [queued]>
[2024-11-25T16:19:19.171+0000] {taskinstance.py:2076} INFO - Dependencies all met for dep_context=requeueable deps ti=<TaskInstance: weather-forecast-dag.extract scheduled__2024-11-25T12:00:00+00:00 [queued]>
[2024-11-25T16:19:19.172+0000] {taskinstance.py:2306} INFO - Starting attempt 1 of 2
[2024-11-25T16:19:19.243+0000] {taskinstance.py:2330} INFO - Executing <Task(PythonOperator): extract> on 2024-11-25 12:00:00+00:00
[2024-11-25T16:19:19.254+0000] {logging_mixin.py:188} WARNING - /home/airflow/.local/lib/python3.12/site-packages/airflow/task/task_runner/standard_task_runner.py:61 DeprecationWarning: This process (pid=240) is multi-threaded, use of fork() may lead to deadlocks in the child.
[2024-11-25T16:19:19.256+0000] {standard_task_runner.py:63} INFO - Started process 258 to run task
[2024-11-25T16:19:19.255+0000] {standard_task_runner.py:90} INFO - Running: ['airflow', 'tasks', 'run', 'weather-forecast-dag', 'extract', 'scheduled__2024-11-25T12:00:00+00:00', '--job-id', '14', '--raw', '--subdir', 'DAGS_FOLDER/weather_pipeline.py', '--cfg-path', '/tmp/tmpudenatk7']
[2024-11-25T16:19:19.258+0000] {standard_task_runner.py:91} INFO - Job 14: Subtask extract
[2024-11-25T16:19:19.324+0000] {logging_mixin.py:188} WARNING - /home/airflow/.local/lib/python3.12/site-packages/airflow/settings.py:195 DeprecationWarning: The sql_alchemy_conn option in [core] has been moved to the sql_alchemy_conn option in [database] - the old setting has been used, but please update your config.
[2024-11-25T16:19:19.361+0000] {task_command.py:426} INFO - Running <TaskInstance: weather-forecast-dag.extract scheduled__2024-11-25T12:00:00+00:00 [running]> on host 9c7ea2cc0f0f
[2024-11-25T16:19:19.598+0000] {taskinstance.py:2648} INFO - Exporting env vars: AIRFLOW_CTX_DAG_OWNER='Urbain ZE' AIRFLOW_CTX_DAG_ID='weather-forecast-dag' AIRFLOW_CTX_TASK_ID='extract' AIRFLOW_CTX_EXECUTION_DATE='2024-11-25T12:00:00+00:00' AIRFLOW_CTX_TRY_NUMBER='1' AIRFLOW_CTX_DAG_RUN_ID='scheduled__2024-11-25T12:00:00+00:00'
[2024-11-25T16:19:19.600+0000] {taskinstance.py:430} INFO - ::endgroup::
[2024-11-25T16:19:20.559+0000] {python.py:237} INFO - Done. Returned value was: None
[2024-11-25T16:19:20.561+0000] {taskinstance.py:441} INFO - ::group::Post task execution logs
[2024-11-25T16:19:20.573+0000] {taskinstance.py:1206} INFO - Marking task as SUCCESS. dag_id=weather-forecast-dag, task_id=extract, run_id=scheduled__2024-11-25T12:00:00+00:00, execution_date=20241125T120000, start_date=20241125T161919, end_date=20241125T161920
[2024-11-25T16:19:20.679+0000] {local_task_job_runner.py:240} INFO - Task exited with return code 0
[2024-11-25T16:19:20.704+0000] {taskinstance.py:3498} INFO - 1 downstream tasks scheduled from follow-on schedule check
[2024-11-25T16:19:20.962+0000] {local_task_job_runner.py:222} INFO - ::endgroup::
[2024-11-25T16:30:06.633+0000] {local_task_job_runner.py:120} INFO - ::group::Pre task execution logs
[2024-11-25T16:30:06.667+0000] {taskinstance.py:2076} INFO - Dependencies all met for dep_context=non-requeueable deps ti=<TaskInstance: weather-forecast-dag.extract scheduled__2024-11-25T12:00:00+00:00 [queued]>
[2024-11-25T16:30:06.681+0000] {taskinstance.py:2076} INFO - Dependencies all met for dep_context=requeueable deps ti=<TaskInstance: weather-forecast-dag.extract scheduled__2024-11-25T12:00:00+00:00 [queued]>
[2024-11-25T16:30:06.682+0000] {taskinstance.py:2306} INFO - Starting attempt 1 of 2
[2024-11-25T16:30:06.717+0000] {taskinstance.py:2330} INFO - Executing <Task(PythonOperator): extract> on 2024-11-25 12:00:00+00:00
[2024-11-25T16:30:06.735+0000] {logging_mixin.py:188} WARNING - /home/airflow/.local/lib/python3.12/site-packages/airflow/task/task_runner/standard_task_runner.py:61 DeprecationWarning: This process (pid=217) is multi-threaded, use of fork() may lead to deadlocks in the child.
[2024-11-25T16:30:06.738+0000] {standard_task_runner.py:63} INFO - Started process 238 to run task
[2024-11-25T16:30:06.736+0000] {standard_task_runner.py:90} INFO - Running: ['airflow', 'tasks', 'run', 'weather-forecast-dag', 'extract', 'scheduled__2024-11-25T12:00:00+00:00', '--job-id', '15', '--raw', '--subdir', 'DAGS_FOLDER/weather_pipeline.py', '--cfg-path', '/tmp/tmp763u46z5']
[2024-11-25T16:30:06.740+0000] {standard_task_runner.py:91} INFO - Job 15: Subtask extract
[2024-11-25T16:30:06.792+0000] {logging_mixin.py:188} WARNING - /home/airflow/.local/lib/python3.12/site-packages/airflow/settings.py:195 DeprecationWarning: The sql_alchemy_conn option in [core] has been moved to the sql_alchemy_conn option in [database] - the old setting has been used, but please update your config.
[2024-11-25T16:30:06.869+0000] {task_command.py:426} INFO - Running <TaskInstance: weather-forecast-dag.extract scheduled__2024-11-25T12:00:00+00:00 [running]> on host eebbb4b46189
[2024-11-25T16:30:07.669+0000] {taskinstance.py:2648} INFO - Exporting env vars: AIRFLOW_CTX_DAG_OWNER='Urbain ZE' AIRFLOW_CTX_DAG_ID='weather-forecast-dag' AIRFLOW_CTX_TASK_ID='extract' AIRFLOW_CTX_EXECUTION_DATE='2024-11-25T12:00:00+00:00' AIRFLOW_CTX_TRY_NUMBER='1' AIRFLOW_CTX_DAG_RUN_ID='scheduled__2024-11-25T12:00:00+00:00'
[2024-11-25T16:30:07.670+0000] {taskinstance.py:430} INFO - ::endgroup::
[2024-11-25T16:30:08.573+0000] {python.py:237} INFO - Done. Returned value was: None
[2024-11-25T16:30:08.576+0000] {taskinstance.py:441} INFO - ::group::Post task execution logs
[2024-11-25T16:30:08.591+0000] {taskinstance.py:1206} INFO - Marking task as SUCCESS. dag_id=weather-forecast-dag, task_id=extract, run_id=scheduled__2024-11-25T12:00:00+00:00, execution_date=20241125T120000, start_date=20241125T163006, end_date=20241125T163008
[2024-11-25T16:30:08.643+0000] {local_task_job_runner.py:240} INFO - Task exited with return code 0
[2024-11-25T16:30:08.682+0000] {taskinstance.py:3498} INFO - 1 downstream tasks scheduled from follow-on schedule check
[2024-11-25T16:30:08.687+0000] {local_task_job_runner.py:222} INFO - ::endgroup::
