[2024-11-25T16:00:00.520+0000] {local_task_job_runner.py:120} INFO - ::group::Pre task execution logs
[2024-11-25T16:00:00.539+0000] {taskinstance.py:2076} INFO - Dependencies all met for dep_context=non-requeueable deps ti=<TaskInstance: weather-forecast-dag.extract scheduled__2024-11-25T15:00:00+00:00 [queued]>
[2024-11-25T16:00:00.545+0000] {taskinstance.py:2076} INFO - Dependencies all met for dep_context=requeueable deps ti=<TaskInstance: weather-forecast-dag.extract scheduled__2024-11-25T15:00:00+00:00 [queued]>
[2024-11-25T16:00:00.546+0000] {taskinstance.py:2306} INFO - Starting attempt 1 of 2
[2024-11-25T16:00:00.556+0000] {taskinstance.py:2330} INFO - Executing <Task(PythonOperator): extract> on 2024-11-25 15:00:00+00:00
[2024-11-25T16:00:00.561+0000] {logging_mixin.py:188} WARNING - /home/airflow/.local/lib/python3.12/site-packages/airflow/task/task_runner/standard_task_runner.py:61 DeprecationWarning: This process (pid=298) is multi-threaded, use of fork() may lead to deadlocks in the child.
[2024-11-25T16:00:00.562+0000] {standard_task_runner.py:63} INFO - Started process 300 to run task
[2024-11-25T16:00:00.561+0000] {standard_task_runner.py:90} INFO - Running: ['airflow', 'tasks', 'run', 'weather-forecast-dag', 'extract', 'scheduled__2024-11-25T15:00:00+00:00', '--job-id', '51', '--raw', '--subdir', 'DAGS_FOLDER/weather_pipeline.py', '--cfg-path', '/tmp/tmp8ykgqsh2']
[2024-11-25T16:00:00.563+0000] {standard_task_runner.py:91} INFO - Job 51: Subtask extract
[2024-11-25T16:00:00.576+0000] {logging_mixin.py:188} WARNING - /home/airflow/.local/lib/python3.12/site-packages/airflow/settings.py:195 DeprecationWarning: The sql_alchemy_conn option in [core] has been moved to the sql_alchemy_conn option in [database] - the old setting has been used, but please update your config.
[2024-11-25T16:00:00.603+0000] {task_command.py:426} INFO - Running <TaskInstance: weather-forecast-dag.extract scheduled__2024-11-25T15:00:00+00:00 [running]> on host 587a89e55935
[2024-11-25T16:00:00.670+0000] {taskinstance.py:2648} INFO - Exporting env vars: AIRFLOW_CTX_DAG_OWNER='Urbain ZE' AIRFLOW_CTX_DAG_ID='weather-forecast-dag' AIRFLOW_CTX_TASK_ID='extract' AIRFLOW_CTX_EXECUTION_DATE='2024-11-25T15:00:00+00:00' AIRFLOW_CTX_TRY_NUMBER='1' AIRFLOW_CTX_DAG_RUN_ID='scheduled__2024-11-25T15:00:00+00:00'
[2024-11-25T16:00:00.671+0000] {taskinstance.py:430} INFO - ::endgroup::
[2024-11-25T16:00:01.839+0000] {python.py:237} INFO - Done. Returned value was: None
[2024-11-25T16:00:01.840+0000] {taskinstance.py:441} INFO - ::group::Post task execution logs
[2024-11-25T16:00:01.848+0000] {taskinstance.py:1206} INFO - Marking task as SUCCESS. dag_id=weather-forecast-dag, task_id=extract, run_id=scheduled__2024-11-25T15:00:00+00:00, execution_date=20241125T150000, start_date=20241125T160000, end_date=20241125T160001
[2024-11-25T16:00:01.901+0000] {local_task_job_runner.py:240} INFO - Task exited with return code 0
[2024-11-25T16:00:01.922+0000] {taskinstance.py:3498} INFO - 1 downstream tasks scheduled from follow-on schedule check
[2024-11-25T16:00:01.927+0000] {local_task_job_runner.py:222} INFO - ::endgroup::
[2024-11-25T16:19:20.550+0000] {local_task_job_runner.py:120} INFO - ::group::Pre task execution logs
[2024-11-25T16:19:20.617+0000] {taskinstance.py:2076} INFO - Dependencies all met for dep_context=non-requeueable deps ti=<TaskInstance: weather-forecast-dag.extract scheduled__2024-11-25T15:00:00+00:00 [queued]>
[2024-11-25T16:19:20.630+0000] {taskinstance.py:2076} INFO - Dependencies all met for dep_context=requeueable deps ti=<TaskInstance: weather-forecast-dag.extract scheduled__2024-11-25T15:00:00+00:00 [queued]>
[2024-11-25T16:19:20.631+0000] {taskinstance.py:2306} INFO - Starting attempt 1 of 2
[2024-11-25T16:19:20.959+0000] {taskinstance.py:2330} INFO - Executing <Task(PythonOperator): extract> on 2024-11-25 15:00:00+00:00
[2024-11-25T16:19:20.980+0000] {logging_mixin.py:188} WARNING - /home/airflow/.local/lib/python3.12/site-packages/airflow/task/task_runner/standard_task_runner.py:61 DeprecationWarning: This process (pid=263) is multi-threaded, use of fork() may lead to deadlocks in the child.
[2024-11-25T16:19:20.983+0000] {standard_task_runner.py:63} INFO - Started process 283 to run task
[2024-11-25T16:19:20.981+0000] {standard_task_runner.py:90} INFO - Running: ['airflow', 'tasks', 'run', 'weather-forecast-dag', 'extract', 'scheduled__2024-11-25T15:00:00+00:00', '--job-id', '24', '--raw', '--subdir', 'DAGS_FOLDER/weather_pipeline.py', '--cfg-path', '/tmp/tmppigs8jox']
[2024-11-25T16:19:20.985+0000] {standard_task_runner.py:91} INFO - Job 24: Subtask extract
[2024-11-25T16:19:21.065+0000] {logging_mixin.py:188} WARNING - /home/airflow/.local/lib/python3.12/site-packages/airflow/settings.py:195 DeprecationWarning: The sql_alchemy_conn option in [core] has been moved to the sql_alchemy_conn option in [database] - the old setting has been used, but please update your config.
[2024-11-25T16:19:21.128+0000] {task_command.py:426} INFO - Running <TaskInstance: weather-forecast-dag.extract scheduled__2024-11-25T15:00:00+00:00 [running]> on host 9c7ea2cc0f0f
[2024-11-25T16:19:21.374+0000] {taskinstance.py:2648} INFO - Exporting env vars: AIRFLOW_CTX_DAG_OWNER='Urbain ZE' AIRFLOW_CTX_DAG_ID='weather-forecast-dag' AIRFLOW_CTX_TASK_ID='extract' AIRFLOW_CTX_EXECUTION_DATE='2024-11-25T15:00:00+00:00' AIRFLOW_CTX_TRY_NUMBER='1' AIRFLOW_CTX_DAG_RUN_ID='scheduled__2024-11-25T15:00:00+00:00'
[2024-11-25T16:19:21.376+0000] {taskinstance.py:430} INFO - ::endgroup::
[2024-11-25T16:19:22.738+0000] {python.py:237} INFO - Done. Returned value was: None
[2024-11-25T16:19:22.747+0000] {taskinstance.py:441} INFO - ::group::Post task execution logs
[2024-11-25T16:19:22.769+0000] {taskinstance.py:1206} INFO - Marking task as SUCCESS. dag_id=weather-forecast-dag, task_id=extract, run_id=scheduled__2024-11-25T15:00:00+00:00, execution_date=20241125T150000, start_date=20241125T161920, end_date=20241125T161922
[2024-11-25T16:19:22.979+0000] {local_task_job_runner.py:240} INFO - Task exited with return code 0
[2024-11-25T16:19:23.046+0000] {taskinstance.py:3498} INFO - 1 downstream tasks scheduled from follow-on schedule check
[2024-11-25T16:19:23.056+0000] {local_task_job_runner.py:222} INFO - ::endgroup::
[2024-11-25T16:30:07.507+0000] {local_task_job_runner.py:120} INFO - ::group::Pre task execution logs
[2024-11-25T16:30:07.537+0000] {taskinstance.py:2076} INFO - Dependencies all met for dep_context=non-requeueable deps ti=<TaskInstance: weather-forecast-dag.extract scheduled__2024-11-25T15:00:00+00:00 [queued]>
[2024-11-25T16:30:07.546+0000] {taskinstance.py:2076} INFO - Dependencies all met for dep_context=requeueable deps ti=<TaskInstance: weather-forecast-dag.extract scheduled__2024-11-25T15:00:00+00:00 [queued]>
[2024-11-25T16:30:07.547+0000] {taskinstance.py:2306} INFO - Starting attempt 1 of 2
[2024-11-25T16:30:07.754+0000] {taskinstance.py:2330} INFO - Executing <Task(PythonOperator): extract> on 2024-11-25 15:00:00+00:00
[2024-11-25T16:30:07.768+0000] {logging_mixin.py:188} WARNING - /home/airflow/.local/lib/python3.12/site-packages/airflow/task/task_runner/standard_task_runner.py:61 DeprecationWarning: This process (pid=234) is multi-threaded, use of fork() may lead to deadlocks in the child.
[2024-11-25T16:30:07.775+0000] {standard_task_runner.py:63} INFO - Started process 248 to run task
[2024-11-25T16:30:07.770+0000] {standard_task_runner.py:90} INFO - Running: ['airflow', 'tasks', 'run', 'weather-forecast-dag', 'extract', 'scheduled__2024-11-25T15:00:00+00:00', '--job-id', '21', '--raw', '--subdir', 'DAGS_FOLDER/weather_pipeline.py', '--cfg-path', '/tmp/tmpc39o5vn5']
[2024-11-25T16:30:07.782+0000] {standard_task_runner.py:91} INFO - Job 21: Subtask extract
[2024-11-25T16:30:07.815+0000] {logging_mixin.py:188} WARNING - /home/airflow/.local/lib/python3.12/site-packages/airflow/settings.py:195 DeprecationWarning: The sql_alchemy_conn option in [core] has been moved to the sql_alchemy_conn option in [database] - the old setting has been used, but please update your config.
[2024-11-25T16:30:07.894+0000] {task_command.py:426} INFO - Running <TaskInstance: weather-forecast-dag.extract scheduled__2024-11-25T15:00:00+00:00 [running]> on host eebbb4b46189
[2024-11-25T16:30:08.042+0000] {taskinstance.py:2648} INFO - Exporting env vars: AIRFLOW_CTX_DAG_OWNER='Urbain ZE' AIRFLOW_CTX_DAG_ID='weather-forecast-dag' AIRFLOW_CTX_TASK_ID='extract' AIRFLOW_CTX_EXECUTION_DATE='2024-11-25T15:00:00+00:00' AIRFLOW_CTX_TRY_NUMBER='1' AIRFLOW_CTX_DAG_RUN_ID='scheduled__2024-11-25T15:00:00+00:00'
[2024-11-25T16:30:08.044+0000] {taskinstance.py:430} INFO - ::endgroup::
[2024-11-25T16:30:08.876+0000] {python.py:237} INFO - Done. Returned value was: None
[2024-11-25T16:30:08.877+0000] {taskinstance.py:441} INFO - ::group::Post task execution logs
[2024-11-25T16:30:08.890+0000] {taskinstance.py:1206} INFO - Marking task as SUCCESS. dag_id=weather-forecast-dag, task_id=extract, run_id=scheduled__2024-11-25T15:00:00+00:00, execution_date=20241125T150000, start_date=20241125T163007, end_date=20241125T163008
[2024-11-25T16:30:08.963+0000] {local_task_job_runner.py:240} INFO - Task exited with return code 0
[2024-11-25T16:30:09.005+0000] {taskinstance.py:3498} INFO - 1 downstream tasks scheduled from follow-on schedule check
[2024-11-25T16:30:09.012+0000] {local_task_job_runner.py:222} INFO - ::endgroup::
